#
# There is insufficient memory for the Java Runtime Environment to continue.
# Native memory allocation (malloc) failed to allocate 14680064 bytes for committing reserved memory.
# Possible reasons:
#   The system is out of physical RAM or swap space
#   In 32 bit mode, the process size limit was hit
# Possible solutions:
#   Reduce memory load on the system
#   Increase physical memory or swap space
#   Check if swap backing store is full
#   Use 64 bit Java on a 64 bit OS
#   Decrease Java heap size (-Xmx/-Xms)
#   Decrease number of Java threads
#   Decrease Java thread stack sizes (-Xss)
#   Set larger code cache with -XX:ReservedCodeCacheSize=
# This output file may be truncated or incomplete.
#
#  Out of Memory Error (os_linux.cpp:2809), pid=5191, tid=140678635054848
#
# JRE version: OpenJDK Runtime Environment (7.0_79-b14) (build 1.7.0_79-b14)
# Java VM: OpenJDK 64-Bit Server VM (24.79-b02 mixed mode linux-amd64 compressed oops)
# Derivative: IcedTea 2.5.5
# Distribution: Custom build (Wed Apr 15 12:39:15 UTC 2015)
# Failed to write core dump. Core dumps have been disabled. To enable core dumping, try "ulimit -c unlimited" before starting Java again
#

---------------  T H R E A D  ---------------

Current thread (0x00007ff24806f800):  VMThread [stack: 0x00007ff24c01e000,0x00007ff24c11f000] [id=5198]

Stack: [0x00007ff24c01e000,0x00007ff24c11f000],  sp=0x00007ff24c11d530,  free space=1021k
Native frames: (J=compiled Java code, j=interpreted, Vv=VM code, C=native code)
V  [libjvm.so+0x9888a6]
V  [libjvm.so+0x48eff2]
V  [libjvm.so+0x7fbf2b]
V  [libjvm.so+0x7f667e]
V  [libjvm.so+0x868ecb]
V  [libjvm.so+0x869d73]
V  [libjvm.so+0x86a48b]
V  [libjvm.so+0x865e99]
V  [libjvm.so+0x866678]
V  [libjvm.so+0x98a0d5]
V  [libjvm.so+0x98ea07]
V  [libjvm.so+0x98cfeb]
V  [libjvm.so+0x98d696]
V  [libjvm.so+0x98db61]
V  [libjvm.so+0x7f8e72]

VM_Operation (0x00007ff20435fe70): ParallelGCSystemGC, mode: safepoint, requested by thread 0x00007ff200004000


---------------  P R O C E S S  ---------------

Java Threads: ( => current thread )
  0x00007ff200004000 JavaThread "AWT-EventQueue-0" [_thread_blocked, id=5225, stack(0x00007ff204263000,0x00007ff204364000)]
  0x00007ff200003800 JavaThread "AWT-Shutdown" [_thread_blocked, id=5224, stack(0x00007ff215759000,0x00007ff21585a000)]
  0x00007ff24874c000 JavaThread "main-FPSAWTAnimator#00-Timer0" [_thread_blocked, id=5223, stack(0x00007ff214e4d000,0x00007ff214f4e000)]
  0x00007ff248525800 JavaThread "main-SharedResourceRunner" daemon [_thread_blocked, id=5222, stack(0x00007ff205b4a000,0x00007ff205c4b000)]
  0x00007ff248506000 JavaThread "main-SharedResourceRunner" daemon [_thread_blocked, id=5221, stack(0x00007ff21405f000,0x00007ff214160000)]
  0x00007ff2482d4800 JavaThread "process reaper" daemon [_thread_blocked, id=5213, stack(0x00007ff244085000,0x00007ff2440be000)]
  0x00007ff248265000 JavaThread "Timer-0" [_thread_blocked, id=5209, stack(0x00007ff215c82000,0x00007ff215d83000)]
  0x00007ff24823f800 JavaThread "AWT-XAWT" daemon [_thread_blocked, id=5208, stack(0x00007ff215d83000,0x00007ff215e84000)]
  0x00007ff248217800 JavaThread "Java2D Disposer" daemon [_thread_blocked, id=5207, stack(0x00007ff216295000,0x00007ff216396000)]
  0x00007ff2480ab800 JavaThread "Service Thread" daemon [_thread_blocked, id=5205, stack(0x00007ff244702000,0x00007ff244803000)]
  0x00007ff2480a9800 JavaThread "C2 CompilerThread1" daemon [_thread_blocked, id=5204, stack(0x00007ff244803000,0x00007ff244904000)]
  0x00007ff2480a6800 JavaThread "C2 CompilerThread0" daemon [_thread_blocked, id=5203, stack(0x00007ff244904000,0x00007ff244a05000)]
  0x00007ff2480a4000 JavaThread "Signal Dispatcher" daemon [_thread_blocked, id=5202, stack(0x00007ff244a05000,0x00007ff244b06000)]
  0x00007ff248076000 JavaThread "Finalizer" daemon [_thread_blocked, id=5200, stack(0x00007ff244dfe000,0x00007ff244eff000)]
  0x00007ff248074000 JavaThread "Reference Handler" daemon [_thread_blocked, id=5199, stack(0x00007ff244eff000,0x00007ff245000000)]
  0x00007ff248009000 JavaThread "main" [_thread_blocked, id=5193, stack(0x00007ff251b96000,0x00007ff251c97000)]

Other Threads:
=>0x00007ff24806f800 VMThread [stack: 0x00007ff24c01e000,0x00007ff24c11f000] [id=5198]
  0x00007ff2480b6000 WatcherThread [stack: 0x00007ff244601000,0x00007ff244702000] [id=5206]

VM state:at safepoint (normal execution)

VM Mutex/Monitor currently owned by a thread:  ([mutex/lock_event])
[0x00007ff2480067f0] Threads_lock - owner thread: 0x00007ff24806f800
[0x00007ff248006cf0] Heap_lock - owner thread: 0x00007ff200004000

Heap
 PSYoungGen      total 66048K, used 42483K [0x00000000f2200000, 0x00000000f9080000, 0x0000000100000000)
  eden space 23552K, 0% used [0x00000000f2200000,0x00000000f2200000,0x00000000f3900000)
  from space 42496K, 99% used [0x00000000f6700000,0x00000000f907cf50,0x00000000f9080000)
  to   space 37888K, 0% used [0x00000000f3900000,0x00000000f3900000,0x00000000f5e00000)
 ParOldGen       total 116224K, used 51224K [0x00000000d6600000, 0x00000000dd780000, 0x00000000f2200000)
  object space 116224K, 44% used [0x00000000d6600000,0x00000000d98060f0,0x00000000dd780000)
 PSPermGen       total 35328K, used 16888K [0x00000000cc000000, 0x00000000ce280000, 0x00000000d6600000)
  object space 35328K, 47% used [0x00000000cc000000,0x00000000cd07e218,0x00000000ce280000)

Card table byte_map: [0x00007ff24ec51000,0x00007ff24edf2000] byte_map_base: 0x00007ff24e5f1000

Polling page: 0x00007ff251cbd000

Code Cache  [0x00007ff245000000, 0x00007ff245270000, 0x00007ff248000000)
 total_blobs=1032 nmethods=156 adapters=830 free_code_cache=48060Kb largest_free_block=49192448

Compilation events (10 events):
Event: 4,987 Thread 0x00007ff2480a9800  153             sun.awt.SunToolkit::isInstanceOf (71 bytes)
Event: 5,002 Thread 0x00007ff2480a9800 nmethod 153 0x00007ff2451066d0 code [0x00007ff245106860, 0x00007ff245106f08]
Event: 5,030 Thread 0x00007ff2480a6800  154             java.util.concurrent.locks.AbstractOwnableSynchronizer::getExclusiveOwnerThread (5 bytes)
Event: 5,030 Thread 0x00007ff2480a6800 nmethod 154 0x00007ff2451064d0 code [0x00007ff245106600, 0x00007ff245106658]
Event: 5,080 Thread 0x00007ff2480a6800  155             java.util.concurrent.locks.AbstractOwnableSynchronizer::setExclusiveOwnerThread (6 bytes)
Event: 5,081 Thread 0x00007ff2480a6800 nmethod 155 0x00007ff24510a510 code [0x00007ff24510a640, 0x00007ff24510a6b8]
Event: 5,251 Thread 0x00007ff2480a6800  156             java.util.concurrent.locks.AbstractQueuedSynchronizer::getState (5 bytes)
Event: 5,252 Thread 0x00007ff2480a6800 nmethod 156 0x00007ff24510a310 code [0x00007ff24510a440, 0x00007ff24510a498]
Event: 5,310 Thread 0x00007ff2480a6800  157             aufgabe3.ImplicitNode::<init> (178 bytes)
Event: 5,316 Thread 0x00007ff2480a9800  158             aufgabe3.Cube::makeLittleCubes (372 bytes)

GC Heap History (10 events):
Event: 3,184 GC heap after
Heap after GC invocations=8 (full 3):
 PSYoungGen      total 28672K, used 0K [0x00000000f2200000, 0x00000000f7100000, 0x0000000100000000)
  eden space 27648K, 0% used [0x00000000f2200000,0x00000000f2200000,0x00000000f3d00000)
  from space 1024K, 0% used [0x00000000f4200000,0x00000000f4200000,0x00000000f4300000)
  to   space 26624K, 0% used [0x00000000f5700000,0x00000000f5700000,0x00000000f7100000)
 ParOldGen       total 116224K, used 49331K [0x00000000d6600000, 0x00000000dd780000, 0x00000000f2200000)
  object space 116224K, 42% used [0x00000000d6600000,0x00000000d962cd40,0x00000000dd780000)
 PSPermGen       total 35328K, used 16434K [0x00000000cc000000, 0x00000000ce280000, 0x00000000d6600000)
  object space 35328K, 46% used [0x00000000cc000000,0x00000000cd00c9e8,0x00000000ce280000)
}
Event: 3,429 GC heap before
{Heap before GC invocations=9 (full 3):
 PSYoungGen      total 28672K, used 27648K [0x00000000f2200000, 0x00000000f7100000, 0x0000000100000000)
  eden space 27648K, 100% used [0x00000000f2200000,0x00000000f3d00000,0x00000000f3d00000)
  from space 1024K, 0% used [0x00000000f4200000,0x00000000f4200000,0x00000000f4300000)
  to   space 26624K, 0% used [0x00000000f5700000,0x00000000f5700000,0x00000000f7100000)
 ParOldGen       total 116224K, used 49573K [0x00000000d6600000, 0x00000000dd780000, 0x00000000f2200000)
  object space 116224K, 42% used [0x00000000d6600000,0x00000000d96696f8,0x00000000dd780000)
 PSPermGen       total 35328K, used 16851K [0x00000000cc000000, 0x00000000ce280000, 0x00000000d6600000)
  object space 35328K, 47% used [0x00000000cc000000,0x00000000cd074fe0,0x00000000ce280000)
Event: 3,497 GC heap after
Heap after GC invocations=9 (full 3):
 PSYoungGen      total 49664K, used 23473K [0x00000000f2200000, 0x00000000f7e00000, 0x0000000100000000)
  eden space 23040K, 0% used [0x00000000f2200000,0x00000000f2200000,0x00000000f3880000)
  from space 26624K, 88% used [0x00000000f5700000,0x00000000f6dec518,0x00000000f7100000)
  to   space 31232K, 0% used [0x00000000f3880000,0x00000000f3880000,0x00000000f5700000)
 ParOldGen       total 116224K, used 49573K [0x00000000d6600000, 0x00000000dd780000, 0x00000000f2200000)
  object space 116224K, 42% used [0x00000000d6600000,0x00000000d96696f8,0x00000000dd780000)
 PSPermGen       total 35328K, used 16851K [0x00000000cc000000, 0x00000000ce280000, 0x00000000d6600000)
  object space 35328K, 47% used [0x00000000cc000000,0x00000000cd074fe0,0x00000000ce280000)
}
Event: 4,257 GC heap before
{Heap before GC invocations=10 (full 3):
 PSYoungGen      total 49664K, used 46513K [0x00000000f2200000, 0x00000000f7e00000, 0x0000000100000000)
  eden space 23040K, 100% used [0x00000000f2200000,0x00000000f3880000,0x00000000f3880000)
  from space 26624K, 88% used [0x00000000f5700000,0x00000000f6dec518,0x00000000f7100000)
  to   space 31232K, 0% used [0x00000000f3880000,0x00000000f3880000,0x00000000f5700000)
 ParOldGen       total 116224K, used 49577K [0x00000000d6600000, 0x00000000dd780000, 0x00000000f2200000)
  object space 116224K, 42% used [0x00000000d6600000,0x00000000d966a4d0,0x00000000dd780000)
 PSPermGen       total 35328K, used 16883K [0x00000000cc000000, 0x00000000ce280000, 0x00000000d6600000)
  object space 35328K, 47% used [0x00000000cc000000,0x00000000cd07cfd8,0x00000000ce280000)
Event: 4,317 GC heap after
Heap after GC invocations=10 (full 3):
 PSYoungGen      total 54272K, used 26328K [0x00000000f2200000, 0x00000000f8080000, 0x0000000100000000)
  eden space 23040K, 0% used [0x00000000f2200000,0x00000000f2200000,0x00000000f3880000)
  from space 31232K, 84% used [0x00000000f3880000,0x00000000f52361e0,0x00000000f5700000)
  to   space 35328K, 0% used [0x00000000f5e00000,0x00000000f5e00000,0x00000000f8080000)
 ParOldGen       total 116224K, used 49577K [0x00000000d6600000, 0x00000000dd780000, 0x00000000f2200000)
  object space 116224K, 42% used [0x00000000d6600000,0x00000000d966a4d0,0x00000000dd780000)
 PSPermGen       total 35328K, used 16883K [0x00000000cc000000, 0x00000000ce280000, 0x00000000d6600000)
  object space 35328K, 47% used [0x00000000cc000000,0x00000000cd07cfd8,0x00000000ce280000)
}
Event: 4,325 GC heap before
{Heap before GC invocations=11 (full 3):
 PSYoungGen      total 54272K, used 27169K [0x00000000f2200000, 0x00000000f8080000, 0x0000000100000000)
  eden space 23040K, 3% used [0x00000000f2200000,0x00000000f22d2220,0x00000000f3880000)
  from space 31232K, 84% used [0x00000000f3880000,0x00000000f52361e0,0x00000000f5700000)
  to   space 35328K, 0% used [0x00000000f5e00000,0x00000000f5e00000,0x00000000f8080000)
 ParOldGen       total 116224K, used 49577K [0x00000000d6600000, 0x00000000dd780000, 0x00000000f2200000)
  object space 116224K, 42% used [0x00000000d6600000,0x00000000d966a4d0,0x00000000dd780000)
 PSPermGen       total 35328K, used 16883K [0x00000000cc000000, 0x00000000ce280000, 0x00000000d6600000)
  object space 35328K, 47% used [0x00000000cc000000,0x00000000cd07cfd8,0x00000000ce280000)
Event: 4,406 GC heap after
Heap after GC invocations=11 (full 3):
 PSYoungGen      total 58880K, used 26472K [0x00000000f2200000, 0x00000000f8a80000, 0x0000000100000000)
  eden space 23552K, 0% used [0x00000000f2200000,0x00000000f2200000,0x00000000f3900000)
  from space 35328K, 74% used [0x00000000f5e00000,0x00000000f77da0c0,0x00000000f8080000)
  to   space 37888K, 0% used [0x00000000f3900000,0x00000000f3900000,0x00000000f5e00000)
 ParOldGen       total 116224K, used 49577K [0x00000000d6600000, 0x00000000dd780000, 0x00000000f2200000)
  object space 116224K, 42% used [0x00000000d6600000,0x00000000d966a4d0,0x00000000dd780000)
 PSPermGen       total 35328K, used 16883K [0x00000000cc000000, 0x00000000ce280000, 0x00000000d6600000)
  object space 35328K, 47% used [0x00000000cc000000,0x00000000cd07cfd8,0x00000000ce280000)
}
Event: 4,819 GC heap before
{Heap before GC invocations=12 (full 3):
 PSYoungGen      total 58880K, used 50024K [0x00000000f2200000, 0x00000000f8a80000, 0x0000000100000000)
  eden space 23552K, 100% used [0x00000000f2200000,0x00000000f3900000,0x00000000f3900000)
  from space 35328K, 74% used [0x00000000f5e00000,0x00000000f77da0c0,0x00000000f8080000)
  to   space 37888K, 0% used [0x00000000f3900000,0x00000000f3900000,0x00000000f5e00000)
 ParOldGen       total 116224K, used 49577K [0x00000000d6600000, 0x00000000dd780000, 0x00000000f2200000)
  object space 116224K, 42% used [0x00000000d6600000,0x00000000d966a4f0,0x00000000dd780000)
 PSPermGen       total 35328K, used 16885K [0x00000000cc000000, 0x00000000ce280000, 0x00000000d6600000)
  object space 35328K, 47% used [0x00000000cc000000,0x00000000cd07d560,0x00000000ce280000)
Event: 4,877 GC heap after
Heap after GC invocations=12 (full 3):
 PSYoungGen      total 61440K, used 33345K [0x00000000f2200000, 0x00000000f9080000, 0x0000000100000000)
  eden space 23552K, 0% used [0x00000000f2200000,0x00000000f2200000,0x00000000f3900000)
  from space 37888K, 88% used [0x00000000f3900000,0x00000000f59905e0,0x00000000f5e00000)
  to   space 42496K, 0% used [0x00000000f6700000,0x00000000f6700000,0x00000000f9080000)
 ParOldGen       total 116224K, used 49577K [0x00000000d6600000, 0x00000000dd780000, 0x00000000f2200000)
  object space 116224K, 42% used [0x00000000d6600000,0x00000000d966a4f0,0x00000000dd780000)
 PSPermGen       total 35328K, used 16885K [0x00000000cc000000, 0x00000000ce280000, 0x00000000d6600000)
  object space 35328K, 47% used [0x00000000cc000000,0x00000000cd07d560,0x00000000ce280000)
}
Event: 5,342 GC heap before
{Heap before GC invocations=13 (full 3):
 PSYoungGen      total 61440K, used 56897K [0x00000000f2200000, 0x00000000f9080000, 0x0000000100000000)
  eden space 23552K, 100% used [0x00000000f2200000,0x00000000f3900000,0x00000000f3900000)
  from space 37888K, 88% used [0x00000000f3900000,0x00000000f59905e0,0x00000000f5e00000)
  to   space 42496K, 0% used [0x00000000f6700000,0x00000000f6700000,0x00000000f9080000)
 ParOldGen       total 116224K, used 49840K [0x00000000d6600000, 0x00000000dd780000, 0x00000000f2200000)
  object space 116224K, 42% used [0x00000000d6600000,0x00000000d96ac0f0,0x00000000dd780000)
 PSPermGen       total 35328K, used 16888K [0x00000000cc000000, 0x00000000ce280000, 0x00000000d6600000)
  object space 35328K, 47% used [0x00000000cc000000,0x00000000cd07e218,0x00000000ce280000)

Deoptimization events (10 events):
Event: 1,403 Thread 0x00007ff248506000 Uncommon trap: reason=class_check action=maybe_recompile pc=0x00007ff2450b93dc method=com.jogamp.common.os.DynamicLibraryBundle.dynamicLookupFunctionOnLibs(Ljava/lang/String;)J @ 66
Event: 1,403 Thread 0x00007ff248506000 Uncommon trap: reason=class_check action=maybe_recompile pc=0x00007ff2450b93dc method=com.jogamp.common.os.DynamicLibraryBundle.dynamicLookupFunctionOnLibs(Ljava/lang/String;)J @ 66
Event: 3,424 Thread 0x00007ff248009000 Uncommon trap: reason=class_check action=maybe_recompile pc=0x00007ff2450d8bdc method=java.util.regex.Matcher.match(II)Z @ 86
Event: 3,424 Thread 0x00007ff248009000 Uncommon trap: reason=class_check action=maybe_recompile pc=0x00007ff2450e8bb8 method=java.util.regex.Pattern$Curly.match0(Ljava/util/regex/Matcher;IILjava/lang/CharSequence;)Z @ 31
Event: 3,560 Thread 0x00007ff248009000 Uncommon trap: reason=intrinsic action=make_not_entrant pc=0x00007ff2450f5334 method=aufgabe3.ImplicitTorus.getIsoValueFor(Lcomputergraphics/math/Vector3;)D @ 17
Event: 3,604 Thread 0x00007ff248009000 Uncommon trap: reason=intrinsic action=make_not_entrant pc=0x00007ff2450f78b4 method=aufgabe3.ImplicitTorus.getIsoValueFor(Lcomputergraphics/math/Vector3;)D @ 60
Event: 3,621 Thread 0x00007ff248009000 Uncommon trap: reason=intrinsic action=make_not_entrant pc=0x00007ff2450f84f4 method=aufgabe3.ImplicitTorus.getIsoValueFor(Lcomputergraphics/math/Vector3;)D @ 38
Event: 3,717 Thread 0x00007ff248009000 Uncommon trap: reason=intrinsic action=make_not_entrant pc=0x00007ff2450fe640 method=aufgabe3.ImplicitTorus.getIsoValueFor(Lcomputergraphics/math/Vector3;)D @ 60
Event: 4,095 Thread 0x00007ff248009000 Uncommon trap: reason=null_assert action=make_not_entrant pc=0x00007ff2450f4480 method=aufgabe3.ImplicitNode.createTriangles(Ljava/util/List;Ljava/util/List;)V @ 149
Event: 5,309 Thread 0x00007ff248009000 Uncommon trap: reason=unloaded action=reinterpret pc=0x00007ff2450fa5b8 method=aufgabe3.ImplicitNode.<init>(Laufgabe3/ImplicitFunction;)V @ 163

Internal exceptions (10 events):
Event: 2,509 Thread 0x00007ff200004000 Threw 0x00000000f2200528 at /build/java7-openjdk/src/icedtea-2.5.5/openjdk/hotspot/src/share/vm/prims/jvm.cpp:1284
Event: 2,517 Thread 0x00007ff200004000 Threw 0x00000000f2204f88 at /build/java7-openjdk/src/icedtea-2.5.5/openjdk/hotspot/src/share/vm/prims/jvm.cpp:1284
Event: 2,518 Thread 0x00007ff200004000 Threw 0x00000000f2209af8 at /build/java7-openjdk/src/icedtea-2.5.5/openjdk/hotspot/src/share/vm/prims/jvm.cpp:1284
Event: 2,519 Thread 0x00007ff200004000 Threw 0x00000000f2210068 at /build/java7-openjdk/src/icedtea-2.5.5/openjdk/hotspot/src/share/vm/prims/jvm.cpp:1284
Event: 2,520 Thread 0x00007ff200004000 Threw 0x00000000f243a3d0 at /build/java7-openjdk/src/icedtea-2.5.5/openjdk/hotspot/src/share/vm/prims/jvm.cpp:1284
Event: 2,521 Thread 0x00007ff200004000 Threw 0x00000000f243fde0 at /build/java7-openjdk/src/icedtea-2.5.5/openjdk/hotspot/src/share/vm/prims/jvm.cpp:1284
Event: 2,553 Thread 0x00007ff200004000 Threw 0x00000000f255d2c0 at /build/java7-openjdk/src/icedtea-2.5.5/openjdk/hotspot/src/share/vm/prims/jvm.cpp:1284
Event: 3,370 Thread 0x00007ff200004000 Threw 0x00000000f2d52120 at /build/java7-openjdk/src/icedtea-2.5.5/openjdk/hotspot/src/share/vm/prims/jni.cpp:747
Event: 4,092 Thread 0x00007ff248009000 Threw 0x00000000f3013b78 at /build/java7-openjdk/src/icedtea-2.5.5/openjdk/hotspot/src/share/vm/prims/jvm.cpp:1284
Event: 4,095 Thread 0x00007ff248009000 Threw 0x00000000f3016530 at /build/java7-openjdk/src/icedtea-2.5.5/openjdk/hotspot/src/share/vm/prims/jvm.cpp:1284

Events (10 events):
Event: 4,818 Executing VM operation: ParallelGCFailedAllocation
Event: 4,818 Executing VM operation: ParallelGCFailedAllocation done
Event: 4,819 Executing VM operation: ParallelGCSystemGC
Event: 4,877 Executing VM operation: ParallelGCSystemGC done
Event: 5,309 Thread 0x00007ff248009000 Uncommon trap: trap_request=0x0000005d fr.pc=0x00007ff2450fa5b8
Event: 5,309 Thread 0x00007ff248009000 DEOPT PACKING pc=0x00007ff2450fa5b8 sp=0x00007ff251c95870
Event: 5,309 Thread 0x00007ff248009000 DEOPT UNPACKING pc=0x00007ff245039045 sp=0x00007ff251c95840 mode 2
Event: 5,339 Executing VM operation: ParallelGCFailedAllocation
Event: 5,339 Executing VM operation: ParallelGCFailedAllocation done
Event: 5,342 Executing VM operation: ParallelGCSystemGC


Dynamic libraries:
00400000-00401000 r-xp 00000000 08:01 173470                             /usr/lib/jvm/java-7-openjdk/jre/bin/java
00600000-00601000 rw-p 00000000 08:01 173470                             /usr/lib/jvm/java-7-openjdk/jre/bin/java
0236b000-0238c000 rw-p 00000000 00:00 0                                  [heap]
cc000000-ce280000 rw-p 00000000 00:00 0 
ce280000-ce400000 ---p 00000000 00:00 0 
ce400000-d6600000 rw-p 00000000 00:00 0 
d6600000-dd780000 rw-p 00000000 00:00 0 
dd780000-f2200000 rw-p 00000000 00:00 0 
f2200000-f9080000 rw-p 00000000 00:00 0 
f9e80000-100000000 rw-p 00000000 00:00 0 
7ff200000000-7ff200021000 rw-p 00000000 00:00 0 
7ff200021000-7ff204000000 ---p 00000000 00:00 0 
7ff20400e000-7ff204123000 rw-s 00000000 00:05 5275656                    /SYSV00000000 (deleted)
7ff204123000-7ff204263000 rw-s 00000000 00:05 36812                      /drm mm object (deleted)
7ff204263000-7ff204266000 ---p 00000000 00:00 0 
7ff204266000-7ff204364000 rw-p 00000000 00:00 0                          [stack:5225]
7ff204364000-7ff204368000 r-xp 00000000 08:01 533074                     /usr/lib/libattr.so.1.1.0
7ff204368000-7ff204567000 ---p 00004000 08:01 533074                     /usr/lib/libattr.so.1.1.0
7ff204567000-7ff204568000 r--p 00003000 08:01 533074                     /usr/lib/libattr.so.1.1.0
7ff204568000-7ff204569000 rw-p 00004000 08:01 533074                     /usr/lib/libattr.so.1.1.0
7ff204569000-7ff20456d000 r-xp 00000000 08:01 533203                     /usr/lib/libcap.so.2.24
7ff20456d000-7ff20476c000 ---p 00004000 08:01 533203                     /usr/lib/libcap.so.2.24
7ff20476c000-7ff20476d000 rw-p 00003000 08:01 533203                     /usr/lib/libcap.so.2.24
7ff20476d000-7ff20476f000 r-xp 00000000 08:01 551760                     /usr/lib/libXinerama.so.1.0.0
7ff20476f000-7ff20496e000 ---p 00002000 08:01 551760                     /usr/lib/libXinerama.so.1.0.0
7ff20496e000-7ff20496f000 r--p 00001000 08:01 551760                     /usr/lib/libXinerama.so.1.0.0
7ff20496f000-7ff204970000 rw-p 00002000 08:01 551760                     /usr/lib/libXinerama.so.1.0.0
7ff204970000-7ff204974000 r-xp 00000000 08:01 551153                     /usr/lib/libtxc_dxtn.so
7ff204974000-7ff204b73000 ---p 00004000 08:01 551153                     /usr/lib/libtxc_dxtn.so
7ff204b73000-7ff204b74000 r--p 00003000 08:01 551153                     /usr/lib/libtxc_dxtn.so
7ff204b74000-7ff204b75000 rw-p 00004000 08:01 551153                     /usr/lib/libtxc_dxtn.so
7ff204b75000-7ff204b7d000 r-xp 00000000 08:01 546525                     /usr/lib/libpciaccess.so.0.11.1
7ff204b7d000-7ff204d7d000 ---p 00008000 08:01 546525                     /usr/lib/libpciaccess.so.0.11.1
7ff204d7d000-7ff204d7e000 r--p 00008000 08:01 546525                     /usr/lib/libpciaccess.so.0.11.1
7ff204d7e000-7ff204d7f000 rw-p 00009000 08:01 546525                     /usr/lib/libpciaccess.so.0.11.1
7ff204d7f000-7ff204d8a000 r-xp 00000000 08:01 546543                     /usr/lib/libdrm_radeon.so.1.0.1
7ff204d8a000-7ff204f89000 ---p 0000b000 08:01 546543                     /usr/lib/libdrm_radeon.so.1.0.1
7ff204f89000-7ff204f8a000 r--p 0000a000 08:01 546543                     /usr/lib/libdrm_radeon.so.1.0.1
7ff204f8a000-7ff204f8b000 rw-p 0000b000 08:01 546543                     /usr/lib/libdrm_radeon.so.1.0.1
7ff204f8b000-7ff204f91000 r-xp 00000000 08:01 546542                     /usr/lib/libdrm_nouveau.so.2.0.0
7ff204f91000-7ff205190000 ---p 00006000 08:01 546542                     /usr/lib/libdrm_nouveau.so.2.0.0
7ff205190000-7ff205191000 r--p 00005000 08:01 546542                     /usr/lib/libdrm_nouveau.so.2.0.0
7ff205191000-7ff205192000 rw-p 00006000 08:01 546542                     /usr/lib/libdrm_nouveau.so.2.0.0
7ff205192000-7ff2051b3000 r-xp 00000000 08:01 546541                     /usr/lib/libdrm_intel.so.1.0.0
7ff2051b3000-7ff2053b2000 ---p 00021000 08:01 546541                     /usr/lib/libdrm_intel.so.1.0.0
7ff2053b2000-7ff2053b3000 r--p 00020000 08:01 546541                     /usr/lib/libdrm_intel.so.1.0.0
7ff2053b3000-7ff2053b4000 rw-p 00021000 08:01 546541                     /usr/lib/libdrm_intel.so.1.0.0
7ff2053b4000-7ff20591a000 r-xp 00000000 08:01 659301                     /usr/lib/xorg/modules/dri/i965_dri.so
7ff20591a000-7ff205b19000 ---p 00566000 08:01 659301                     /usr/lib/xorg/modules/dri/i965_dri.so
7ff205b19000-7ff205b3c000 r--p 00565000 08:01 659301                     /usr/lib/xorg/modules/dri/i965_dri.so
7ff205b3c000-7ff205b42000 rw-p 00588000 08:01 659301                     /usr/lib/xorg/modules/dri/i965_dri.so
7ff205b42000-7ff205b4a000 rw-p 00000000 00:00 0 
7ff205b4a000-7ff205b4d000 ---p 00000000 00:00 0 
7ff205b4d000-7ff205c4b000 rw-p 00000000 00:00 0                          [stack:5222]
7ff205c4b000-7ff205ca4000 r-xp 00000000 00:1e 36606                      /tmp/jogamp_0000/file_cache/jln2497698904403763800/jln3606651131480984095/libjogl_mobile.so
7ff205ca4000-7ff205ea4000 ---p 00059000 00:1e 36606                      /tmp/jogamp_0000/file_cache/jln2497698904403763800/jln3606651131480984095/libjogl_mobile.so
7ff205ea4000-7ff205ea5000 rw-p 00059000 00:1e 36606                      /tmp/jogamp_0000/file_cache/jln2497698904403763800/jln3606651131480984095/libjogl_mobile.so
7ff205ea5000-7ff205eb5000 r-xp 00000000 08:01 550760                     /usr/lib/libwayland-server.so.0.1.0
7ff205eb5000-7ff2060b4000 ---p 00010000 08:01 550760                     /usr/lib/libwayland-server.so.0.1.0
7ff2060b4000-7ff2060b6000 r--p 0000f000 08:01 550760                     /usr/lib/libwayland-server.so.0.1.0
7ff2060b6000-7ff2060b7000 rw-p 00011000 08:01 550760                     /usr/lib/libwayland-server.so.0.1.0
7ff2060b7000-7ff2060c3000 r-xp 00000000 08:01 550761                     /usr/lib/libwayland-client.so.0.3.0
7ff2060c3000-7ff2062c2000 ---p 0000c000 08:01 550761                     /usr/lib/libwayland-client.so.0.3.0
7ff2062c2000-7ff2062c5000 r--p 0000b000 08:01 550761                     /usr/lib/libwayland-client.so.0.3.0
7ff2062c5000-7ff2062c6000 rw-p 0000e000 08:01 550761                     /usr/lib/libwayland-client.so.0.3.0
7ff2062c6000-7ff2062d3000 r-xp 00000000 08:01 551220                     /usr/lib/libgbm.so.1.0.0
7ff2062d3000-7ff2064d2000 ---p 0000d000 08:01 551220                     /usr/lib/libgbm.so.1.0.0
7ff2064d2000-7ff2064d3000 r--p 0000c000 08:01 551220                     /usr/lib/libgbm.so.1.0.0
7ff2064d3000-7ff2064d4000 rw-p 0000d000 08:01 551220                     /usr/lib/libgbm.so.1.0.0
7ff2064d4000-7ff2064fb000 r-xp 00000000 08:01 659294                     /usr/lib/mesa/libEGL.so.1.0.0
7ff2064fb000-7ff2066fb000 ---p 00027000 08:01 659294                     /usr/lib/mesa/libEGL.so.1.0.0
7ff2066fb000-7ff2066fc000 r--p 00027000 08:01 659294                     /usr/lib/mesa/libEGL.so.1.0.0
7ff2066fc000-7ff2066fd000 rw-p 00028000 08:01 659294                     /usr/lib/mesa/libEGL.so.1.0.0
7ff2066fd000-7ff2066fe000 rw-p 00000000 00:00 0 
7ff2066fe000-7ff206704000 r-xp 00000000 08:01 659296                     /usr/lib/mesa/libGLESv2.so.2.0.0
7ff206704000-7ff206903000 ---p 00006000 08:01 659296                     /usr/lib/mesa/libGLESv2.so.2.0.0
7ff206903000-7ff206904000 r--p 00005000 08:01 659296                     /usr/lib/mesa/libGLESv2.so.2.0.0
7ff206904000-7ff206905000 rw-p 00006000 08:01 659296                     /usr/lib/mesa/libGLESv2.so.2.0.0
7ff206905000-7ff2069b8000 r-xp 00000000 00:1e 36605                      /tmp/jogamp_0000/file_cache/jln2497698904403763800/jln3606651131480984095/libjogl_desktop.so
7ff2069b8000-7ff206bb8000 ---p 000b3000 00:1e 36605                      /tmp/jogamp_0000/file_cache/jln2497698904403763800/jln3606651131480984095/libjogl_desktop.so
7ff206bb8000-7ff206bb9000 rw-p 000b3000 00:1e 36605                      /tmp/jogamp_0000/file_cache/jln2497698904403763800/jln3606651131480984095/libjogl_desktop.so
7ff206bb9000-7ff206bc5000 r-xp 00000000 08:01 546539                     /usr/lib/libdrm.so.2.4.0
7ff206bc5000-7ff206dc5000 ---p 0000c000 08:01 546539                     /usr/lib/libdrm.so.2.4.0
7ff206dc5000-7ff206dc6000 r--p 0000c000 08:01 546539                     /usr/lib/libdrm.so.2.4.0
7ff206dc6000-7ff206dc7000 rw-p 0000d000 08:01 546539                     /usr/lib/libdrm.so.2.4.0
7ff206dc7000-7ff206dc8000 r-xp 00000000 08:01 550751                     /usr/lib/libxshmfence.so.1.0.0
7ff206dc8000-7ff206fc8000 ---p 00001000 08:01 550751                     /usr/lib/libxshmfence.so.1.0.0
7ff206fc8000-7ff206fc9000 r--p 00001000 08:01 550751                     /usr/lib/libxshmfence.so.1.0.0
7ff206fc9000-7ff206fca000 rw-p 00002000 08:01 550751                     /usr/lib/libxshmfence.so.1.0.0
7ff206fca000-7ff206fcf000 r-xp 00000000 08:01 549009                     /usr/lib/libxcb-sync.so.1.0.0
7ff206fcf000-7ff2071cf000 ---p 00005000 08:01 549009                     /usr/lib/libxcb-sync.so.1.0.0
7ff2071cf000-7ff2071d0000 r--p 00005000 08:01 549009                     /usr/lib/libxcb-sync.so.1.0.0
7ff2071d0000-7ff2071d1000 rw-p 00006000 08:01 549009                     /usr/lib/libxcb-sync.so.1.0.0
7ff2071d1000-7ff2071d4000 r-xp 00000000 08:01 548978                     /usr/lib/libxcb-shape.so.0.0.0
7ff2071d4000-7ff2073d3000 ---p 00003000 08:01 548978                     /usr/lib/libxcb-shape.so.0.0.0
7ff2073d3000-7ff2073d4000 r--p 00002000 08:01 548978                     /usr/lib/libxcb-shape.so.0.0.0
7ff2073d4000-7ff2073d5000 rw-p 00003000 08:01 548978                     /usr/lib/libxcb-shape.so.0.0.0
7ff2073d5000-7ff2073de000 r-xp 00000000 08:01 548963                     /usr/lib/libxcb-render.so.0.0.0
7ff2073de000-7ff2075dd000 ---p 00009000 08:01 548963                     /usr/lib/libxcb-render.so.0.0.0
7ff2075dd000-7ff2075de000 r--p 00008000 08:01 548963                     /usr/lib/libxcb-render.so.0.0.0
7ff2075de000-7ff2075df000 rw-p 00009000 08:01 548963                     /usr/lib/libxcb-render.so.0.0.0
7ff2075df000-7ff2075e5000 r-xp 00000000 08:01 548960                     /usr/lib/libxcb-xfixes.so.0.0.0
7ff2075e5000-7ff2077e5000 ---p 00006000 08:01 548960                     /usr/lib/libxcb-xfixes.so.0.0.0
7ff2077e5000-7ff2077e6000 r--p 00006000 08:01 548960                     /usr/lib/libxcb-xfixes.so.0.0.0
7ff2077e6000-7ff2077e7000 rw-p 00007000 08:01 548960                     /usr/lib/libxcb-xfixes.so.0.0.0
7ff2077e7000-7ff2077f4000 r-xp 00000000 08:01 549017                     /usr/lib/libxcb-randr.so.0.1.0
7ff2077f4000-7ff2079f3000 ---p 0000d000 08:01 549017                     /usr/lib/libxcb-randr.so.0.1.0
7ff2079f3000-7ff2079f4000 r--p 0000c000 08:01 549017                     /usr/lib/libxcb-randr.so.0.1.0
7ff2079f4000-7ff2079f5000 rw-p 0000d000 08:01 549017                     /usr/lib/libxcb-randr.so.0.1.0
7ff2079f5000-7ff2079f7000 r-xp 00000000 08:01 548996                     /usr/lib/libxcb-present.so.0.0.0
7ff2079f7000-7ff207bf6000 ---p 00002000 08:01 548996                     /usr/lib/libxcb-present.so.0.0.0
7ff207bf6000-7ff207bf7000 r--p 00001000 08:01 548996                     /usr/lib/libxcb-present.so.0.0.0
7ff207bf7000-7ff207bf8000 rw-p 00002000 08:01 548996                     /usr/lib/libxcb-present.so.0.0.0
7ff207bf8000-7ff207bfa000 r-xp 00000000 08:01 548968                     /usr/lib/libxcb-dri3.so.0.0.0
7ff207bfa000-7ff207df9000 ---p 00002000 08:01 548968                     /usr/lib/libxcb-dri3.so.0.0.0
7ff207df9000-7ff207dfa000 r--p 00001000 08:01 548968                     /usr/lib/libxcb-dri3.so.0.0.0
7ff207dfa000-7ff207dfb000 rw-p 00002000 08:01 548968                     /usr/lib/libxcb-dri3.so.0.0.0
7ff207dfb000-7ff207dff000 r-xp 00000000 08:01 548993                     /usr/lib/libxcb-dri2.so.0.0.0
7ff207dff000-7ff207ffe000 ---p 00004000 08:01 548993                     /usr/lib/libxcb-dri2.so.0.0.0
7ff207ffe000-7ff207fff000 r--p 00003000 08:01 548993                     /usr/lib/libxcb-dri2.so.0.0.0
7ff207fff000-7ff208000000 rw-p 00004000 08:01 548993                     /usr/lib/libxcb-dri2.so.0.0.0
7ff208000000-7ff20b0d5000 rw-p 00000000 00:00 0 
7ff20b0d5000-7ff20c000000 ---p 00000000 00:00 0 
7ff20c000000-7ff20eded000 rw-p 00000000 00:00 0 
7ff20eded000-7ff210000000 ---p 00000000 00:00 0 
7ff210000000-7ff211fd6000 rw-p 00000000 00:00 0 
7ff211fd6000-7ff214000000 ---p 00000000 00:00 0 
7ff21404a000-7ff21405d000 r-xp 00000000 08:01 534124                     /usr/lib/libudev.so.1.6.2
7ff21405d000-7ff21405e000 r--p 00012000 08:01 534124                     /usr/lib/libudev.so.1.6.2
7ff21405e000-7ff21405f000 rw-p 00013000 08:01 534124                     /usr/lib/libudev.so.1.6.2
7ff21405f000-7ff214062000 ---p 00000000 00:00 0 
7ff214062000-7ff214160000 rw-p 00000000 00:00 0                          [stack:5221]
7ff214160000-7ff214177000 r-xp 00000000 08:01 548967                     /usr/lib/libxcb-glx.so.0.0.0
7ff214177000-7ff214377000 ---p 00017000 08:01 548967                     /usr/lib/libxcb-glx.so.0.0.0
7ff214377000-7ff214379000 r--p 00017000 08:01 548967                     /usr/lib/libxcb-glx.so.0.0.0
7ff214379000-7ff21437a000 rw-p 00019000 08:01 548967                     /usr/lib/libxcb-glx.so.0.0.0
7ff21437a000-7ff21437b000 r-xp 00000000 08:01 549069                     /usr/lib/libX11-xcb.so.1.0.0
7ff21437b000-7ff21457a000 ---p 00001000 08:01 549069                     /usr/lib/libX11-xcb.so.1.0.0
7ff21457a000-7ff21457b000 r--p 00000000 08:01 549069                     /usr/lib/libX11-xcb.so.1.0.0
7ff21457b000-7ff21457c000 rw-p 00001000 08:01 549069                     /usr/lib/libX11-xcb.so.1.0.0
7ff21457c000-7ff21457e000 r-xp 00000000 08:01 551027                     /usr/lib/libXdamage.so.1.1.0
7ff21457e000-7ff21477d000 ---p 00002000 08:01 551027                     /usr/lib/libXdamage.so.1.1.0
7ff21477d000-7ff21477e000 r--p 00001000 08:01 551027                     /usr/lib/libXdamage.so.1.1.0
7ff21477e000-7ff21477f000 rw-p 00002000 08:01 551027                     /usr/lib/libXdamage.so.1.1.0
7ff21477f000-7ff2147a5000 r-xp 00000000 08:01 551221                     /usr/lib/libglapi.so.0.0.0
7ff2147a5000-7ff2149a5000 ---p 00026000 08:01 551221                     /usr/lib/libglapi.so.0.0.0
7ff2149a5000-7ff2149a8000 r--p 00026000 08:01 551221                     /usr/lib/libglapi.so.0.0.0
7ff2149a8000-7ff2149a9000 rw-p 00029000 08:01 551221                     /usr/lib/libglapi.so.0.0.0
7ff2149a9000-7ff2149aa000 rw-p 00000000 00:00 0 
7ff2149aa000-7ff214a42000 r-xp 00000000 08:01 659293                     /usr/lib/mesa/libGL.so.1.2.0
7ff214a42000-7ff214c41000 ---p 00098000 08:01 659293                     /usr/lib/mesa/libGL.so.1.2.0
7ff214c41000-7ff214c44000 r--p 00097000 08:01 659293                     /usr/lib/mesa/libGL.so.1.2.0
7ff214c44000-7ff214c45000 rw-p 0009a000 08:01 659293                     /usr/lib/mesa/libGL.so.1.2.0
7ff214c45000-7ff214c46000 rw-p 00000000 00:00 0 
7ff214c46000-7ff214c4d000 r-xp 00000000 00:1e 36608                      /tmp/jogamp_0000/file_cache/jln2497698904403763800/jln3606651131480984095/libnativewindow_x11.so
7ff214c4d000-7ff214e4c000 ---p 00007000 00:1e 36608                      /tmp/jogamp_0000/file_cache/jln2497698904403763800/jln3606651131480984095/libnativewindow_x11.so
7ff214e4c000-7ff214e4d000 rw-p 00006000 00:1e 36608                      /tmp/jogamp_0000/file_cache/jln2497698904403763800/jln3606651131480984095/libnativewindow_x11.so
7ff214e4d000-7ff214e50000 ---p 00000000 00:00 0 
7ff214e50000-7ff214f4e000 rw-p 00000000 00:00 0                          [stack:5223]
7ff214f4e000-7ff214f53000 r-xp 00000000 08:01 551010                     /usr/lib/libXxf86vm.so.1.0.0
7ff214f53000-7ff215152000 ---p 00005000 08:01 551010                     /usr/lib/libXxf86vm.so.1.0.0
7ff215152000-7ff215153000 r--p 00004000 08:01 551010                     /usr/lib/libXxf86vm.so.1.0.0
7ff215153000-7ff215154000 rw-p 00005000 08:01 551010                     /usr/lib/libXxf86vm.so.1.0.0
7ff215154000-7ff215156000 r-xp 00000000 00:1e 36607                      /tmp/jogamp_0000/file_cache/jln2497698904403763800/jln3606651131480984095/libnativewindow_awt.so
7ff215156000-7ff215355000 ---p 00002000 00:1e 36607                      /tmp/jogamp_0000/file_cache/jln2497698904403763800/jln3606651131480984095/libnativewindow_awt.so
7ff215355000-7ff215356000 rw-p 00001000 00:1e 36607                      /tmp/jogamp_0000/file_cache/jln2497698904403763800/jln3606651131480984095/libnativewindow_awt.so
7ff215356000-7ff215357000 r-xp 00000000 08:01 173453                     /usr/lib/jvm/java-7-openjdk/jre/lib/amd64/libjawt.so
7ff215357000-7ff215556000 ---p 00001000 08:01 173453                     /usr/lib/jvm/java-7-openjdk/jre/lib/amd64/libjawt.so
7ff215556000-7ff215557000 rw-p 00000000 08:01 173453                     /usr/lib/jvm/java-7-openjdk/jre/lib/amd64/libjawt.so
7ff215557000-7ff215559000 r-xp 00000000 00:1e 36604                      /tmp/jogamp_0000/file_cache/jln2497698904403763800/jln3606651131480984095/libgluegen-rt.so
7ff215559000-7ff215758000 ---p 00002000 00:1e 36604                      /tmp/jogamp_0000/file_cache/jln2497698904403763800/jln3606651131480984095/libgluegen-rt.so
7ff215758000-7ff215759000 rw-p 00001000 00:1e 36604                      /tmp/jogamp_0000/file_cache/jln2497698904403763800/jln3606651131480984095/libgluegen-rt.so
7ff215759000-7ff21575c000 ---p 00000000 00:00 0 
7ff21575c000-7ff21585a000 rw-p 00000000 00:00 0                          [stack:5224]
7ff21585a000-7ff21586a000 r-xp 00000000 08:01 173439                     /usr/lib/jvm/java-7-openjdk/jre/lib/amd64/libnio.so
7ff21586a000-7ff215a6a000 ---p 00010000 08:01 173439                     /usr/lib/jvm/java-7-openjdk/jre/lib/amd64/libnio.so
7ff215a6a000-7ff215a6b000 rw-p 00010000 08:01 173439                     /usr/lib/jvm/java-7-openjdk/jre/lib/amd64/libnio.so
7ff215a6b000-7ff215a82000 r-xp 00000000 08:01 173438                     /usr/lib/jvm/java-7-openjdk/jre/lib/amd64/libnet.so
7ff215a82000-7ff215c81000 ---p 00017000 08:01 173438                     /usr/lib/jvm/java-7-openjdk/jre/lib/amd64/libnet.so
7ff215c81000-7ff215c82000 rw-p 00016000 08:01 173438                     /usr/lib/jvm/java-7-openjdk/jre/lib/amd64/libnet.so
7ff215c82000-7ff215c85000 ---p 00000000 00:00 0 
7ff215c85000-7ff215d83000 rw-p 00000000 00:00 0                          [stack:5209]
7ff215d83000-7ff215d86000 ---p 00000000 00:00 0 
7ff215d86000-7ff215e84000 rw-p 00000000 00:00 0                          [stack:5208]
7ff215e84000-7ff215e89000 r-xp 00000000 08:01 551018                     /usr/lib/libXfixes.so.3.1.0
7ff215e89000-7ff216088000 ---p 00005000 08:01 551018                     /usr/lib/libXfixes.so.3.1.0
7ff216088000-7ff216089000 r--p 00004000 08:01 551018                     /usr/lib/libXfixes.so.3.1.0
7ff216089000-7ff21608a000 rw-p 00005000 08:01 551018                     /usr/lib/libXfixes.so.3.1.0
7ff21608a000-7ff216094000 r-xp 00000000 08:01 551820                     /usr/lib/libXcursor.so.1.0.2
7ff216094000-7ff216293000 ---p 0000a000 08:01 551820                     /usr/lib/libXcursor.so.1.0.2
7ff216293000-7ff216294000 r--p 00009000 08:01 551820                     /usr/lib/libXcursor.so.1.0.2
7ff216294000-7ff216295000 rw-p 0000a000 08:01 551820                     /usr/lib/libXcursor.so.1.0.2
7ff216295000-7ff216298000 ---p 00000000 00:00 0 
7ff216298000-7ff216396000 rw-p 00000000 00:00 0                          [stack:5207]
7ff216396000-7ff2163b2000 r-xp 00000000 08:01 546491                     /usr/lib/libgraphite2.so.3.0.1
7ff2163b2000-7ff2165b1000 ---p 0001c000 08:01 546491                     /usr/lib/libgraphite2.so.3.0.1
7ff2165b1000-7ff2165b3000 r--p 0001b000 08:01 546491                     /usr/lib/libgraphite2.so.3.0.1
7ff2165b3000-7ff2165b4000 rw-p 0001d000 08:01 546491                     /usr/lib/libgraphite2.so.3.0.1
7ff2165b4000-7ff216644000 r-xp 00000000 08:01 533161                     /usr/lib/libgmp.so.10.2.0
7ff216644000-7ff216844000 ---p 00090000 08:01 533161                     /usr/lib/libgmp.so.10.2.0
7ff216844000-7ff216845000 r--p 00090000 08:01 533161                     /usr/lib/libgmp.so.10.2.0
7ff216845000-7ff216846000 rw-p 00091000 08:01 533161                     /usr/lib/libgmp.so.10.2.0
7ff216846000-7ff216878000 r-xp 00000000 08:01 540958                     /usr/lib/libhogweed.so.4.1
7ff216878000-7ff216a78000 ---p 00032000 08:01 540958                     /usr/lib/libhogweed.so.4.1
7ff216a78000-7ff216a79000 r--p 00032000 08:01 540958                     /usr/lib/libhogweed.so.4.1
7ff216a79000-7ff216a7a000 rw-p 00033000 08:01 540958                     /usr/lib/libhogweed.so.4.1
7ff216a7a000-7ff216ab0000 r-xp 00000000 08:01 540956                     /usr/lib/libnettle.so.6.1
7ff216ab0000-7ff216caf000 ---p 00036000 08:01 540956                     /usr/lib/libnettle.so.6.1
7ff216caf000-7ff216cb1000 r--p 00035000 08:01 540956                     /usr/lib/libnettle.so.6.1
7ff216cb1000-7ff216cb2000 rw-p 00037000 08:01 540956                     /usr/lib/libnettle.so.6.1
7ff216cb2000-7ff216cc3000 r-xp 00000000 08:01 540362                     /usr/lib/libtasn1.so.6.4.2
7ff216cc3000-7ff216ec3000 ---p 00011000 08:01 540362                     /usr/lib/libtasn1.so.6.4.2
7ff216ec3000-7ff216ec4000 r--p 00011000 08:01 540362                     /usr/lib/libtasn1.so.6.4.2
7ff216ec4000-7ff216ec5000 rw-p 00012000 08:01 540362                     /usr/lib/libtasn1.so.6.4.2
7ff216ec5000-7ff216ef7000 r-xp 00000000 08:01 534267                     /usr/lib/libidn.so.11.6.13
7ff216ef7000-7ff2170f7000 ---p 00032000 08:01 534267                     /usr/lib/libidn.so.11.6.13
7ff2170f7000-7ff2170f8000 r--p 00032000 08:01 534267                     /usr/lib/libidn.so.11.6.13
7ff2170f8000-7ff2170f9000 rw-p 00033000 08:01 534267                     /usr/lib/libidn.so.11.6.13
7ff2170f9000-7ff217153000 r-xp 00000000 08:01 540381                     /usr/lib/libp11-kit.so.0.1.0
7ff217153000-7ff217353000 ---p 0005a000 08:01 540381                     /usr/lib/libp11-kit.so.0.1.0
7ff217353000-7ff21735d000 r--p 0005a000 08:01 540381                     /usr/lib/libp11-kit.so.0.1.0
7ff21735d000-7ff21735f000 rw-p 00064000 08:01 540381                     /usr/lib/libp11-kit.so.0.1.0
7ff21735f000-7ff217362000 r-xp 00000000 08:01 532695                     /usr/lib/libkeyutils.so.1.5
7ff217362000-7ff217561000 ---p 00003000 08:01 532695                     /usr/lib/libkeyutils.so.1.5
7ff217561000-7ff217562000 r--p 00002000 08:01 532695                     /usr/lib/libkeyutils.so.1.5
7ff217562000-7ff217563000 rw-p 00003000 08:01 532695                     /usr/lib/libkeyutils.so.1.5
7ff217563000-7ff21756f000 r-xp 00000000 08:01 532783                     /usr/lib/libkrb5support.so.0.1
7ff21756f000-7ff21776e000 ---p 0000c000 08:01 532783                     /usr/lib/libkrb5support.so.0.1
7ff21776e000-7ff21776f000 r--p 0000b000 08:01 532783                     /usr/lib/libkrb5support.so.0.1
7ff21776f000-7ff217770000 rw-p 0000c000 08:01 532783                     /usr/lib/libkrb5support.so.0.1
7ff217770000-7ff217775000 r-xp 00000000 08:01 546469                     /usr/lib/libXdmcp.so.6.0.0
7ff217775000-7ff217974000 ---p 00005000 08:01 546469                     /usr/lib/libXdmcp.so.6.0.0
7ff217974000-7ff217975000 r--p 00004000 08:01 546469                     /usr/lib/libXdmcp.so.6.0.0
7ff217975000-7ff217976000 rw-p 00005000 08:01 546469                     /usr/lib/libXdmcp.so.6.0.0
7ff217976000-7ff217978000 r-xp 00000000 08:01 546588                     /usr/lib/libXau.so.6.0.0
7ff217978000-7ff217b78000 ---p 00002000 08:01 546588                     /usr/lib/libXau.so.6.0.0
7ff217b78000-7ff217b79000 r--p 00002000 08:01 546588                     /usr/lib/libXau.so.6.0.0
7ff217b79000-7ff217b7a000 rw-p 00003000 08:01 546588                     /usr/lib/libXau.so.6.0.0
7ff217b7a000-7ff217be8000 r-xp 00000000 08:01 533517                     /usr/lib/libpcre.so.1.2.4
7ff217be8000-7ff217de7000 ---p 0006e000 08:01 533517                     /usr/lib/libpcre.so.1.2.4
7ff217de7000-7ff217de8000 r--p 0006d000 08:01 533517                     /usr/lib/libpcre.so.1.2.4
7ff217de8000-7ff217de9000 rw-p 0006e000 08:01 533517                     /usr/lib/libpcre.so.1.2.4
7ff217de9000-7ff217dfd000 r-xp 00000000 08:01 525386                     /usr/lib/libresolv-2.21.so
7ff217dfd000-7ff217ffc000 ---p 00014000 08:01 525386                     /usr/lib/libresolv-2.21.so
7ff217ffc000-7ff217ffd000 r--p 00013000 08:01 525386                     /usr/lib/libresolv-2.21.so
7ff217ffd000-7ff217ffe000 rw-p 00014000 08:01 525386                     /usr/lib/libresolv-2.21.so
7ff217ffe000-7ff218000000 rw-p 00000000 00:00 0 
7ff218000000-7ff218021000 rw-p 00000000 00:00 0 
7ff218021000-7ff21c000000 ---p 00000000 00:00 0 
7ff21c007000-7ff21c00f000 r-xp 00000000 08:01 533647                     /usr/lib/libffi.so.6.0.4
7ff21c00f000-7ff21c20e000 ---p 00008000 08:01 533647                     /usr/lib/libffi.so.6.0.4
7ff21c20e000-7ff21c20f000 r--p 00007000 08:01 533647                     /usr/lib/libffi.so.6.0.4
7ff21c20f000-7ff21c210000 rw-p 00008000 08:01 533647                     /usr/lib/libffi.so.6.0.4
7ff21c210000-7ff21c213000 r-xp 00000000 08:01 533726                     /usr/lib/libgmodule-2.0.so.0.4400.0
7ff21c213000-7ff21c412000 ---p 00003000 08:01 533726                     /usr/lib/libgmodule-2.0.so.0.4400.0
7ff21c412000-7ff21c413000 r--p 00002000 08:01 533726                     /usr/lib/libgmodule-2.0.so.0.4400.0
7ff21c413000-7ff21c414000 rw-p 00003000 08:01 533726                     /usr/lib/libgmodule-2.0.so.0.4400.0
7ff21c414000-7ff21c46e000 r-xp 00000000 08:01 546501                     /usr/lib/libharfbuzz.so.0.940.0
7ff21c46e000-7ff21c66d000 ---p 0005a000 08:01 546501                     /usr/lib/libharfbuzz.so.0.940.0
7ff21c66d000-7ff21c670000 r--p 00059000 08:01 546501                     /usr/lib/libharfbuzz.so.0.940.0
7ff21c670000-7ff21c671000 rw-p 0005c000 08:01 546501                     /usr/lib/libharfbuzz.so.0.940.0
7ff21c671000-7ff21c6a6000 r-xp 00000000 08:01 546476                     /usr/lib/libpng16.so.16.16.0
7ff21c6a6000-7ff21c8a5000 ---p 00035000 08:01 546476                     /usr/lib/libpng16.so.16.16.0
7ff21c8a5000-7ff21c8a6000 r--p 00034000 08:01 546476                     /usr/lib/libpng16.so.16.16.0
7ff21c8a6000-7ff21c8a7000 rw-p 00035000 08:01 546476                     /usr/lib/libpng16.so.16.16.0
7ff21c8a7000-7ff21c8b6000 r-xp 00000000 08:01 528483                     /usr/lib/libbz2.so.1.0.6
7ff21c8b6000-7ff21cab5000 ---p 0000f000 08:01 528483                     /usr/lib/libbz2.so.1.0.6
7ff21cab5000-7ff21cab7000 rw-p 0000e000 08:01 528483                     /usr/lib/libbz2.so.1.0.6
7ff21cab7000-7ff21cade000 r-xp 00000000 08:01 533483                     /usr/lib/libexpat.so.1.6.0
7ff21cade000-7ff21ccdd000 ---p 00027000 08:01 533483                     /usr/lib/libexpat.so.1.6.0
7ff21ccdd000-7ff21cce0000 r--p 00026000 08:01 533483                     /usr/lib/libexpat.so.1.6.0
7ff21cce0000-7ff21cce1000 rw-p 00029000 08:01 533483                     /usr/lib/libexpat.so.1.6.0
7ff21cce1000-7ff21cce9000 r-xp 00000000 08:01 525405                     /usr/lib/libcrypt-2.21.so
7ff21cce9000-7ff21cee8000 ---p 00008000 08:01 525405                     /usr/lib/libcrypt-2.21.so
7ff21cee8000-7ff21cee9000 r--p 00007000 08:01 525405                     /usr/lib/libcrypt-2.21.so
7ff21cee9000-7ff21ceea000 rw-p 00008000 08:01 525405                     /usr/lib/libcrypt-2.21.so
7ff21ceea000-7ff21cf18000 rw-p 00000000 00:00 0 
7ff21cf18000-7ff21cf5f000 r-xp 00000000 08:01 533475                     /usr/lib/libdbus-1.so.3.8.11
7ff21cf5f000-7ff21d15f000 ---p 00047000 08:01 533475                     /usr/lib/libdbus-1.so.3.8.11
7ff21d15f000-7ff21d160000 r--p 00047000 08:01 533475                     /usr/lib/libdbus-1.so.3.8.11
7ff21d160000-7ff21d161000 rw-p 00048000 08:01 533475                     /usr/lib/libdbus-1.so.3.8.11
7ff21d161000-7ff21d171000 r-xp 00000000 08:01 552887                     /usr/lib/libavahi-client.so.3.2.9
7ff21d171000-7ff21d370000 ---p 00010000 08:01 552887                     /usr/lib/libavahi-client.so.3.2.9
7ff21d370000-7ff21d371000 r--p 0000f000 08:01 552887                     /usr/lib/libavahi-client.so.3.2.9
7ff21d371000-7ff21d372000 rw-p 00010000 08:01 552887                     /usr/lib/libavahi-client.so.3.2.9
7ff21d372000-7ff21d37e000 r-xp 00000000 08:01 552890                     /usr/lib/libavahi-common.so.3.5.3
7ff21d37e000-7ff21d57d000 ---p 0000c000 08:01 552890                     /usr/lib/libavahi-common.so.3.5.3
7ff21d57d000-7ff21d57e000 r--p 0000b000 08:01 552890                     /usr/lib/libavahi-common.so.3.5.3
7ff21d57e000-7ff21d57f000 rw-p 0000c000 08:01 552890                     /usr/lib/libavahi-common.so.3.5.3
7ff21d57f000-7ff21d69f000 r-xp 00000000 08:01 542033                     /usr/lib/libgnutls.so.30.0.0
7ff21d69f000-7ff21d89e000 ---p 00120000 08:01 542033                     /usr/lib/libgnutls.so.30.0.0
7ff21d89e000-7ff21d8a9000 r--p 0011f000 08:01 542033                     /usr/lib/libgnutls.so.30.0.0
7ff21d8a9000-7ff21d8ac000 rw-p 0012a000 08:01 542033                     /usr/lib/libgnutls.so.30.0.0
7ff21d8ac000-7ff21d8ad000 rw-p 00000000 00:00 0 
7ff21d8ad000-7ff21d8b0000 r-xp 00000000 08:01 528678                     /usr/lib/libcom_err.so.2.1
7ff21d8b0000-7ff21daaf000 ---p 00003000 08:01 528678                     /usr/lib/libcom_err.so.2.1
7ff21daaf000-7ff21dab0000 r--p 00002000 08:01 528678                     /usr/lib/libcom_err.so.2.1
7ff21dab0000-7ff21dab1000 rw-p 00003000 08:01 528678                     /usr/lib/libcom_err.so.2.1
7ff21dab1000-7ff21dae0000 r-xp 00000000 08:01 532781                     /usr/lib/libk5crypto.so.3.1
7ff21dae0000-7ff21dcdf000 ---p 0002f000 08:01 532781                     /usr/lib/libk5crypto.so.3.1
7ff21dcdf000-7ff21dce2000 r--p 0002e000 08:01 532781                     /usr/lib/libk5crypto.so.3.1
7ff21dce2000-7ff21dce3000 rw-p 00031000 08:01 532781                     /usr/lib/libk5crypto.so.3.1
7ff21dce3000-7ff21dce4000 rw-p 00000000 00:00 0 
7ff21dce4000-7ff21ddb9000 r-xp 00000000 08:01 532759                     /usr/lib/libkrb5.so.3.3
7ff21ddb9000-7ff21dfb8000 ---p 000d5000 08:01 532759                     /usr/lib/libkrb5.so.3.3
7ff21dfb8000-7ff21dfc6000 r--p 000d4000 08:01 532759                     /usr/lib/libkrb5.so.3.3
7ff21dfc6000-7ff21dfc9000 rw-p 000e2000 08:01 532759                     /usr/lib/libkrb5.so.3.3
7ff21dfc9000-7ff21e013000 r-xp 00000000 08:01 532778                     /usr/lib/libgssapi_krb5.so.2.2
7ff21e013000-7ff21e212000 ---p 0004a000 08:01 532778                     /usr/lib/libgssapi_krb5.so.2.2
7ff21e212000-7ff21e214000 r--p 00049000 08:01 532778                     /usr/lib/libgssapi_krb5.so.2.2
7ff21e214000-7ff21e216000 rw-p 0004b000 08:01 532778                     /usr/lib/libgssapi_krb5.so.2.2
7ff21e216000-7ff21e237000 r-xp 00000000 08:01 548981                     /usr/lib/libxcb.so.1.1.0
7ff21e237000-7ff21e436000 ---p 00021000 08:01 548981                     /usr/lib/libxcb.so.1.1.0
7ff21e436000-7ff21e437000 r--p 00020000 08:01 548981                     /usr/lib/libxcb.so.1.1.0
7ff21e437000-7ff21e438000 rw-p 00021000 08:01 548981                     /usr/lib/libxcb.so.1.1.0
7ff21e438000-7ff21e544000 r-xp 00000000 08:01 533725                     /usr/lib/libglib-2.0.so.0.4400.0
7ff21e544000-7ff21e743000 ---p 0010c000 08:01 533725                     /usr/lib/libglib-2.0.so.0.4400.0
7ff21e743000-7ff21e744000 r--p 0010b000 08:01 533725                     /usr/lib/libglib-2.0.so.0.4400.0
7ff21e744000-7ff21e745000 rw-p 0010c000 08:01 533725                     /usr/lib/libglib-2.0.so.0.4400.0
7ff21e745000-7ff21e746000 rw-p 00000000 00:00 0 
7ff21e746000-7ff21e795000 r-xp 00000000 08:01 533728                     /usr/lib/libgobject-2.0.so.0.4400.0
7ff21e795000-7ff21e995000 ---p 0004f000 08:01 533728                     /usr/lib/libgobject-2.0.so.0.4400.0
7ff21e995000-7ff21e996000 r--p 0004f000 08:01 533728                     /usr/lib/libgobject-2.0.so.0.4400.0
7ff21e996000-7ff21e997000 rw-p 00050000 08:01 533728                     /usr/lib/libgobject-2.0.so.0.4400.0
7ff21e997000-7ff21eb0d000 r-xp 00000000 08:01 533729                     /usr/lib/libgio-2.0.so.0.4400.0
7ff21eb0d000-7ff21ed0d000 ---p 00176000 08:01 533729                     /usr/lib/libgio-2.0.so.0.4400.0
7ff21ed0d000-7ff21ed11000 r--p 00176000 08:01 533729                     /usr/lib/libgio-2.0.so.0.4400.0
7ff21ed11000-7ff21ed13000 rw-p 0017a000 08:01 533729                     /usr/lib/libgio-2.0.so.0.4400.0
7ff21ed13000-7ff21ed15000 rw-p 00000000 00:00 0 
7ff21ed15000-7ff21edcb000 r-xp 00000000 08:01 546511                     /usr/lib/libfreetype.so.6.11.4
7ff21edcb000-7ff21efcb000 ---p 000b6000 08:01 546511                     /usr/lib/libfreetype.so.6.11.4
7ff21efcb000-7ff21efd1000 r--p 000b6000 08:01 546511                     /usr/lib/libfreetype.so.6.11.4
7ff21efd1000-7ff21efd2000 rw-p 000bc000 08:01 546511                     /usr/lib/libfreetype.so.6.11.4
7ff21efd2000-7ff21f00d000 r-xp 00000000 08:01 550220                     /usr/lib/libfontconfig.so.1.8.0
7ff21f00d000-7ff21f20c000 ---p 0003b000 08:01 550220                     /usr/lib/libfontconfig.so.1.8.0
7ff21f20c000-7ff21f20e000 r--p 0003a000 08:01 550220                     /usr/lib/libfontconfig.so.1.8.0
7ff21f20e000-7ff21f20f000 rw-p 0003c000 08:01 550220                     /usr/lib/libfontconfig.so.1.8.0
7ff21f20f000-7ff21f284000 r-xp 00000000 08:01 553024                     /usr/lib/libcups.so.2
7ff21f284000-7ff21f483000 ---p 00075000 08:01 553024                     /usr/lib/libcups.so.2
7ff21f483000-7ff21f48b000 rw-p 00074000 08:01 553024                     /usr/lib/libcups.so.2
7ff21f48b000-7ff21f49a000 r-xp 00000000 08:01 551719                     /usr/lib/libXi.so.6.1.0
7ff21f49a000-7ff21f69a000 ---p 0000f000 08:01 551719                     /usr/lib/libXi.so.6.1.0
7ff21f69a000-7ff21f69b000 r--p 0000f000 08:01 551719                     /usr/lib/libXi.so.6.1.0
7ff21f69b000-7ff21f69c000 rw-p 00010000 08:01 551719                     /usr/lib/libXi.so.6.1.0
7ff21f69c000-7ff21f6a1000 r-xp 00000000 08:01 551872                     /usr/lib/libXtst.so.6.1.0
7ff21f6a1000-7ff21f8a0000 ---p 00005000 08:01 551872                     /usr/lib/libXtst.so.6.1.0
7ff21f8a0000-7ff21f8a1000 r--p 00004000 08:01 551872                     /usr/lib/libXtst.so.6.1.0
7ff21f8a1000-7ff21f8a2000 rw-p 00005000 08:01 551872                     /usr/lib/libXtst.so.6.1.0
7ff21f8a2000-7ff21f8ab000 r-xp 00000000 08:01 551728                     /usr/lib/libXrender.so.1.3.0
7ff21f8ab000-7ff21faaa000 ---p 00009000 08:01 551728                     /usr/lib/libXrender.so.1.3.0
7ff21faaa000-7ff21faab000 r--p 00008000 08:01 551728                     /usr/lib/libXrender.so.1.3.0
7ff21faab000-7ff21faac000 rw-p 00009000 08:01 551728                     /usr/lib/libXrender.so.1.3.0
7ff21faac000-7ff21fbe7000 r-xp 00000000 08:01 549068                     /usr/lib/libX11.so.6.3.0
7ff21fbe7000-7ff21fde6000 ---p 0013b000 08:01 549068                     /usr/lib/libX11.so.6.3.0
7ff21fde6000-7ff21fde8000 r--p 0013a000 08:01 549068                     /usr/lib/libX11.so.6.3.0
7ff21fde8000-7ff21fded000 rw-p 0013c000 08:01 549068                     /usr/lib/libX11.so.6.3.0
7ff21fded000-7ff21fdee000 rw-p 00000000 00:00 0 
7ff21fdee000-7ff21fdff000 r-xp 00000000 08:01 550977                     /usr/lib/libXext.so.6.4.0
7ff21fdff000-7ff21fffe000 ---p 00011000 08:01 550977                     /usr/lib/libXext.so.6.4.0
7ff21fffe000-7ff21ffff000 r--p 00010000 08:01 550977                     /usr/lib/libXext.so.6.4.0
7ff21ffff000-7ff220000000 rw-p 00011000 08:01 550977                     /usr/lib/libXext.so.6.4.0
7ff220000000-7ff2203c0000 rw-p 00000000 00:00 0 
7ff2203c0000-7ff224000000 ---p 00000000 00:00 0 
7ff224000000-7ff224021000 rw-p 00000000 00:00 0 
7ff224021000-7ff228000000 ---p 00000000 00:00 0 
7ff228000000-7ff228021000 rw-p 00000000 00:00 0 
7ff228021000-7ff22c000000 ---p 00000000 00:00 0 
7ff22c000000-7ff22c436000 rw-p 00000000 00:00 0 
7ff22c436000-7ff230000000 ---p 00000000 00:00 0 
7ff230000000-7ff230021000 rw-p 00000000 00:00 0 
7ff230021000-7ff234000000 ---p 00000000 00:00 0 
7ff234000000-7ff234021000 rw-p 00000000 00:00 0 
7ff234021000-7ff238000000 ---p 00000000 00:00 0 
7ff238000000-7ff238022000 rw-p 00000000 00:00 0 
7ff238022000-7ff23c000000 ---p 00000000 00:00 0 
7ff23c000000-7ff23c021000 rw-p 00000000 00:00 0 
7ff23c021000-7ff240000000 ---p 00000000 00:00 0 
7ff240000000-7ff240021000 rw-p 00000000 00:00 0 
7ff240021000-7ff244000000 ---p 00000000 00:00 0 
7ff244002000-7ff244003000 rw-p 00000000 00:00 0 
7ff244003000-7ff24400b000 rw-s 00000000 00:05 37399                      /drm mm object (deleted)
7ff24400b000-7ff244013000 rw-s 00000000 00:05 36814                      /drm mm object (deleted)
7ff244013000-7ff24401b000 rw-s 00000000 00:05 36811                      /drm mm object (deleted)
7ff24401b000-7ff244023000 rw-s 00000000 00:05 36674                      /drm mm object (deleted)
7ff244023000-7ff244024000 rw-s 104a2e000 00:06 9182                      /dev/dri/card0
7ff244024000-7ff24402c000 rw-s 00000000 00:05 36648                      /drm mm object (deleted)
7ff24402c000-7ff244034000 rw-s 00000000 00:05 36685                      /drm mm object (deleted)
7ff244034000-7ff24403c000 rw-s 00000000 00:05 37300                      /drm mm object (deleted)
7ff24403c000-7ff244044000 rw-s 00000000 00:05 36637                      /drm mm object (deleted)
7ff244044000-7ff24404c000 rw-s 00000000 00:05 37292                      /drm mm object (deleted)
7ff24404c000-7ff244054000 rw-s 00000000 00:05 37288                      /drm mm object (deleted)
7ff244054000-7ff244085000 rw-p 00000000 00:00 0 
7ff244085000-7ff244088000 ---p 00000000 00:00 0 
7ff244088000-7ff2440be000 rw-p 00000000 00:00 0                          [stack:5213]
7ff2440be000-7ff2440c3000 r--s 0004d000 08:01 172970                     /usr/lib/jvm/java-7-openjdk/jre/lib/jsse.jar
7ff2440c3000-7ff24410a000 r-xp 00000000 08:01 173482                     /usr/lib/jvm/java-7-openjdk/jre/lib/amd64/xawt/libmawt.so
7ff24410a000-7ff24430a000 ---p 00047000 08:01 173482                     /usr/lib/jvm/java-7-openjdk/jre/lib/amd64/xawt/libmawt.so
7ff24430a000-7ff24430d000 rw-p 00047000 08:01 173482                     /usr/lib/jvm/java-7-openjdk/jre/lib/amd64/xawt/libmawt.so
7ff24430d000-7ff24430e000 rw-p 00000000 00:00 0 
7ff24430e000-7ff2443ae000 r-xp 00000000 08:01 173451                     /usr/lib/jvm/java-7-openjdk/jre/lib/amd64/libawt.so
7ff2443ae000-7ff2445ae000 ---p 000a0000 08:01 173451                     /usr/lib/jvm/java-7-openjdk/jre/lib/amd64/libawt.so
7ff2445ae000-7ff2445ba000 rw-p 000a0000 08:01 173451                     /usr/lib/jvm/java-7-openjdk/jre/lib/amd64/libawt.so
7ff2445ba000-7ff2445de000 rw-p 00000000 00:00 0 
7ff2445de000-7ff244601000 r--s 00308000 08:01 417591                     /home/cookiedragon/workspace/Computergrafik/Computergrafik/lib/jogl-all.jar
7ff244601000-7ff244602000 ---p 00000000 00:00 0 
7ff244602000-7ff244702000 rw-p 00000000 00:00 0                          [stack:5206]
7ff244702000-7ff244705000 ---p 00000000 00:00 0 
7ff244705000-7ff244803000 rw-p 00000000 00:00 0                          [stack:5205]
7ff244803000-7ff244806000 ---p 00000000 00:00 0 
7ff244806000-7ff244904000 rw-p 00000000 00:00 0                          [stack:5204]
7ff244904000-7ff244907000 ---p 00000000 00:00 0 
7ff244907000-7ff244a05000 rw-p 00000000 00:00 0                          [stack:5203]
7ff244a05000-7ff244a08000 ---p 00000000 00:00 0 
7ff244a08000-7ff244b06000 rw-p 00000000 00:00 0                          [stack:5202]
7ff244b06000-7ff244dfe000 r--p 00000000 08:01 545361                     /usr/lib/locale/locale-archive
7ff244dfe000-7ff244e01000 ---p 00000000 00:00 0 
7ff244e01000-7ff244eff000 rw-p 00000000 00:00 0                          [stack:5200]
7ff244eff000-7ff244f02000 ---p 00000000 00:00 0 
7ff244f02000-7ff245000000 rw-p 00000000 00:00 0                          [stack:5199]
7ff245000000-7ff245270000 rwxp 00000000 00:00 0 
7ff245270000-7ff248928000 rw-p 00000000 00:00 0 
7ff248928000-7ff24c000000 ---p 00000000 00:00 0 
7ff24c000000-7ff24c001000 rw-s 104a2d000 00:06 9182                      /dev/dri/card0
7ff24c001000-7ff24c002000 rwxp 00000000 00:00 0 
7ff24c002000-7ff24c003000 rw-s 00000000 00:05 37289                      /drm mm object (deleted)
7ff24c003000-7ff24c004000 rw-s 104a2c000 00:06 9182                      /dev/dri/card0
7ff24c004000-7ff24c00e000 r--s 000ae000 08:01 172969                     /usr/lib/jvm/java-7-openjdk/jre/lib/resources.jar
7ff24c00e000-7ff24c018000 r--s 00203000 08:01 172965                     /usr/lib/jvm/java-7-openjdk/jre/lib/charsets.jar
7ff24c018000-7ff24c01e000 r--s 0004a000 08:01 417587                     /home/cookiedragon/workspace/Computergrafik/Computergrafik/lib/gluegen-rt.jar
7ff24c01e000-7ff24c01f000 ---p 00000000 00:00 0 
7ff24c01f000-7ff24cad4000 rw-p 00000000 00:00 0                          [stack:5198]
7ff24cad4000-7ff24cc85000 r--s 01d27000 08:01 172968                     /usr/lib/jvm/java-7-openjdk/jre/lib/rt.jar
7ff24cc85000-7ff24e91e000 rw-p 00000000 00:00 0 
7ff24e91e000-7ff24e91f000 ---p 00000000 00:00 0 
7ff24e91f000-7ff24ea1f000 rw-p 00000000 00:00 0                          [stack:5195]
7ff24ea1f000-7ff24ea20000 ---p 00000000 00:00 0 
7ff24ea20000-7ff24eb32000 rw-p 00000000 00:00 0                          [stack:5194]
7ff24eb32000-7ff24eb73000 rw-p 00000000 00:00 0 
7ff24eb73000-7ff24ebac000 rw-p 00000000 00:00 0 
7ff24ebac000-7ff24ec51000 rw-p 00000000 00:00 0 
7ff24ec51000-7ff24ec63000 rw-p 00000000 00:00 0 
7ff24ec63000-7ff24eca4000 rw-p 00000000 00:00 0 
7ff24eca4000-7ff24ecdd000 rw-p 00000000 00:00 0 
7ff24ecdd000-7ff24ed82000 rw-p 00000000 00:00 0 
7ff24ed82000-7ff24edba000 rw-p 00000000 00:00 0 
7ff24edba000-7ff24edf1000 rw-p 00000000 00:00 0 
7ff24edf1000-7ff24edf2000 rw-p 00000000 00:00 0 
7ff24edf2000-7ff24edfa000 r-xp 00000000 08:01 173437                     /usr/lib/jvm/java-7-openjdk/jre/lib/amd64/libzip.so
7ff24edfa000-7ff24eff9000 ---p 00008000 08:01 173437                     /usr/lib/jvm/java-7-openjdk/jre/lib/amd64/libzip.so
7ff24eff9000-7ff24effa000 rw-p 00007000 08:01 173437                     /usr/lib/jvm/java-7-openjdk/jre/lib/amd64/libzip.so
7ff24effa000-7ff24f005000 r-xp 00000000 08:01 525390                     /usr/lib/libnss_files-2.21.so
7ff24f005000-7ff24f205000 ---p 0000b000 08:01 525390                     /usr/lib/libnss_files-2.21.so
7ff24f205000-7ff24f206000 r--p 0000b000 08:01 525390                     /usr/lib/libnss_files-2.21.so
7ff24f206000-7ff24f207000 rw-p 0000c000 08:01 525390                     /usr/lib/libnss_files-2.21.so
7ff24f207000-7ff24f233000 r-xp 00000000 08:01 173436                     /usr/lib/jvm/java-7-openjdk/jre/lib/amd64/libjava.so
7ff24f233000-7ff24f432000 ---p 0002c000 08:01 173436                     /usr/lib/jvm/java-7-openjdk/jre/lib/amd64/libjava.so
7ff24f432000-7ff24f434000 rw-p 0002b000 08:01 173436                     /usr/lib/jvm/java-7-openjdk/jre/lib/amd64/libjava.so
7ff24f434000-7ff24f441000 r-xp 00000000 08:01 173435                     /usr/lib/jvm/java-7-openjdk/jre/lib/amd64/libverify.so
7ff24f441000-7ff24f640000 ---p 0000d000 08:01 173435                     /usr/lib/jvm/java-7-openjdk/jre/lib/amd64/libverify.so
7ff24f640000-7ff24f642000 rw-p 0000c000 08:01 173435                     /usr/lib/jvm/java-7-openjdk/jre/lib/amd64/libverify.so
7ff24f642000-7ff24f649000 r-xp 00000000 08:01 525422                     /usr/lib/librt-2.21.so
7ff24f649000-7ff24f848000 ---p 00007000 08:01 525422                     /usr/lib/librt-2.21.so
7ff24f848000-7ff24f849000 r--p 00006000 08:01 525422                     /usr/lib/librt-2.21.so
7ff24f849000-7ff24f84a000 rw-p 00007000 08:01 525422                     /usr/lib/librt-2.21.so
7ff24f84a000-7ff24f860000 r-xp 00000000 08:01 525754                     /usr/lib/libgcc_s.so.1
7ff24f860000-7ff24fa5f000 ---p 00016000 08:01 525754                     /usr/lib/libgcc_s.so.1
7ff24fa5f000-7ff24fa60000 rw-p 00015000 08:01 525754                     /usr/lib/libgcc_s.so.1
7ff24fa60000-7ff24fb63000 r-xp 00000000 08:01 525449                     /usr/lib/libm-2.21.so
7ff24fb63000-7ff24fd63000 ---p 00103000 08:01 525449                     /usr/lib/libm-2.21.so
7ff24fd63000-7ff24fd64000 r--p 00103000 08:01 525449                     /usr/lib/libm-2.21.so
7ff24fd64000-7ff24fd65000 rw-p 00104000 08:01 525449                     /usr/lib/libm-2.21.so
7ff24fd65000-7ff24fe55000 r-xp 00000000 08:01 525758                     /usr/lib/libstdc++.so.6.0.20
7ff24fe55000-7ff250055000 ---p 000f0000 08:01 525758                     /usr/lib/libstdc++.so.6.0.20
7ff250055000-7ff25005d000 r--p 000f0000 08:01 525758                     /usr/lib/libstdc++.so.6.0.20
7ff25005d000-7ff25005f000 rw-p 000f8000 08:01 525758                     /usr/lib/libstdc++.so.6.0.20
7ff25005f000-7ff250074000 rw-p 00000000 00:00 0 
7ff250074000-7ff250bc9000 r-xp 00000000 08:01 173469                     /usr/lib/jvm/java-7-openjdk/jre/lib/amd64/server/libjvm.so
7ff250bc9000-7ff250dc9000 ---p 00b55000 08:01 173469                     /usr/lib/jvm/java-7-openjdk/jre/lib/amd64/server/libjvm.so
7ff250dc9000-7ff250e8b000 rw-p 00b55000 08:01 173469                     /usr/lib/jvm/java-7-openjdk/jre/lib/amd64/server/libjvm.so
7ff250e8b000-7ff250eb7000 rw-p 00000000 00:00 0 
7ff250eb7000-7ff250ecc000 r-xp 00000000 08:01 528491                     /usr/lib/libz.so.1.2.8
7ff250ecc000-7ff2510cb000 ---p 00015000 08:01 528491                     /usr/lib/libz.so.1.2.8
7ff2510cb000-7ff2510cc000 r--p 00014000 08:01 528491                     /usr/lib/libz.so.1.2.8
7ff2510cc000-7ff2510cd000 rw-p 00015000 08:01 528491                     /usr/lib/libz.so.1.2.8
7ff2510cd000-7ff251266000 r-xp 00000000 08:01 525401                     /usr/lib/libc-2.21.so
7ff251266000-7ff251466000 ---p 00199000 08:01 525401                     /usr/lib/libc-2.21.so
7ff251466000-7ff25146a000 r--p 00199000 08:01 525401                     /usr/lib/libc-2.21.so
7ff25146a000-7ff25146c000 rw-p 0019d000 08:01 525401                     /usr/lib/libc-2.21.so
7ff25146c000-7ff251470000 rw-p 00000000 00:00 0 
7ff251470000-7ff251472000 r-xp 00000000 08:01 525431                     /usr/lib/libdl-2.21.so
7ff251472000-7ff251672000 ---p 00002000 08:01 525431                     /usr/lib/libdl-2.21.so
7ff251672000-7ff251673000 r--p 00002000 08:01 525431                     /usr/lib/libdl-2.21.so
7ff251673000-7ff251674000 rw-p 00003000 08:01 525431                     /usr/lib/libdl-2.21.so
7ff251674000-7ff251681000 r-xp 00000000 08:01 173465                     /usr/lib/jvm/java-7-openjdk/jre/lib/amd64/jli/libjli.so
7ff251681000-7ff251880000 ---p 0000d000 08:01 173465                     /usr/lib/jvm/java-7-openjdk/jre/lib/amd64/jli/libjli.so
7ff251880000-7ff251881000 rw-p 0000c000 08:01 173465                     /usr/lib/jvm/java-7-openjdk/jre/lib/amd64/jli/libjli.so
7ff251881000-7ff251899000 r-xp 00000000 08:01 525421                     /usr/lib/libpthread-2.21.so
7ff251899000-7ff251a98000 ---p 00018000 08:01 525421                     /usr/lib/libpthread-2.21.so
7ff251a98000-7ff251a99000 r--p 00017000 08:01 525421                     /usr/lib/libpthread-2.21.so
7ff251a99000-7ff251a9a000 rw-p 00018000 08:01 525421                     /usr/lib/libpthread-2.21.so
7ff251a9a000-7ff251a9e000 rw-p 00000000 00:00 0 
7ff251a9e000-7ff251ac0000 r-xp 00000000 08:01 525445                     /usr/lib/ld-2.21.so
7ff251ac0000-7ff251ac1000 r--p 00000000 00:00 0 
7ff251ac1000-7ff251ac2000 r--p 00000000 08:01 525354                     /usr/share/locale/en_GB/LC_MESSAGES/libc.mo
7ff251ac2000-7ff251ac3000 r--s 00033000 08:01 417589                     /home/cookiedragon/workspace/Computergrafik/Computergrafik/lib/jogl-all-natives-linux-amd64.jar
7ff251ac3000-7ff251ac5000 r--s 00000000 08:01 417585                     /home/cookiedragon/workspace/Computergrafik/Computergrafik/lib/gluegen-rt-natives-linux-amd64.jar
7ff251ac5000-7ff251acf000 r--s 0005c000 08:01 417592                     /home/cookiedragon/workspace/Computergrafik/Computergrafik/lib/rabbitmq-client.jar
7ff251acf000-7ff251ad2000 r--s 00011000 08:01 417588                     /home/cookiedragon/workspace/Computergrafik/Computergrafik/lib/javax.json-1.0.2.jar
7ff251ad2000-7ff251ad5000 r--s 0000e000 08:01 417584                     /home/cookiedragon/workspace/Computergrafik/Computergrafik/lib/commons-io-1.2.jar
7ff251ad5000-7ff251ad6000 r--s 00008000 08:01 417583                     /home/cookiedragon/workspace/Computergrafik/Computergrafik/lib/commons-cli-1.1.jar
7ff251ad6000-7ff251ae0000 rw-p 00000000 00:00 0 
7ff251ae0000-7ff251b96000 rw-p 00000000 00:00 0 
7ff251b96000-7ff251b99000 ---p 00000000 00:00 0 
7ff251b99000-7ff251c9b000 rw-p 00000000 00:00 0                          [stack:5193]
7ff251c9b000-7ff251c9d000 r--s 0000c000 08:01 576523                     /usr/share/eclipse/plugins/org.hamcrest.core_1.3.0.v201303031735.jar
7ff251c9d000-7ff251ca3000 r--s 00036000 08:01 576899                     /usr/share/eclipse/plugins/org.junit_4.11.0.v201303080030/junit.jar
7ff251ca3000-7ff251cb4000 rw-p 00000000 00:00 0 
7ff251cb4000-7ff251cbc000 rw-s 00000000 00:1e 36561                      /tmp/hsperfdata_cookiedragon/5191
7ff251cbc000-7ff251cbd000 rw-p 00000000 00:00 0 
7ff251cbd000-7ff251cbe000 ---p 00000000 00:00 0 
7ff251cbe000-7ff251cbf000 rw-p 00000000 00:00 0 
7ff251cbf000-7ff251cc0000 r--p 00021000 08:01 525445                     /usr/lib/ld-2.21.so
7ff251cc0000-7ff251cc1000 rw-p 00022000 08:01 525445                     /usr/lib/ld-2.21.so
7ff251cc1000-7ff251cc2000 rw-p 00000000 00:00 0 
7ffe78a99000-7ffe78aba000 rw-p 00000000 00:00 0                          [stack]
7ffe78bb5000-7ffe78bb7000 r--p 00000000 00:00 0                          [vvar]
7ffe78bb7000-7ffe78bb9000 r-xp 00000000 00:00 0                          [vdso]
ffffffffff600000-ffffffffff601000 r-xp 00000000 00:00 0                  [vsyscall]

VM Arguments:
jvm_args: -Dfile.encoding=UTF-8 
java_command: aufgabe3.Aufgabe3
Launcher Type: SUN_STANDARD

Environment Variables:
PATH=/usr/local/sbin:/usr/local/bin:/usr/bin:/usr/lib/jvm/default/bin:/usr/bin/site_perl:/usr/bin/vendor_perl:/usr/bin/core_perl
USERNAME=cookiedragon
SHELL=/bin/bash
DISPLAY=:0

Signal Handlers:
SIGSEGV: [libjvm.so+0x989390], sa_mask[0]=0x7ffbfeff, sa_flags=0x10000004
SIGBUS: [libjvm.so+0x989390], sa_mask[0]=0x7ffbfeff, sa_flags=0x10000004
SIGFPE: [libjvm.so+0x7f74d0], sa_mask[0]=0x7ffbfeff, sa_flags=0x10000004
SIGPIPE: [libjvm.so+0x7f74d0], sa_mask[0]=0x7ffbfeff, sa_flags=0x10000004
SIGXFSZ: [libjvm.so+0x7f74d0], sa_mask[0]=0x7ffbfeff, sa_flags=0x10000004
SIGILL: [libjvm.so+0x7f74d0], sa_mask[0]=0x7ffbfeff, sa_flags=0x10000004
SIGUSR1: SIG_DFL, sa_mask[0]=0x00000000, sa_flags=0x00000000
SIGUSR2: [libjvm.so+0x7f7350], sa_mask[0]=0x00000004, sa_flags=0x10000004
SIGHUP: [libjvm.so+0x7f7550], sa_mask[0]=0x7ffbfeff, sa_flags=0x10000004
SIGINT: [libjvm.so+0x7f7550], sa_mask[0]=0x7ffbfeff, sa_flags=0x10000004
SIGTERM: [libjvm.so+0x7f7550], sa_mask[0]=0x7ffbfeff, sa_flags=0x10000004
SIGQUIT: [libjvm.so+0x7f7550], sa_mask[0]=0x7ffbfeff, sa_flags=0x10000004
SIGTRAP: SIG_DFL, sa_mask[0]=0x00000000, sa_flags=0x00000000


---------------  S Y S T E M  ---------------

OS:Linux
uname:Linux 4.0.1-1-ARCH #1 SMP PREEMPT Wed Apr 29 12:00:26 CEST 2015 x86_64
libc:glibc 2.21 NPTL 2.21 
rlimit: STACK 8192k, CORE 0k, NPROC 7495, NOFILE 4096, AS infinity
load average:0,87 0,55 0,28

/proc/meminfo:
MemTotal:        1924852 kB
MemFree:           91928 kB
MemAvailable:      23892 kB
Buffers:             224 kB
Cached:           255856 kB
SwapCached:            0 kB
Active:          1474316 kB
Inactive:         241812 kB
Active(anon):    1470424 kB
Inactive(anon):   231548 kB
Active(file):       3892 kB
Inactive(file):    10264 kB
Unevictable:           0 kB
Mlocked:               0 kB
SwapTotal:             0 kB
SwapFree:              0 kB
Dirty:               152 kB
Writeback:             0 kB
AnonPages:       1460484 kB
Mapped:            33548 kB
Shmem:            241444 kB
Slab:              39904 kB
SReclaimable:      18708 kB
SUnreclaim:        21196 kB
KernelStack:        6560 kB
PageTables:        25964 kB
NFS_Unstable:          0 kB
Bounce:                0 kB
WritebackTmp:          0 kB
CommitLimit:      962424 kB
Committed_AS:    4100108 kB
VmallocTotal:   34359738367 kB
VmallocUsed:      364040 kB
VmallocChunk:   34359326956 kB
HardwareCorrupted:     0 kB
AnonHugePages:    602112 kB
HugePages_Total:       0
HugePages_Free:        0
HugePages_Rsvd:        0
HugePages_Surp:        0
Hugepagesize:       2048 kB
DirectMap4k:       76264 kB
DirectMap2M:     1959936 kB
DirectMap1G:           0 kB


CPU:total 2 (2 cores per cpu, 1 threads per core) family 6 model 69 stepping 1, cmov, cx8, fxsr, mmx, sse, sse2, sse3, ssse3, sse4.1, sse4.2, popcnt, erms, tsc, tscinvbit

/proc/cpuinfo:
processor	: 0
vendor_id	: GenuineIntel
cpu family	: 6
model		: 69
model name	: Intel(R) Celeron(R) 2955U @ 1.40GHz
stepping	: 1
microcode	: 0x1c
cpu MHz		: 1189.070
cache size	: 2048 KB
physical id	: 0
siblings	: 2
core id		: 0
cpu cores	: 2
apicid		: 0
initial apicid	: 0
fpu		: yes
fpu_exception	: yes
cpuid level	: 13
wp		: yes
flags		: fpu vme de pse tsc msr pae mce cx8 apic sep mtrr pge mca cmov pat pse36 clflush dts acpi mmx fxsr sse sse2 ss ht tm pbe syscall nx pdpe1gb rdtscp lm constant_tsc arch_perfmon pebs bts rep_good nopl xtopology nonstop_tsc aperfmperf eagerfpu pni pclmulqdq dtes64 monitor ds_cpl vmx est tm2 ssse3 cx16 xtpr pdcm pcid sse4_1 sse4_2 movbe popcnt tsc_deadline_timer xsave rdrand lahf_lm abm arat epb pln pts dtherm tpr_shadow vnmi flexpriority ept vpid fsgsbase tsc_adjust erms invpcid xsaveopt
bugs		:
bogomips	: 2794.86
clflush size	: 64
cache_alignment	: 64
address sizes	: 39 bits physical, 48 bits virtual
power management:

processor	: 1
vendor_id	: GenuineIntel
cpu family	: 6
model		: 69
model name	: Intel(R) Celeron(R) 2955U @ 1.40GHz
stepping	: 1
microcode	: 0x1c
cpu MHz		: 800.570
cache size	: 2048 KB
physical id	: 0
siblings	: 2
core id		: 1
cpu cores	: 2
apicid		: 2
initial apicid	: 2
fpu		: yes
fpu_exception	: yes
cpuid level	: 13
wp		: yes
flags		: fpu vme de pse tsc msr pae mce cx8 apic sep mtrr pge mca cmov pat pse36 clflush dts acpi mmx fxsr sse sse2 ss ht tm pbe syscall nx pdpe1gb rdtscp lm constant_tsc arch_perfmon pebs bts rep_good nopl xtopology nonstop_tsc aperfmperf eagerfpu pni pclmulqdq dtes64 monitor ds_cpl vmx est tm2 ssse3 cx16 xtpr pdcm pcid sse4_1 sse4_2 movbe popcnt tsc_deadline_timer xsave rdrand lahf_lm abm arat epb pln pts dtherm tpr_shadow vnmi flexpriority ept vpid fsgsbase tsc_adjust erms invpcid xsaveopt
bugs		:
bogomips	: 2794.86
clflush size	: 64
cache_alignment	: 64
address sizes	: 39 bits physical, 48 bits virtual
power management:



Memory: 4k page, physical 1924852k(92180k free), swap 0k(0k free)

vm_info: OpenJDK 64-Bit Server VM (24.79-b02) for linux-amd64 JRE (1.7.0_79-b14), built on Apr 15 2015 12:42:59 by "builduser" with gcc 4.9.2 20150304 (prerelease)

time: Thu May  7 23:27:42 2015
elapsed time: 5 seconds

