#
# There is insufficient memory for the Java Runtime Environment to continue.
# Native memory allocation (malloc) failed to allocate 15728640 bytes for committing reserved memory.
# Possible reasons:
#   The system is out of physical RAM or swap space
#   In 32 bit mode, the process size limit was hit
# Possible solutions:
#   Reduce memory load on the system
#   Increase physical memory or swap space
#   Check if swap backing store is full
#   Use 64 bit Java on a 64 bit OS
#   Decrease Java heap size (-Xmx/-Xms)
#   Decrease number of Java threads
#   Decrease Java thread stack sizes (-Xss)
#   Set larger code cache with -XX:ReservedCodeCacheSize=
# This output file may be truncated or incomplete.
#
#  Out of Memory Error (os_linux.cpp:2809), pid=1758, tid=140687248467712
#
# JRE version: OpenJDK Runtime Environment (7.0_79-b14) (build 1.7.0_79-b14)
# Java VM: OpenJDK 64-Bit Server VM (24.79-b02 mixed mode linux-amd64 compressed oops)
# Derivative: IcedTea 2.5.5
# Distribution: Custom build (Wed Apr 15 12:39:15 UTC 2015)
# Failed to write core dump. Core dumps have been disabled. To enable core dumping, try "ulimit -c unlimited" before starting Java again
#

---------------  T H R E A D  ---------------

Current thread (0x00007ff45006f800):  VMThread [stack: 0x00007ff44d682000,0x00007ff44d783000] [id=1767]

Stack: [0x00007ff44d682000,0x00007ff44d783000],  sp=0x00007ff44d7814e0,  free space=1021k
Native frames: (J=compiled Java code, j=interpreted, Vv=VM code, C=native code)
V  [libjvm.so+0x9888a6]
V  [libjvm.so+0x48eff2]
V  [libjvm.so+0x7fbf2b]
V  [libjvm.so+0x7f667e]
V  [libjvm.so+0x868ecb]
V  [libjvm.so+0x869d73]
V  [libjvm.so+0x86a48b]
V  [libjvm.so+0x865e99]
V  [libjvm.so+0x866678]
V  [libjvm.so+0x81e443]
V  [libjvm.so+0x98a172]
V  [libjvm.so+0x98ea07]
V  [libjvm.so+0x98cfeb]
V  [libjvm.so+0x98d696]
V  [libjvm.so+0x98db61]
V  [libjvm.so+0x7f8e72]

VM_Operation (0x00007ff45a36b6f0): ParallelGCFailedAllocation, mode: safepoint, requested by thread 0x00007ff450009000


---------------  P R O C E S S  ---------------

Java Threads: ( => current thread )
  0x00007ff4500a9800 JavaThread "Service Thread" daemon [_thread_blocked, id=1774, stack(0x00007ff44cd84000,0x00007ff44ce85000)]
  0x00007ff4500a7800 JavaThread "C2 CompilerThread1" daemon [_thread_blocked, id=1772, stack(0x00007ff44ce85000,0x00007ff44cf86000)]
  0x00007ff4500a4800 JavaThread "C2 CompilerThread0" daemon [_thread_blocked, id=1771, stack(0x00007ff44cf86000,0x00007ff44d087000)]
  0x00007ff4500a2000 JavaThread "Signal Dispatcher" daemon [_thread_blocked, id=1770, stack(0x00007ff44d087000,0x00007ff44d188000)]
  0x00007ff450076000 JavaThread "Finalizer" daemon [_thread_blocked, id=1769, stack(0x00007ff44d480000,0x00007ff44d581000)]
  0x00007ff450074000 JavaThread "Reference Handler" daemon [_thread_blocked, id=1768, stack(0x00007ff44d581000,0x00007ff44d682000)]
  0x00007ff450009000 JavaThread "main" [_thread_blocked, id=1764, stack(0x00007ff45a26c000,0x00007ff45a36d000)]

Other Threads:
=>0x00007ff45006f800 VMThread [stack: 0x00007ff44d682000,0x00007ff44d783000] [id=1767]
  0x00007ff4500ac800 WatcherThread [stack: 0x00007ff44cc83000,0x00007ff44cd84000] [id=1775]

VM state:at safepoint (normal execution)

VM Mutex/Monitor currently owned by a thread:  ([mutex/lock_event])
[0x00007ff4500068d0] Threads_lock - owner thread: 0x00007ff45006f800
[0x00007ff450006dd0] Heap_lock - owner thread: 0x00007ff450009000

Heap
 PSYoungGen      total 17408K, used 384K [0x00000000f2200000, 0x00000000f3400000, 0x0000000100000000)
  eden space 16384K, 0% used [0x00000000f2200000,0x00000000f2200000,0x00000000f3200000)
  from space 1024K, 37% used [0x00000000f3200000,0x00000000f3260000,0x00000000f3300000)
  to   space 1024K, 0% used [0x00000000f3300000,0x00000000f3300000,0x00000000f3400000)
 ParOldGen       total 19968K, used 2408K [0x00000000d6600000, 0x00000000d7980000, 0x00000000f2200000)
  object space 19968K, 12% used [0x00000000d6600000,0x00000000d685a020,0x00000000d7980000)
 PSPermGen       total 21504K, used 3476K [0x00000000cc000000, 0x00000000cd500000, 0x00000000d6600000)
  object space 21504K, 16% used [0x00000000cc000000,0x00000000cc365130,0x00000000cd500000)

Card table byte_map: [0x00007ff4542b6000,0x00007ff454457000] byte_map_base: 0x00007ff453c56000

Polling page: 0x00007ff45a393000

Code Cache  [0x00007ff454457000, 0x00007ff4546c7000, 0x00007ff457457000)
 total_blobs=238 nmethods=22 adapters=171 free_code_cache=48730Kb largest_free_block=49880064

Compilation events (10 events):
Event: 12,796 Thread 0x00007ff4500a4800 nmethod 17 0x00007ff4544bec50 code [0x00007ff4544bed80, 0x00007ff4544bedf8]
Event: 12,813 Thread 0x00007ff4500a4800   20             java.lang.Math::min (45 bytes)
Event: 14,874 Thread 0x00007ff4500a4800 nmethod 20 0x00007ff4544bc750 code [0x00007ff4544bc8a0, 0x00007ff4544bc938]
Event: 14,881 Thread 0x00007ff4500a4800   21             java.lang.Math::max (45 bytes)
Event: 17,032 Thread 0x00007ff4500a4800 nmethod 21 0x00007ff4544bc510 code [0x00007ff4544bc660, 0x00007ff4544bc6d8]
Event: 17,044 Thread 0x00007ff4500a4800   22 %           computergraphics.projects.Raytracer::render @ 198 (300 bytes)
Event: 34,502 Thread 0x00007ff4500a7800 nmethod 19 0x00007ff4544c3e90 code [0x00007ff4544c40e0, 0x00007ff4544c4868]
Event: 34,752 Thread 0x00007ff4500a7800   23             java.util.ArrayList::get (11 bytes)
Event: 41,935 Thread 0x00007ff4500a7800 nmethod 23 0x00007ff4544c0ed0 code [0x00007ff4544c1020, 0x00007ff4544c10d8]
Event: 42,134 Thread 0x00007ff4500a7800   24             java.util.ArrayList::rangeCheck (22 bytes)

GC Heap History (9 events):
Event: 6,825 GC heap before
{Heap before GC invocations=1 (full 0):
 PSYoungGen      total 9216K, used 8192K [0x00000000f2200000, 0x00000000f2c00000, 0x0000000100000000)
  eden space 8192K, 100% used [0x00000000f2200000,0x00000000f2a00000,0x00000000f2a00000)
  from space 1024K, 0% used [0x00000000f2b00000,0x00000000f2b00000,0x00000000f2c00000)
  to   space 1024K, 0% used [0x00000000f2a00000,0x00000000f2a00000,0x00000000f2b00000)
 ParOldGen       total 19968K, used 0K [0x00000000d6600000, 0x00000000d7980000, 0x00000000f2200000)
  object space 19968K, 0% used [0x00000000d6600000,0x00000000d6600000,0x00000000d7980000)
 PSPermGen       total 21504K, used 3476K [0x00000000cc000000, 0x00000000cd500000, 0x00000000d6600000)
  object space 21504K, 16% used [0x00000000cc000000,0x00000000cc3650f0,0x00000000cd500000)
Event: 6,838 GC heap after
Heap after GC invocations=1 (full 0):
 PSYoungGen      total 9216K, used 416K [0x00000000f2200000, 0x00000000f2c00000, 0x0000000100000000)
  eden space 8192K, 0% used [0x00000000f2200000,0x00000000f2200000,0x00000000f2a00000)
  from space 1024K, 40% used [0x00000000f2a00000,0x00000000f2a68000,0x00000000f2b00000)
  to   space 1024K, 0% used [0x00000000f2b00000,0x00000000f2b00000,0x00000000f2c00000)
 ParOldGen       total 19968K, used 2400K [0x00000000d6600000, 0x00000000d7980000, 0x00000000f2200000)
  object space 19968K, 12% used [0x00000000d6600000,0x00000000d6858020,0x00000000d7980000)
 PSPermGen       total 21504K, used 3476K [0x00000000cc000000, 0x00000000cd500000, 0x00000000d6600000)
  object space 21504K, 16% used [0x00000000cc000000,0x00000000cc3650f0,0x00000000cd500000)
}
Event: 13,293 GC heap before
{Heap before GC invocations=2 (full 0):
 PSYoungGen      total 9216K, used 8608K [0x00000000f2200000, 0x00000000f2c00000, 0x0000000100000000)
  eden space 8192K, 100% used [0x00000000f2200000,0x00000000f2a00000,0x00000000f2a00000)
  from space 1024K, 40% used [0x00000000f2a00000,0x00000000f2a68000,0x00000000f2b00000)
  to   space 1024K, 0% used [0x00000000f2b00000,0x00000000f2b00000,0x00000000f2c00000)
 ParOldGen       total 19968K, used 2400K [0x00000000d6600000, 0x00000000d7980000, 0x00000000f2200000)
  object space 19968K, 12% used [0x00000000d6600000,0x00000000d6858020,0x00000000d7980000)
 PSPermGen       total 21504K, used 3476K [0x00000000cc000000, 0x00000000cd500000, 0x00000000d6600000)
  object space 21504K, 16% used [0x00000000cc000000,0x00000000cc3650f0,0x00000000cd500000)
Event: 13,952 GC heap after
Heap after GC invocations=2 (full 0):
 PSYoungGen      total 9216K, used 384K [0x00000000f2200000, 0x00000000f3400000, 0x0000000100000000)
  eden space 8192K, 0% used [0x00000000f2200000,0x00000000f2200000,0x00000000f2a00000)
  from space 1024K, 37% used [0x00000000f2b00000,0x00000000f2b60000,0x00000000f2c00000)
  to   space 1024K, 0% used [0x00000000f2a00000,0x00000000f2a00000,0x00000000f2b00000)
 ParOldGen       total 19968K, used 2400K [0x00000000d6600000, 0x00000000d7980000, 0x00000000f2200000)
  object space 19968K, 12% used [0x00000000d6600000,0x00000000d6858020,0x00000000d7980000)
 PSPermGen       total 21504K, used 3476K [0x00000000cc000000, 0x00000000cd500000, 0x00000000d6600000)
  object space 21504K, 16% used [0x00000000cc000000,0x00000000cc3650f0,0x00000000cd500000)
}
Event: 18,152 GC heap before
{Heap before GC invocations=3 (full 0):
 PSYoungGen      total 9216K, used 8576K [0x00000000f2200000, 0x00000000f3400000, 0x0000000100000000)
  eden space 8192K, 100% used [0x00000000f2200000,0x00000000f2a00000,0x00000000f2a00000)
  from space 1024K, 37% used [0x00000000f2b00000,0x00000000f2b60000,0x00000000f2c00000)
  to   space 1024K, 0% used [0x00000000f2a00000,0x00000000f2a00000,0x00000000f2b00000)
 ParOldGen       total 19968K, used 2400K [0x00000000d6600000, 0x00000000d7980000, 0x00000000f2200000)
  object space 19968K, 12% used [0x00000000d6600000,0x00000000d6858020,0x00000000d7980000)
 PSPermGen       total 21504K, used 3476K [0x00000000cc000000, 0x00000000cd500000, 0x00000000d6600000)
  object space 21504K, 16% used [0x00000000cc000000,0x00000000cc3650f0,0x00000000cd500000)
Event: 19,487 GC heap after
Heap after GC invocations=3 (full 0):
 PSYoungGen      total 9216K, used 352K [0x00000000f2200000, 0x00000000f3400000, 0x0000000100000000)
  eden space 8192K, 0% used [0x00000000f2200000,0x00000000f2200000,0x00000000f2a00000)
  from space 1024K, 34% used [0x00000000f2a00000,0x00000000f2a58000,0x00000000f2b00000)
  to   space 1024K, 0% used [0x00000000f3300000,0x00000000f3300000,0x00000000f3400000)
 ParOldGen       total 19968K, used 2408K [0x00000000d6600000, 0x00000000d7980000, 0x00000000f2200000)
  object space 19968K, 12% used [0x00000000d6600000,0x00000000d685a020,0x00000000d7980000)
 PSPermGen       total 21504K, used 3476K [0x00000000cc000000, 0x00000000cd500000, 0x00000000d6600000)
  object space 21504K, 16% used [0x00000000cc000000,0x00000000cc3650f0,0x00000000cd500000)
}
Event: 23,499 GC heap before
{Heap before GC invocations=4 (full 0):
 PSYoungGen      total 9216K, used 8544K [0x00000000f2200000, 0x00000000f3400000, 0x0000000100000000)
  eden space 8192K, 100% used [0x00000000f2200000,0x00000000f2a00000,0x00000000f2a00000)
  from space 1024K, 34% used [0x00000000f2a00000,0x00000000f2a58000,0x00000000f2b00000)
  to   space 1024K, 0% used [0x00000000f3300000,0x00000000f3300000,0x00000000f3400000)
 ParOldGen       total 19968K, used 2408K [0x00000000d6600000, 0x00000000d7980000, 0x00000000f2200000)
  object space 19968K, 12% used [0x00000000d6600000,0x00000000d685a020,0x00000000d7980000)
 PSPermGen       total 21504K, used 3476K [0x00000000cc000000, 0x00000000cd500000, 0x00000000d6600000)
  object space 21504K, 16% used [0x00000000cc000000,0x00000000cc3650f0,0x00000000cd500000)
Event: 25,485 GC heap after
Heap after GC invocations=4 (full 0):
 PSYoungGen      total 17408K, used 384K [0x00000000f2200000, 0x00000000f3400000, 0x0000000100000000)
  eden space 16384K, 0% used [0x00000000f2200000,0x00000000f2200000,0x00000000f3200000)
  from space 1024K, 37% used [0x00000000f3300000,0x00000000f3360000,0x00000000f3400000)
  to   space 1024K, 0% used [0x00000000f3200000,0x00000000f3200000,0x00000000f3300000)
 ParOldGen       total 19968K, used 2408K [0x00000000d6600000, 0x00000000d7980000, 0x00000000f2200000)
  object space 19968K, 12% used [0x00000000d6600000,0x00000000d685a020,0x00000000d7980000)
 PSPermGen       total 21504K, used 3476K [0x00000000cc000000, 0x00000000cd500000, 0x00000000d6600000)
  object space 21504K, 16% used [0x00000000cc000000,0x00000000cc3650f0,0x00000000cd500000)
}
Event: 42,289 GC heap before
{Heap before GC invocations=5 (full 0):
 PSYoungGen      total 17408K, used 16768K [0x00000000f2200000, 0x00000000f3400000, 0x0000000100000000)
  eden space 16384K, 100% used [0x00000000f2200000,0x00000000f3200000,0x00000000f3200000)
  from space 1024K, 37% used [0x00000000f3300000,0x00000000f3360000,0x00000000f3400000)
  to   space 1024K, 0% used [0x00000000f3200000,0x00000000f3200000,0x00000000f3300000)
 ParOldGen       total 19968K, used 2408K [0x00000000d6600000, 0x00000000d7980000, 0x00000000f2200000)
  object space 19968K, 12% used [0x00000000d6600000,0x00000000d685a020,0x00000000d7980000)
 PSPermGen       total 21504K, used 3476K [0x00000000cc000000, 0x00000000cd500000, 0x00000000d6600000)
  object space 21504K, 16% used [0x00000000cc000000,0x00000000cc365130,0x00000000cd500000)

Deoptimization events (1 events):
Event: 36,825 Thread 0x00007ff450009000 Uncommon trap: reason=unloaded action=reinterpret pc=0x00007ff4544c4698 method=computergraphics.scenegraph.SphereNode.intersection(Lcomputergraphics/projects/Ray3D;)Lcomputergraphics/projects/IntersectionResult; @ 208

Internal exceptions (10 events):
Event: 2,368 Thread 0x00007ff450009000 Threw 0x00000000f23ef930 at /build/java7-openjdk/src/icedtea-2.5.5/openjdk/hotspot/src/share/vm/prims/jvm.cpp:1284
Event: 2,368 Thread 0x00007ff450009000 Threw 0x00000000f23efb58 at /build/java7-openjdk/src/icedtea-2.5.5/openjdk/hotspot/src/share/vm/prims/jvm.cpp:1284
Event: 2,369 Thread 0x00007ff450009000 Threw 0x00000000f23f25f8 at /build/java7-openjdk/src/icedtea-2.5.5/openjdk/hotspot/src/share/vm/prims/jvm.cpp:1284
Event: 2,369 Thread 0x00007ff450009000 Threw 0x00000000f23f2820 at /build/java7-openjdk/src/icedtea-2.5.5/openjdk/hotspot/src/share/vm/prims/jvm.cpp:1284
Event: 2,369 Thread 0x00007ff450009000 Threw 0x00000000f23f31a8 at /build/java7-openjdk/src/icedtea-2.5.5/openjdk/hotspot/src/share/vm/prims/jvm.cpp:1284
Event: 2,369 Thread 0x00007ff450009000 Threw 0x00000000f23f33d0 at /build/java7-openjdk/src/icedtea-2.5.5/openjdk/hotspot/src/share/vm/prims/jvm.cpp:1284
Event: 3,065 Thread 0x00007ff450009000 Threw 0x00000000f23f58f8 at /build/java7-openjdk/src/icedtea-2.5.5/openjdk/hotspot/src/share/vm/prims/jni.cpp:721
Event: 3,073 Thread 0x00007ff450009000 Threw 0x00000000f23f6258 at /build/java7-openjdk/src/icedtea-2.5.5/openjdk/hotspot/src/share/vm/prims/jni.cpp:721
Event: 3,145 Thread 0x00007ff450009000 Threw 0x00000000f23f7380 at /build/java7-openjdk/src/icedtea-2.5.5/openjdk/hotspot/src/share/vm/prims/jvm.cpp:1284
Event: 4,658 Thread 0x00007ff450009000 Threw 0x00000000f26c3318 at /build/java7-openjdk/src/icedtea-2.5.5/openjdk/hotspot/src/share/vm/prims/jvm.cpp:1284

Events (10 events):
Event: 13,263 Executing VM operation: ParallelGCFailedAllocation
Event: 14,057 Executing VM operation: ParallelGCFailedAllocation done
Event: 17,409 Executing VM operation: ParallelGCFailedAllocation
Event: 19,542 Executing VM operation: ParallelGCFailedAllocation done
Event: 23,354 Executing VM operation: ParallelGCFailedAllocation
Event: 25,630 Executing VM operation: ParallelGCFailedAllocation done
Event: 36,819 Thread 0x00007ff450009000 Uncommon trap: trap_request=0x00000081 fr.pc=0x00007ff4544c4698
Event: 36,833 Thread 0x00007ff450009000 DEOPT PACKING pc=0x00007ff4544c4698 sp=0x00007ff45a36b860
Event: 36,879 Thread 0x00007ff450009000 DEOPT UNPACKING pc=0x00007ff454490045 sp=0x00007ff45a36b780 mode 2
Event: 42,212 Executing VM operation: ParallelGCFailedAllocation


Dynamic libraries:
00400000-00401000 r-xp 00000000 08:01 173470                             /usr/lib/jvm/java-7-openjdk/jre/bin/java
00600000-00601000 rw-p 00000000 08:01 173470                             /usr/lib/jvm/java-7-openjdk/jre/bin/java
00665000-00686000 rw-p 00000000 00:00 0                                  [heap]
cc000000-cd500000 rw-p 00000000 00:00 0 
cd500000-d6600000 rw-p 00000000 00:00 0 
d6600000-d7980000 rw-p 00000000 00:00 0 
d7980000-f2200000 rw-p 00000000 00:00 0 
f2200000-f3400000 rw-p 00000000 00:00 0 
f4300000-100000000 rw-p 00000000 00:00 0 
7ff41ea50000-7ff41ea6c000 r-xp 00000000 08:01 546491                     /usr/lib/libgraphite2.so.3.0.1
7ff41ea6c000-7ff41ec6b000 ---p 0001c000 08:01 546491                     /usr/lib/libgraphite2.so.3.0.1
7ff41ec6b000-7ff41ec6d000 r--p 0001b000 08:01 546491                     /usr/lib/libgraphite2.so.3.0.1
7ff41ec6d000-7ff41ec6e000 rw-p 0001d000 08:01 546491                     /usr/lib/libgraphite2.so.3.0.1
7ff41ec6e000-7ff41ecfe000 r-xp 00000000 08:01 533161                     /usr/lib/libgmp.so.10.2.0
7ff41ecfe000-7ff41eefe000 ---p 00090000 08:01 533161                     /usr/lib/libgmp.so.10.2.0
7ff41eefe000-7ff41eeff000 r--p 00090000 08:01 533161                     /usr/lib/libgmp.so.10.2.0
7ff41eeff000-7ff41ef00000 rw-p 00091000 08:01 533161                     /usr/lib/libgmp.so.10.2.0
7ff41ef00000-7ff41ef32000 r-xp 00000000 08:01 540958                     /usr/lib/libhogweed.so.4.1
7ff41ef32000-7ff41f132000 ---p 00032000 08:01 540958                     /usr/lib/libhogweed.so.4.1
7ff41f132000-7ff41f133000 r--p 00032000 08:01 540958                     /usr/lib/libhogweed.so.4.1
7ff41f133000-7ff41f134000 rw-p 00033000 08:01 540958                     /usr/lib/libhogweed.so.4.1
7ff41f134000-7ff41f16a000 r-xp 00000000 08:01 540956                     /usr/lib/libnettle.so.6.1
7ff41f16a000-7ff41f369000 ---p 00036000 08:01 540956                     /usr/lib/libnettle.so.6.1
7ff41f369000-7ff41f36b000 r--p 00035000 08:01 540956                     /usr/lib/libnettle.so.6.1
7ff41f36b000-7ff41f36c000 rw-p 00037000 08:01 540956                     /usr/lib/libnettle.so.6.1
7ff41f36c000-7ff41f37d000 r-xp 00000000 08:01 540362                     /usr/lib/libtasn1.so.6.4.2
7ff41f37d000-7ff41f57d000 ---p 00011000 08:01 540362                     /usr/lib/libtasn1.so.6.4.2
7ff41f57d000-7ff41f57e000 r--p 00011000 08:01 540362                     /usr/lib/libtasn1.so.6.4.2
7ff41f57e000-7ff41f57f000 rw-p 00012000 08:01 540362                     /usr/lib/libtasn1.so.6.4.2
7ff41f57f000-7ff41f5d9000 r-xp 00000000 08:01 540381                     /usr/lib/libp11-kit.so.0.1.0
7ff41f5d9000-7ff41f7d9000 ---p 0005a000 08:01 540381                     /usr/lib/libp11-kit.so.0.1.0
7ff41f7d9000-7ff41f7e3000 r--p 0005a000 08:01 540381                     /usr/lib/libp11-kit.so.0.1.0
7ff41f7e3000-7ff41f7e5000 rw-p 00064000 08:01 540381                     /usr/lib/libp11-kit.so.0.1.0
7ff41f7e5000-7ff41f7e8000 r-xp 00000000 08:01 532695                     /usr/lib/libkeyutils.so.1.5
7ff41f7e8000-7ff41f9e7000 ---p 00003000 08:01 532695                     /usr/lib/libkeyutils.so.1.5
7ff41f9e7000-7ff41f9e8000 r--p 00002000 08:01 532695                     /usr/lib/libkeyutils.so.1.5
7ff41f9e8000-7ff41f9e9000 rw-p 00003000 08:01 532695                     /usr/lib/libkeyutils.so.1.5
7ff41f9e9000-7ff41f9f5000 r-xp 00000000 08:01 532783                     /usr/lib/libkrb5support.so.0.1
7ff41f9f5000-7ff41fbf4000 ---p 0000c000 08:01 532783                     /usr/lib/libkrb5support.so.0.1
7ff41fbf4000-7ff41fbf5000 r--p 0000b000 08:01 532783                     /usr/lib/libkrb5support.so.0.1
7ff41fbf5000-7ff41fbf6000 rw-p 0000c000 08:01 532783                     /usr/lib/libkrb5support.so.0.1
7ff41fbf6000-7ff41fbfb000 r-xp 00000000 08:01 546469                     /usr/lib/libXdmcp.so.6.0.0
7ff41fbfb000-7ff41fdfa000 ---p 00005000 08:01 546469                     /usr/lib/libXdmcp.so.6.0.0
7ff41fdfa000-7ff41fdfb000 r--p 00004000 08:01 546469                     /usr/lib/libXdmcp.so.6.0.0
7ff41fdfb000-7ff41fdfc000 rw-p 00005000 08:01 546469                     /usr/lib/libXdmcp.so.6.0.0
7ff41fdfc000-7ff41fdfe000 r-xp 00000000 08:01 546588                     /usr/lib/libXau.so.6.0.0
7ff41fdfe000-7ff41fffe000 ---p 00002000 08:01 546588                     /usr/lib/libXau.so.6.0.0
7ff41fffe000-7ff41ffff000 r--p 00002000 08:01 546588                     /usr/lib/libXau.so.6.0.0
7ff41ffff000-7ff420000000 rw-p 00003000 08:01 546588                     /usr/lib/libXau.so.6.0.0
7ff420000000-7ff420021000 rw-p 00000000 00:00 0 
7ff420021000-7ff424000000 ---p 00000000 00:00 0 
7ff4240d3000-7ff4240e7000 r-xp 00000000 08:01 525388                     /usr/lib/libresolv-2.21.so
7ff4240e7000-7ff4242e6000 ---p 00014000 08:01 525388                     /usr/lib/libresolv-2.21.so
7ff4242e6000-7ff4242e7000 r--p 00013000 08:01 525388                     /usr/lib/libresolv-2.21.so
7ff4242e7000-7ff4242e8000 rw-p 00014000 08:01 525388                     /usr/lib/libresolv-2.21.so
7ff4242e8000-7ff4242ea000 rw-p 00000000 00:00 0 
7ff4242ea000-7ff424358000 r-xp 00000000 08:01 533516                     /usr/lib/libpcre.so.1.2.5
7ff424358000-7ff424558000 ---p 0006e000 08:01 533516                     /usr/lib/libpcre.so.1.2.5
7ff424558000-7ff424559000 r--p 0006e000 08:01 533516                     /usr/lib/libpcre.so.1.2.5
7ff424559000-7ff42455a000 rw-p 0006f000 08:01 533516                     /usr/lib/libpcre.so.1.2.5
7ff42455a000-7ff42455d000 r-xp 00000000 08:01 533733                     /usr/lib/libgmodule-2.0.so.0.4400.1
7ff42455d000-7ff42475c000 ---p 00003000 08:01 533733                     /usr/lib/libgmodule-2.0.so.0.4400.1
7ff42475c000-7ff42475d000 r--p 00002000 08:01 533733                     /usr/lib/libgmodule-2.0.so.0.4400.1
7ff42475d000-7ff42475e000 rw-p 00003000 08:01 533733                     /usr/lib/libgmodule-2.0.so.0.4400.1
7ff42475e000-7ff424766000 r-xp 00000000 08:01 533647                     /usr/lib/libffi.so.6.0.4
7ff424766000-7ff424965000 ---p 00008000 08:01 533647                     /usr/lib/libffi.so.6.0.4
7ff424965000-7ff424966000 r--p 00007000 08:01 533647                     /usr/lib/libffi.so.6.0.4
7ff424966000-7ff424967000 rw-p 00008000 08:01 533647                     /usr/lib/libffi.so.6.0.4
7ff424967000-7ff4249c1000 r-xp 00000000 08:01 546501                     /usr/lib/libharfbuzz.so.0.940.0
7ff4249c1000-7ff424bc0000 ---p 0005a000 08:01 546501                     /usr/lib/libharfbuzz.so.0.940.0
7ff424bc0000-7ff424bc3000 r--p 00059000 08:01 546501                     /usr/lib/libharfbuzz.so.0.940.0
7ff424bc3000-7ff424bc4000 rw-p 0005c000 08:01 546501                     /usr/lib/libharfbuzz.so.0.940.0
7ff424bc4000-7ff424bf9000 r-xp 00000000 08:01 546476                     /usr/lib/libpng16.so.16.16.0
7ff424bf9000-7ff424df8000 ---p 00035000 08:01 546476                     /usr/lib/libpng16.so.16.16.0
7ff424df8000-7ff424df9000 r--p 00034000 08:01 546476                     /usr/lib/libpng16.so.16.16.0
7ff424df9000-7ff424dfa000 rw-p 00035000 08:01 546476                     /usr/lib/libpng16.so.16.16.0
7ff424dfa000-7ff424e09000 r-xp 00000000 08:01 528483                     /usr/lib/libbz2.so.1.0.6
7ff424e09000-7ff425008000 ---p 0000f000 08:01 528483                     /usr/lib/libbz2.so.1.0.6
7ff425008000-7ff42500a000 rw-p 0000e000 08:01 528483                     /usr/lib/libbz2.so.1.0.6
7ff42500a000-7ff425031000 r-xp 00000000 08:01 533483                     /usr/lib/libexpat.so.1.6.0
7ff425031000-7ff425230000 ---p 00027000 08:01 533483                     /usr/lib/libexpat.so.1.6.0
7ff425230000-7ff425233000 r--p 00026000 08:01 533483                     /usr/lib/libexpat.so.1.6.0
7ff425233000-7ff425234000 rw-p 00029000 08:01 533483                     /usr/lib/libexpat.so.1.6.0
7ff425234000-7ff42523c000 r-xp 00000000 08:01 525410                     /usr/lib/libcrypt-2.21.so
7ff42523c000-7ff42543c000 ---p 00008000 08:01 525410                     /usr/lib/libcrypt-2.21.so
7ff42543c000-7ff42543d000 r--p 00008000 08:01 525410                     /usr/lib/libcrypt-2.21.so
7ff42543d000-7ff42543e000 rw-p 00009000 08:01 525410                     /usr/lib/libcrypt-2.21.so
7ff42543e000-7ff42546c000 rw-p 00000000 00:00 0 
7ff42546c000-7ff4254b3000 r-xp 00000000 08:01 533476                     /usr/lib/libdbus-1.so.3.8.12
7ff4254b3000-7ff4256b3000 ---p 00047000 08:01 533476                     /usr/lib/libdbus-1.so.3.8.12
7ff4256b3000-7ff4256b4000 r--p 00047000 08:01 533476                     /usr/lib/libdbus-1.so.3.8.12
7ff4256b4000-7ff4256b5000 rw-p 00048000 08:01 533476                     /usr/lib/libdbus-1.so.3.8.12
7ff4256b5000-7ff4256c5000 r-xp 00000000 08:01 552887                     /usr/lib/libavahi-client.so.3.2.9
7ff4256c5000-7ff4258c4000 ---p 00010000 08:01 552887                     /usr/lib/libavahi-client.so.3.2.9
7ff4258c4000-7ff4258c5000 r--p 0000f000 08:01 552887                     /usr/lib/libavahi-client.so.3.2.9
7ff4258c5000-7ff4258c6000 rw-p 00010000 08:01 552887                     /usr/lib/libavahi-client.so.3.2.9
7ff4258c6000-7ff4258d2000 r-xp 00000000 08:01 552890                     /usr/lib/libavahi-common.so.3.5.3
7ff4258d2000-7ff425ad1000 ---p 0000c000 08:01 552890                     /usr/lib/libavahi-common.so.3.5.3
7ff425ad1000-7ff425ad2000 r--p 0000b000 08:01 552890                     /usr/lib/libavahi-common.so.3.5.3
7ff425ad2000-7ff425ad3000 rw-p 0000c000 08:01 552890                     /usr/lib/libavahi-common.so.3.5.3
7ff425ad3000-7ff425bf2000 r-xp 00000000 08:01 542036                     /usr/lib/libgnutls.so.30.0.1
7ff425bf2000-7ff425df2000 ---p 0011f000 08:01 542036                     /usr/lib/libgnutls.so.30.0.1
7ff425df2000-7ff425dfc000 r--p 0011f000 08:01 542036                     /usr/lib/libgnutls.so.30.0.1
7ff425dfc000-7ff425dff000 rw-p 00129000 08:01 542036                     /usr/lib/libgnutls.so.30.0.1
7ff425dff000-7ff425e00000 rw-p 00000000 00:00 0 
7ff425e00000-7ff425e03000 r-xp 00000000 08:01 528678                     /usr/lib/libcom_err.so.2.1
7ff425e03000-7ff426002000 ---p 00003000 08:01 528678                     /usr/lib/libcom_err.so.2.1
7ff426002000-7ff426003000 r--p 00002000 08:01 528678                     /usr/lib/libcom_err.so.2.1
7ff426003000-7ff426004000 rw-p 00003000 08:01 528678                     /usr/lib/libcom_err.so.2.1
7ff426004000-7ff426033000 r-xp 00000000 08:01 532781                     /usr/lib/libk5crypto.so.3.1
7ff426033000-7ff426232000 ---p 0002f000 08:01 532781                     /usr/lib/libk5crypto.so.3.1
7ff426232000-7ff426235000 r--p 0002e000 08:01 532781                     /usr/lib/libk5crypto.so.3.1
7ff426235000-7ff426236000 rw-p 00031000 08:01 532781                     /usr/lib/libk5crypto.so.3.1
7ff426236000-7ff426237000 rw-p 00000000 00:00 0 
7ff426237000-7ff42630c000 r-xp 00000000 08:01 532759                     /usr/lib/libkrb5.so.3.3
7ff42630c000-7ff42650b000 ---p 000d5000 08:01 532759                     /usr/lib/libkrb5.so.3.3
7ff42650b000-7ff426519000 r--p 000d4000 08:01 532759                     /usr/lib/libkrb5.so.3.3
7ff426519000-7ff42651c000 rw-p 000e2000 08:01 532759                     /usr/lib/libkrb5.so.3.3
7ff42651c000-7ff426566000 r-xp 00000000 08:01 532778                     /usr/lib/libgssapi_krb5.so.2.2
7ff426566000-7ff426765000 ---p 0004a000 08:01 532778                     /usr/lib/libgssapi_krb5.so.2.2
7ff426765000-7ff426767000 r--p 00049000 08:01 532778                     /usr/lib/libgssapi_krb5.so.2.2
7ff426767000-7ff426769000 rw-p 0004b000 08:01 532778                     /usr/lib/libgssapi_krb5.so.2.2
7ff426769000-7ff42678a000 r-xp 00000000 08:01 548981                     /usr/lib/libxcb.so.1.1.0
7ff42678a000-7ff426989000 ---p 00021000 08:01 548981                     /usr/lib/libxcb.so.1.1.0
7ff426989000-7ff42698a000 r--p 00020000 08:01 548981                     /usr/lib/libxcb.so.1.1.0
7ff42698a000-7ff42698b000 rw-p 00021000 08:01 548981                     /usr/lib/libxcb.so.1.1.0
7ff42698b000-7ff426a97000 r-xp 00000000 08:01 533732                     /usr/lib/libglib-2.0.so.0.4400.1
7ff426a97000-7ff426c96000 ---p 0010c000 08:01 533732                     /usr/lib/libglib-2.0.so.0.4400.1
7ff426c96000-7ff426c97000 r--p 0010b000 08:01 533732                     /usr/lib/libglib-2.0.so.0.4400.1
7ff426c97000-7ff426c98000 rw-p 0010c000 08:01 533732                     /usr/lib/libglib-2.0.so.0.4400.1
7ff426c98000-7ff426c99000 rw-p 00000000 00:00 0 
7ff426c99000-7ff426ce8000 r-xp 00000000 08:01 533735                     /usr/lib/libgobject-2.0.so.0.4400.1
7ff426ce8000-7ff426ee8000 ---p 0004f000 08:01 533735                     /usr/lib/libgobject-2.0.so.0.4400.1
7ff426ee8000-7ff426ee9000 r--p 0004f000 08:01 533735                     /usr/lib/libgobject-2.0.so.0.4400.1
7ff426ee9000-7ff426eea000 rw-p 00050000 08:01 533735                     /usr/lib/libgobject-2.0.so.0.4400.1
7ff426eea000-7ff427060000 r-xp 00000000 08:01 533736                     /usr/lib/libgio-2.0.so.0.4400.1
7ff427060000-7ff427260000 ---p 00176000 08:01 533736                     /usr/lib/libgio-2.0.so.0.4400.1
7ff427260000-7ff427264000 r--p 00176000 08:01 533736                     /usr/lib/libgio-2.0.so.0.4400.1
7ff427264000-7ff427266000 rw-p 0017a000 08:01 533736                     /usr/lib/libgio-2.0.so.0.4400.1
7ff427266000-7ff427268000 rw-p 00000000 00:00 0 
7ff427268000-7ff42731e000 r-xp 00000000 08:01 546511                     /usr/lib/libfreetype.so.6.11.4
7ff42731e000-7ff42751e000 ---p 000b6000 08:01 546511                     /usr/lib/libfreetype.so.6.11.4
7ff42751e000-7ff427524000 r--p 000b6000 08:01 546511                     /usr/lib/libfreetype.so.6.11.4
7ff427524000-7ff427525000 rw-p 000bc000 08:01 546511                     /usr/lib/libfreetype.so.6.11.4
7ff427525000-7ff427560000 r-xp 00000000 08:01 550220                     /usr/lib/libfontconfig.so.1.8.0
7ff427560000-7ff42775f000 ---p 0003b000 08:01 550220                     /usr/lib/libfontconfig.so.1.8.0
7ff42775f000-7ff427761000 r--p 0003a000 08:01 550220                     /usr/lib/libfontconfig.so.1.8.0
7ff427761000-7ff427762000 rw-p 0003c000 08:01 550220                     /usr/lib/libfontconfig.so.1.8.0
7ff427762000-7ff4277d7000 r-xp 00000000 08:01 553022                     /usr/lib/libcups.so.2
7ff4277d7000-7ff4279d7000 ---p 00075000 08:01 553022                     /usr/lib/libcups.so.2
7ff4279d7000-7ff4279df000 rw-p 00075000 08:01 553022                     /usr/lib/libcups.so.2
7ff4279df000-7ff4279ee000 r-xp 00000000 08:01 551719                     /usr/lib/libXi.so.6.1.0
7ff4279ee000-7ff427bee000 ---p 0000f000 08:01 551719                     /usr/lib/libXi.so.6.1.0
7ff427bee000-7ff427bef000 r--p 0000f000 08:01 551719                     /usr/lib/libXi.so.6.1.0
7ff427bef000-7ff427bf0000 rw-p 00010000 08:01 551719                     /usr/lib/libXi.so.6.1.0
7ff427bf0000-7ff427bf5000 r-xp 00000000 08:01 551872                     /usr/lib/libXtst.so.6.1.0
7ff427bf5000-7ff427df4000 ---p 00005000 08:01 551872                     /usr/lib/libXtst.so.6.1.0
7ff427df4000-7ff427df5000 r--p 00004000 08:01 551872                     /usr/lib/libXtst.so.6.1.0
7ff427df5000-7ff427df6000 rw-p 00005000 08:01 551872                     /usr/lib/libXtst.so.6.1.0
7ff427df6000-7ff427dff000 r-xp 00000000 08:01 551728                     /usr/lib/libXrender.so.1.3.0
7ff427dff000-7ff427ffe000 ---p 00009000 08:01 551728                     /usr/lib/libXrender.so.1.3.0
7ff427ffe000-7ff427fff000 r--p 00008000 08:01 551728                     /usr/lib/libXrender.so.1.3.0
7ff427fff000-7ff428000000 rw-p 00009000 08:01 551728                     /usr/lib/libXrender.so.1.3.0
7ff428000000-7ff428227000 rw-p 00000000 00:00 0 
7ff428227000-7ff42c000000 ---p 00000000 00:00 0 
7ff42c000000-7ff42c021000 rw-p 00000000 00:00 0 
7ff42c021000-7ff430000000 ---p 00000000 00:00 0 
7ff430000000-7ff430021000 rw-p 00000000 00:00 0 
7ff430021000-7ff434000000 ---p 00000000 00:00 0 
7ff434000000-7ff4344d7000 rw-p 00000000 00:00 0 
7ff4344d7000-7ff438000000 ---p 00000000 00:00 0 
7ff438000000-7ff438021000 rw-p 00000000 00:00 0 
7ff438021000-7ff43c000000 ---p 00000000 00:00 0 
7ff43c000000-7ff43c021000 rw-p 00000000 00:00 0 
7ff43c021000-7ff440000000 ---p 00000000 00:00 0 
7ff440000000-7ff440021000 rw-p 00000000 00:00 0 
7ff440021000-7ff444000000 ---p 00000000 00:00 0 
7ff444000000-7ff444021000 rw-p 00000000 00:00 0 
7ff444021000-7ff448000000 ---p 00000000 00:00 0 
7ff448000000-7ff448021000 rw-p 00000000 00:00 0 
7ff448021000-7ff44c000000 ---p 00000000 00:00 0 
7ff44c1ce000-7ff44c1f1000 r--s 00308000 08:01 414823                     /home/cookiedragon/Programming/workspace/Computergrafik/Computergrafik/lib/jogl-all.jar
7ff44c1f1000-7ff44c32c000 r-xp 00000000 08:01 549068                     /usr/lib/libX11.so.6.3.0
7ff44c32c000-7ff44c52b000 ---p 0013b000 08:01 549068                     /usr/lib/libX11.so.6.3.0
7ff44c52b000-7ff44c52d000 r--p 0013a000 08:01 549068                     /usr/lib/libX11.so.6.3.0
7ff44c52d000-7ff44c532000 rw-p 0013c000 08:01 549068                     /usr/lib/libX11.so.6.3.0
7ff44c532000-7ff44c533000 rw-p 00000000 00:00 0 
7ff44c533000-7ff44c544000 r-xp 00000000 08:01 550977                     /usr/lib/libXext.so.6.4.0
7ff44c544000-7ff44c743000 ---p 00011000 08:01 550977                     /usr/lib/libXext.so.6.4.0
7ff44c743000-7ff44c744000 r--p 00010000 08:01 550977                     /usr/lib/libXext.so.6.4.0
7ff44c744000-7ff44c745000 rw-p 00011000 08:01 550977                     /usr/lib/libXext.so.6.4.0
7ff44c758000-7ff44c75e000 r--s 0004a000 08:01 411421                     /home/cookiedragon/Programming/workspace/Computergrafik/Computergrafik/lib/gluegen-rt.jar
7ff44c75e000-7ff44c768000 r--s 0005c000 08:01 414837                     /home/cookiedragon/Programming/workspace/Computergrafik/Computergrafik/lib/rabbitmq-client.jar
7ff44c768000-7ff44c7af000 r-xp 00000000 08:01 173482                     /usr/lib/jvm/java-7-openjdk/jre/lib/amd64/xawt/libmawt.so
7ff44c7af000-7ff44c9af000 ---p 00047000 08:01 173482                     /usr/lib/jvm/java-7-openjdk/jre/lib/amd64/xawt/libmawt.so
7ff44c9af000-7ff44c9b2000 rw-p 00047000 08:01 173482                     /usr/lib/jvm/java-7-openjdk/jre/lib/amd64/xawt/libmawt.so
7ff44c9b2000-7ff44c9b3000 rw-p 00000000 00:00 0 
7ff44c9b3000-7ff44ca53000 r-xp 00000000 08:01 173451                     /usr/lib/jvm/java-7-openjdk/jre/lib/amd64/libawt.so
7ff44ca53000-7ff44cc53000 ---p 000a0000 08:01 173451                     /usr/lib/jvm/java-7-openjdk/jre/lib/amd64/libawt.so
7ff44cc53000-7ff44cc5f000 rw-p 000a0000 08:01 173451                     /usr/lib/jvm/java-7-openjdk/jre/lib/amd64/libawt.so
7ff44cc5f000-7ff44cc83000 rw-p 00000000 00:00 0 
7ff44cc83000-7ff44cc84000 ---p 00000000 00:00 0 
7ff44cc84000-7ff44cd84000 rw-p 00000000 00:00 0                          [stack:1775]
7ff44cd84000-7ff44cd87000 ---p 00000000 00:00 0 
7ff44cd87000-7ff44ce85000 rw-p 00000000 00:00 0                          [stack:1774]
7ff44ce85000-7ff44ce88000 ---p 00000000 00:00 0 
7ff44ce88000-7ff44cf86000 rw-p 00000000 00:00 0                          [stack:1772]
7ff44cf86000-7ff44cf89000 ---p 00000000 00:00 0 
7ff44cf89000-7ff44d087000 rw-p 00000000 00:00 0                          [stack:1771]
7ff44d087000-7ff44d08a000 ---p 00000000 00:00 0 
7ff44d08a000-7ff44d188000 rw-p 00000000 00:00 0                          [stack:1770]
7ff44d188000-7ff44d480000 r--p 00000000 08:01 545361                     /usr/lib/locale/locale-archive
7ff44d480000-7ff44d483000 ---p 00000000 00:00 0 
7ff44d483000-7ff44d581000 rw-p 00000000 00:00 0                          [stack:1769]
7ff44d581000-7ff44d584000 ---p 00000000 00:00 0 
7ff44d584000-7ff44d682000 rw-p 00000000 00:00 0                          [stack:1768]
7ff44d682000-7ff44d683000 ---p 00000000 00:00 0 
7ff44d683000-7ff44e138000 rw-p 00000000 00:00 0                          [stack:1767]
7ff44e138000-7ff44e2e9000 r--s 01d27000 08:01 172968                     /usr/lib/jvm/java-7-openjdk/jre/lib/rt.jar
7ff44e2e9000-7ff44feff000 rw-p 00000000 00:00 0 
7ff44feff000-7ff44ff00000 ---p 00000000 00:00 0 
7ff44ff00000-7ff450000000 rw-p 00000000 00:00 0                          [stack:1766]
7ff450000000-7ff4501cf000 rw-p 00000000 00:00 0 
7ff4501cf000-7ff454000000 ---p 00000000 00:00 0 
7ff454001000-7ff454084000 rw-p 00000000 00:00 0 
7ff454084000-7ff454085000 ---p 00000000 00:00 0 
7ff454085000-7ff454190000 rw-p 00000000 00:00 0                          [stack:1765]
7ff454190000-7ff4541d8000 rw-p 00000000 00:00 0 
7ff4541d8000-7ff4541e2000 rw-p 00000000 00:00 0 
7ff4541e2000-7ff4542b6000 rw-p 00000000 00:00 0 
7ff4542b6000-7ff4542c1000 rw-p 00000000 00:00 0 
7ff4542c1000-7ff454309000 rw-p 00000000 00:00 0 
7ff454309000-7ff454313000 rw-p 00000000 00:00 0 
7ff454313000-7ff4543e7000 rw-p 00000000 00:00 0 
7ff4543e7000-7ff4543f0000 rw-p 00000000 00:00 0 
7ff4543f0000-7ff454456000 rw-p 00000000 00:00 0 
7ff454456000-7ff454457000 rw-p 00000000 00:00 0 
7ff454457000-7ff4546c7000 rwxp 00000000 00:00 0 
7ff4546c7000-7ff457457000 rw-p 00000000 00:00 0 
7ff457457000-7ff45745f000 r-xp 00000000 08:01 173437                     /usr/lib/jvm/java-7-openjdk/jre/lib/amd64/libzip.so
7ff45745f000-7ff45765e000 ---p 00008000 08:01 173437                     /usr/lib/jvm/java-7-openjdk/jre/lib/amd64/libzip.so
7ff45765e000-7ff45765f000 rw-p 00007000 08:01 173437                     /usr/lib/jvm/java-7-openjdk/jre/lib/amd64/libzip.so
7ff45765f000-7ff45766a000 r-xp 00000000 08:01 525393                     /usr/lib/libnss_files-2.21.so
7ff45766a000-7ff45786a000 ---p 0000b000 08:01 525393                     /usr/lib/libnss_files-2.21.so
7ff45786a000-7ff45786b000 r--p 0000b000 08:01 525393                     /usr/lib/libnss_files-2.21.so
7ff45786b000-7ff45786c000 rw-p 0000c000 08:01 525393                     /usr/lib/libnss_files-2.21.so
7ff45786c000-7ff457898000 r-xp 00000000 08:01 173436                     /usr/lib/jvm/java-7-openjdk/jre/lib/amd64/libjava.so
7ff457898000-7ff457a97000 ---p 0002c000 08:01 173436                     /usr/lib/jvm/java-7-openjdk/jre/lib/amd64/libjava.so
7ff457a97000-7ff457a99000 rw-p 0002b000 08:01 173436                     /usr/lib/jvm/java-7-openjdk/jre/lib/amd64/libjava.so
7ff457a99000-7ff457aa6000 r-xp 00000000 08:01 173435                     /usr/lib/jvm/java-7-openjdk/jre/lib/amd64/libverify.so
7ff457aa6000-7ff457ca5000 ---p 0000d000 08:01 173435                     /usr/lib/jvm/java-7-openjdk/jre/lib/amd64/libverify.so
7ff457ca5000-7ff457ca7000 rw-p 0000c000 08:01 173435                     /usr/lib/jvm/java-7-openjdk/jre/lib/amd64/libverify.so
7ff457ca7000-7ff457cae000 r-xp 00000000 08:01 525430                     /usr/lib/librt-2.21.so
7ff457cae000-7ff457ead000 ---p 00007000 08:01 525430                     /usr/lib/librt-2.21.so
7ff457ead000-7ff457eae000 r--p 00006000 08:01 525430                     /usr/lib/librt-2.21.so
7ff457eae000-7ff457eaf000 rw-p 00007000 08:01 525430                     /usr/lib/librt-2.21.so
7ff457eaf000-7ff457ec5000 r-xp 00000000 08:01 525764                     /usr/lib/libgcc_s.so.1
7ff457ec5000-7ff4580c4000 ---p 00016000 08:01 525764                     /usr/lib/libgcc_s.so.1
7ff4580c4000-7ff4580c5000 rw-p 00015000 08:01 525764                     /usr/lib/libgcc_s.so.1
7ff4580c5000-7ff4581c8000 r-xp 00000000 08:01 525465                     /usr/lib/libm-2.21.so
7ff4581c8000-7ff4583c7000 ---p 00103000 08:01 525465                     /usr/lib/libm-2.21.so
7ff4583c7000-7ff4583c8000 r--p 00102000 08:01 525465                     /usr/lib/libm-2.21.so
7ff4583c8000-7ff4583c9000 rw-p 00103000 08:01 525465                     /usr/lib/libm-2.21.so
7ff4583c9000-7ff45853b000 r-xp 00000000 08:01 525771                     /usr/lib/libstdc++.so.6.0.21
7ff45853b000-7ff45873b000 ---p 00172000 08:01 525771                     /usr/lib/libstdc++.so.6.0.21
7ff45873b000-7ff458745000 r--p 00172000 08:01 525771                     /usr/lib/libstdc++.so.6.0.21
7ff458745000-7ff458747000 rw-p 0017c000 08:01 525771                     /usr/lib/libstdc++.so.6.0.21
7ff458747000-7ff45874b000 rw-p 00000000 00:00 0 
7ff45874b000-7ff4592a0000 r-xp 00000000 08:01 173469                     /usr/lib/jvm/java-7-openjdk/jre/lib/amd64/server/libjvm.so
7ff4592a0000-7ff4594a0000 ---p 00b55000 08:01 173469                     /usr/lib/jvm/java-7-openjdk/jre/lib/amd64/server/libjvm.so
7ff4594a0000-7ff459562000 rw-p 00b55000 08:01 173469                     /usr/lib/jvm/java-7-openjdk/jre/lib/amd64/server/libjvm.so
7ff459562000-7ff45958e000 rw-p 00000000 00:00 0 
7ff45958e000-7ff4595a3000 r-xp 00000000 08:01 528487                     /usr/lib/libz.so.1.2.8
7ff4595a3000-7ff4597a2000 ---p 00015000 08:01 528487                     /usr/lib/libz.so.1.2.8
7ff4597a2000-7ff4597a3000 r--p 00014000 08:01 528487                     /usr/lib/libz.so.1.2.8
7ff4597a3000-7ff4597a4000 rw-p 00015000 08:01 528487                     /usr/lib/libz.so.1.2.8
7ff4597a4000-7ff45993d000 r-xp 00000000 08:01 525406                     /usr/lib/libc-2.21.so
7ff45993d000-7ff459b3c000 ---p 00199000 08:01 525406                     /usr/lib/libc-2.21.so
7ff459b3c000-7ff459b40000 r--p 00198000 08:01 525406                     /usr/lib/libc-2.21.so
7ff459b40000-7ff459b42000 rw-p 0019c000 08:01 525406                     /usr/lib/libc-2.21.so
7ff459b42000-7ff459b46000 rw-p 00000000 00:00 0 
7ff459b46000-7ff459b49000 r-xp 00000000 08:01 525440                     /usr/lib/libdl-2.21.so
7ff459b49000-7ff459d48000 ---p 00003000 08:01 525440                     /usr/lib/libdl-2.21.so
7ff459d48000-7ff459d49000 r--p 00002000 08:01 525440                     /usr/lib/libdl-2.21.so
7ff459d49000-7ff459d4a000 rw-p 00003000 08:01 525440                     /usr/lib/libdl-2.21.so
7ff459d4a000-7ff459d57000 r-xp 00000000 08:01 173465                     /usr/lib/jvm/java-7-openjdk/jre/lib/amd64/jli/libjli.so
7ff459d57000-7ff459f56000 ---p 0000d000 08:01 173465                     /usr/lib/jvm/java-7-openjdk/jre/lib/amd64/jli/libjli.so
7ff459f56000-7ff459f57000 rw-p 0000c000 08:01 173465                     /usr/lib/jvm/java-7-openjdk/jre/lib/amd64/jli/libjli.so
7ff459f57000-7ff459f6f000 r-xp 00000000 08:01 525429                     /usr/lib/libpthread-2.21.so
7ff459f6f000-7ff45a16e000 ---p 00018000 08:01 525429                     /usr/lib/libpthread-2.21.so
7ff45a16e000-7ff45a16f000 r--p 00017000 08:01 525429                     /usr/lib/libpthread-2.21.so
7ff45a16f000-7ff45a170000 rw-p 00018000 08:01 525429                     /usr/lib/libpthread-2.21.so
7ff45a170000-7ff45a174000 rw-p 00000000 00:00 0 
7ff45a174000-7ff45a196000 r-xp 00000000 08:01 525460                     /usr/lib/ld-2.21.so
7ff45a196000-7ff45a197000 rw-p 00000000 00:00 0 
7ff45a197000-7ff45a198000 r--p 00000000 08:01 525356                     /usr/share/locale/en_GB/LC_MESSAGES/libc.mo
7ff45a198000-7ff45a199000 r--s 00033000 08:01 414426                     /home/cookiedragon/Programming/workspace/Computergrafik/Computergrafik/lib/jogl-all-natives-linux-amd64.jar
7ff45a199000-7ff45a19b000 r--s 00000000 08:01 410706                     /home/cookiedragon/Programming/workspace/Computergrafik/Computergrafik/lib/gluegen-rt-natives-linux-amd64.jar
7ff45a19b000-7ff45a19e000 r--s 00011000 08:01 414135                     /home/cookiedragon/Programming/workspace/Computergrafik/Computergrafik/lib/javax.json-1.0.2.jar
7ff45a19e000-7ff45a1a1000 r--s 0000e000 08:01 407505                     /home/cookiedragon/Programming/workspace/Computergrafik/Computergrafik/lib/commons-io-1.2.jar
7ff45a1a1000-7ff45a1a2000 r--s 00008000 08:01 406052                     /home/cookiedragon/Programming/workspace/Computergrafik/Computergrafik/lib/commons-cli-1.1.jar
7ff45a1a2000-7ff45a1ac000 r--s 00203000 08:01 172965                     /usr/lib/jvm/java-7-openjdk/jre/lib/charsets.jar
7ff45a1ac000-7ff45a1b6000 rw-p 00000000 00:00 0 
7ff45a1b6000-7ff45a26c000 rw-p 00000000 00:00 0 
7ff45a26c000-7ff45a26f000 ---p 00000000 00:00 0 
7ff45a26f000-7ff45a371000 rw-p 00000000 00:00 0                          [stack:1764]
7ff45a371000-7ff45a373000 r--s 0000c000 08:01 576523                     /usr/share/eclipse/plugins/org.hamcrest.core_1.3.0.v201303031735.jar
7ff45a373000-7ff45a379000 r--s 00036000 08:01 576899                     /usr/share/eclipse/plugins/org.junit_4.11.0.v201303080030/junit.jar
7ff45a379000-7ff45a38a000 rw-p 00000000 00:00 0 
7ff45a38a000-7ff45a392000 rw-s 00000000 00:1e 21324                      /tmp/hsperfdata_cookiedragon/1758
7ff45a392000-7ff45a393000 rw-p 00000000 00:00 0 
7ff45a393000-7ff45a394000 ---p 00000000 00:00 0 
7ff45a394000-7ff45a395000 rw-p 00000000 00:00 0 
7ff45a395000-7ff45a396000 r--p 00021000 08:01 525460                     /usr/lib/ld-2.21.so
7ff45a396000-7ff45a397000 rw-p 00022000 08:01 525460                     /usr/lib/ld-2.21.so
7ff45a397000-7ff45a398000 rw-p 00000000 00:00 0 
7fffa120d000-7fffa122e000 rw-p 00000000 00:00 0                          [stack]
7fffa1258000-7fffa125a000 r--p 00000000 00:00 0                          [vvar]
7fffa125a000-7fffa125c000 r-xp 00000000 00:00 0                          [vdso]
ffffffffff600000-ffffffffff601000 r-xp 00000000 00:00 0                  [vsyscall]

VM Arguments:
jvm_args: -Dfile.encoding=UTF-8 
java_command: aufgabe6und7.Aufgabe6
Launcher Type: SUN_STANDARD

Environment Variables:
PATH=/usr/local/sbin:/usr/local/bin:/usr/bin:/usr/lib/jvm/default/bin:/usr/bin/site_perl:/usr/bin/vendor_perl:/usr/bin/core_perl
USERNAME=cookiedragon
SHELL=/bin/bash
DISPLAY=:0

Signal Handlers:
SIGSEGV: [libjvm.so+0x989390], sa_mask[0]=0x7ffbfeff, sa_flags=0x10000004
SIGBUS: [libjvm.so+0x989390], sa_mask[0]=0x7ffbfeff, sa_flags=0x10000004
SIGFPE: [libjvm.so+0x7f74d0], sa_mask[0]=0x7ffbfeff, sa_flags=0x10000004
SIGPIPE: [libjvm.so+0x7f74d0], sa_mask[0]=0x7ffbfeff, sa_flags=0x10000004
SIGXFSZ: [libjvm.so+0x7f74d0], sa_mask[0]=0x7ffbfeff, sa_flags=0x10000004
SIGILL: [libjvm.so+0x7f74d0], sa_mask[0]=0x7ffbfeff, sa_flags=0x10000004
SIGUSR1: SIG_DFL, sa_mask[0]=0x00000000, sa_flags=0x00000000
SIGUSR2: [libjvm.so+0x7f7350], sa_mask[0]=0x00000004, sa_flags=0x10000004
SIGHUP: [libjvm.so+0x7f7550], sa_mask[0]=0x7ffbfeff, sa_flags=0x10000004
SIGINT: [libjvm.so+0x7f7550], sa_mask[0]=0x7ffbfeff, sa_flags=0x10000004
SIGTERM: [libjvm.so+0x7f7550], sa_mask[0]=0x7ffbfeff, sa_flags=0x10000004
SIGQUIT: [libjvm.so+0x7f7550], sa_mask[0]=0x7ffbfeff, sa_flags=0x10000004
SIGTRAP: SIG_DFL, sa_mask[0]=0x00000000, sa_flags=0x00000000


---------------  S Y S T E M  ---------------

OS:Linux
uname:Linux 4.0.5-1-ARCH #1 SMP PREEMPT Sat Jun 6 18:37:49 CEST 2015 x86_64
libc:glibc 2.21 NPTL 2.21 
rlimit: STACK 8192k, CORE 0k, NPROC 7495, NOFILE 4096, AS infinity
load average:10,63 2,83 1,05

/proc/meminfo:
MemTotal:        1924808 kB
MemFree:           78288 kB
MemAvailable:      10060 kB
Buffers:             468 kB
Cached:           316200 kB
SwapCached:            0 kB
Active:          1430776 kB
Inactive:         292644 kB
Active(anon):    1424200 kB
Inactive(anon):   283344 kB
Active(file):       6576 kB
Inactive(file):     9300 kB
Unevictable:       15544 kB
Mlocked:           15544 kB
SwapTotal:             0 kB
SwapFree:              0 kB
Dirty:                24 kB
Writeback:           176 kB
AnonPages:       1422356 kB
Mapped:            50136 kB
Shmem:            294492 kB
Slab:              35584 kB
SReclaimable:      16608 kB
SUnreclaim:        18976 kB
KernelStack:        7216 kB
PageTables:        21344 kB
NFS_Unstable:          0 kB
Bounce:                0 kB
WritebackTmp:          0 kB
CommitLimit:      962404 kB
Committed_AS:    4053108 kB
VmallocTotal:   34359738367 kB
VmallocUsed:      364008 kB
VmallocChunk:   34359365072 kB
HardwareCorrupted:     0 kB
AnonHugePages:    561152 kB
HugePages_Total:       0
HugePages_Free:        0
HugePages_Rsvd:        0
HugePages_Surp:        0
Hugepagesize:       2048 kB
DirectMap4k:       68072 kB
DirectMap2M:     1968128 kB
DirectMap1G:           0 kB


CPU:total 2 (2 cores per cpu, 1 threads per core) family 6 model 69 stepping 1, cmov, cx8, fxsr, mmx, sse, sse2, sse3, ssse3, sse4.1, sse4.2, popcnt, erms, tsc, tscinvbit

/proc/cpuinfo:
processor	: 0
vendor_id	: GenuineIntel
cpu family	: 6
model		: 69
model name	: Intel(R) Celeron(R) 2955U @ 1.40GHz
stepping	: 1
microcode	: 0x1c
cpu MHz		: 946.476
cache size	: 2048 KB
physical id	: 0
siblings	: 2
core id		: 0
cpu cores	: 2
apicid		: 0
initial apicid	: 0
fpu		: yes
fpu_exception	: yes
cpuid level	: 13
wp		: yes
flags		: fpu vme de pse tsc msr pae mce cx8 apic sep mtrr pge mca cmov pat pse36 clflush dts acpi mmx fxsr sse sse2 ss ht tm pbe syscall nx pdpe1gb rdtscp lm constant_tsc arch_perfmon pebs bts rep_good nopl xtopology nonstop_tsc aperfmperf eagerfpu pni pclmulqdq dtes64 monitor ds_cpl vmx est tm2 ssse3 cx16 xtpr pdcm pcid sse4_1 sse4_2 movbe popcnt tsc_deadline_timer xsave rdrand lahf_lm abm arat epb pln pts dtherm tpr_shadow vnmi flexpriority ept vpid fsgsbase tsc_adjust erms invpcid xsaveopt
bugs		:
bogomips	: 2794.16
clflush size	: 64
cache_alignment	: 64
address sizes	: 39 bits physical, 48 bits virtual
power management:

processor	: 1
vendor_id	: GenuineIntel
cpu family	: 6
model		: 69
model name	: Intel(R) Celeron(R) 2955U @ 1.40GHz
stepping	: 1
microcode	: 0x1c
cpu MHz		: 1187.539
cache size	: 2048 KB
physical id	: 0
siblings	: 2
core id		: 1
cpu cores	: 2
apicid		: 2
initial apicid	: 2
fpu		: yes
fpu_exception	: yes
cpuid level	: 13
wp		: yes
flags		: fpu vme de pse tsc msr pae mce cx8 apic sep mtrr pge mca cmov pat pse36 clflush dts acpi mmx fxsr sse sse2 ss ht tm pbe syscall nx pdpe1gb rdtscp lm constant_tsc arch_perfmon pebs bts rep_good nopl xtopology nonstop_tsc aperfmperf eagerfpu pni pclmulqdq dtes64 monitor ds_cpl vmx est tm2 ssse3 cx16 xtpr pdcm pcid sse4_1 sse4_2 movbe popcnt tsc_deadline_timer xsave rdrand lahf_lm abm arat epb pln pts dtherm tpr_shadow vnmi flexpriority ept vpid fsgsbase tsc_adjust erms invpcid xsaveopt
bugs		:
bogomips	: 2794.16
clflush size	: 64
cache_alignment	: 64
address sizes	: 39 bits physical, 48 bits virtual
power management:



Memory: 4k page, physical 1924808k(78040k free), swap 0k(0k free)

vm_info: OpenJDK 64-Bit Server VM (24.79-b02) for linux-amd64 JRE (1.7.0_79-b14), built on Apr 15 2015 12:42:59 by "builduser" with gcc 4.9.2 20150304 (prerelease)

time: Tue Jun 16 14:16:52 2015
elapsed time: 42 seconds

