#
# There is insufficient memory for the Java Runtime Environment to continue.
# Native memory allocation (malloc) failed to allocate 31457280 bytes for committing reserved memory.
# Possible reasons:
#   The system is out of physical RAM or swap space
#   In 32 bit mode, the process size limit was hit
# Possible solutions:
#   Reduce memory load on the system
#   Increase physical memory or swap space
#   Check if swap backing store is full
#   Use 64 bit Java on a 64 bit OS
#   Decrease Java heap size (-Xmx/-Xms)
#   Decrease number of Java threads
#   Decrease Java thread stack sizes (-Xss)
#   Set larger code cache with -XX:ReservedCodeCacheSize=
# This output file may be truncated or incomplete.
#
#  Out of Memory Error (os_linux.cpp:2809), pid=9003, tid=139685361112832
#
# JRE version: OpenJDK Runtime Environment (7.0_79-b14) (build 1.7.0_79-b14)
# Java VM: OpenJDK 64-Bit Server VM (24.79-b02 mixed mode linux-amd64 compressed oops)
# Derivative: IcedTea 2.5.5
# Distribution: Custom build (Wed Apr 15 12:39:15 UTC 2015)
# Failed to write core dump. Core dumps have been disabled. To enable core dumping, try "ulimit -c unlimited" before starting Java again
#

---------------  T H R E A D  ---------------

Current thread (0x00007f0b0c06f800):  VMThread [stack: 0x00007f0b08445000,0x00007f0b08546000] [id=9011]

Stack: [0x00007f0b08445000,0x00007f0b08546000],  sp=0x00007f0b085444e0,  free space=1021k
Native frames: (J=compiled Java code, j=interpreted, Vv=VM code, C=native code)
V  [libjvm.so+0x9888a6]
V  [libjvm.so+0x48eff2]
V  [libjvm.so+0x7fbf2b]
V  [libjvm.so+0x7f667e]
V  [libjvm.so+0x868ecb]
V  [libjvm.so+0x869d73]
V  [libjvm.so+0x86a48b]
V  [libjvm.so+0x865e99]
V  [libjvm.so+0x866678]
V  [libjvm.so+0x81e443]
V  [libjvm.so+0x98a172]
V  [libjvm.so+0x98ea07]
V  [libjvm.so+0x98cfeb]
V  [libjvm.so+0x98d696]
V  [libjvm.so+0x98db61]
V  [libjvm.so+0x7f8e72]

VM_Operation (0x00007f0ac39efa90): ParallelGCFailedAllocation, mode: safepoint, requested by thread 0x00007f0ac4004000


---------------  P R O C E S S  ---------------

Java Threads: ( => current thread )
  0x00007f0b0c009000 JavaThread "DestroyJavaVM" [_thread_blocked, id=9008, stack(0x00007f0b15009000,0x00007f0b1510a000)]
  0x00007f0ac4004000 JavaThread "AWT-EventQueue-0" [_thread_blocked, id=9037, stack(0x00007f0ac38f3000,0x00007f0ac39f4000)]
  0x00007f0ac4003800 JavaThread "AWT-Shutdown" [_thread_blocked, id=9036, stack(0x00007f0adcdb3000,0x00007f0adceb4000)]
  0x00007f0b0c754000 JavaThread "main-FPSAWTAnimator#00-Timer0" [_thread_blocked, id=9035, stack(0x00007f0adc4a7000,0x00007f0adc5a8000)]
  0x00007f0b0c52e800 JavaThread "main-SharedResourceRunner" daemon [_thread_blocked, id=9034, stack(0x00007f0ac91ff000,0x00007f0ac9300000)]
  0x00007f0b0c50e800 JavaThread "main-SharedResourceRunner" daemon [_thread_blocked, id=9033, stack(0x00007f0ac9fba000,0x00007f0aca0bb000)]
  0x00007f0b0c2cd000 JavaThread "process reaper" daemon [_thread_blocked, id=9026, stack(0x00007f0b08008000,0x00007f0b08041000)]
  0x00007f0b0c266000 JavaThread "Timer-0" [_thread_blocked, id=9022, stack(0x00007f0add2dc000,0x00007f0add3dd000)]
  0x00007f0b0c240800 JavaThread "AWT-XAWT" daemon [_thread_blocked, id=9021, stack(0x00007f0add3dd000,0x00007f0add4de000)]
  0x00007f0b0c218000 JavaThread "Java2D Disposer" daemon [_thread_blocked, id=9020, stack(0x00007f0af80cb000,0x00007f0af81cc000)]
  0x00007f0b0c0ab800 JavaThread "Service Thread" daemon [_thread_blocked, id=9017, stack(0x00007f0afbb06000,0x00007f0afbc07000)]
  0x00007f0b0c0a9800 JavaThread "C2 CompilerThread1" daemon [_thread_blocked, id=9016, stack(0x00007f0afbc07000,0x00007f0afbd08000)]
  0x00007f0b0c0a6800 JavaThread "C2 CompilerThread0" daemon [_thread_blocked, id=9015, stack(0x00007f0b08041000,0x00007f0b08142000)]
  0x00007f0b0c0a4000 JavaThread "Signal Dispatcher" daemon [_thread_blocked, id=9014, stack(0x00007f0b08142000,0x00007f0b08243000)]
  0x00007f0b0c076000 JavaThread "Finalizer" daemon [_thread_blocked, id=9013, stack(0x00007f0b08243000,0x00007f0b08344000)]
  0x00007f0b0c074000 JavaThread "Reference Handler" daemon [_thread_blocked, id=9012, stack(0x00007f0b08344000,0x00007f0b08445000)]

Other Threads:
=>0x00007f0b0c06f800 VMThread [stack: 0x00007f0b08445000,0x00007f0b08546000] [id=9011]
  0x00007f0b0c0b6000 WatcherThread [stack: 0x00007f0afba05000,0x00007f0afbb06000] [id=9018]

VM state:at safepoint (normal execution)

VM Mutex/Monitor currently owned by a thread:  ([mutex/lock_event])
[0x00007f0b0c0068d0] Threads_lock - owner thread: 0x00007f0b0c06f800
[0x00007f0b0c006dd0] Heap_lock - owner thread: 0x00007f0ac4004000

Heap
 PSYoungGen      total 17408K, used 1008K [0x00000000f2200000, 0x00000000f3400000, 0x0000000100000000)
  eden space 16384K, 0% used [0x00000000f2200000,0x00000000f2200000,0x00000000f3200000)
  from space 1024K, 98% used [0x00000000f3200000,0x00000000f32fc010,0x00000000f3300000)
  to   space 1024K, 0% used [0x00000000f3300000,0x00000000f3300000,0x00000000f3400000)
 ParOldGen       total 19968K, used 16267K [0x00000000d6600000, 0x00000000d7980000, 0x00000000f2200000)
  object space 19968K, 81% used [0x00000000d6600000,0x00000000d75e2c30,0x00000000d7980000)
 PSPermGen       total 21504K, used 17053K [0x00000000cc000000, 0x00000000cd500000, 0x00000000d6600000)
  object space 21504K, 79% used [0x00000000cc000000,0x00000000cd0a7610,0x00000000cd500000)

Card table byte_map: [0x00007f0b120c9000,0x00007f0b1226a000] byte_map_base: 0x00007f0b11a69000

Polling page: 0x00007f0b15135000

Code Cache  [0x00007f0b09000000, 0x00007f0b09270000, 0x00007f0b0c000000)
 total_blobs=1046 nmethods=167 adapters=833 free_code_cache=48080Kb largest_free_block=49213824

Compilation events (10 events):
Event: 15,840 Thread 0x00007f0b0c0a6800  163             java.util.concurrent.atomic.AtomicInteger::get (5 bytes)
Event: 15,841 Thread 0x00007f0b0c0a6800 nmethod 163 0x00007f0b0910dc90 code [0x00007f0b0910ddc0, 0x00007f0b0910de18]
Event: 16,982 Thread 0x00007f0b0c0a9800  164             sun.util.logging.PlatformLogger$Level::valueOf (152 bytes)
Event: 16,984 Thread 0x00007f0b0c0a9800 nmethod 164 0x00007f0b0910b050 code [0x00007f0b0910b1c0, 0x00007f0b0910b398]
Event: 17,008 Thread 0x00007f0b0c0a6800  165             sun.util.logging.PlatformLogger::isLoggable (38 bytes)
Event: 17,010 Thread 0x00007f0b0c0a6800 nmethod 165 0x00007f0b0910abd0 code [0x00007f0b0910ad20, 0x00007f0b0910ae78]
Event: 17,017 Thread 0x00007f0b0c0a9800  166             sun.util.logging.PlatformLogger::isLoggable (9 bytes)
Event: 17,022 Thread 0x00007f0b0c0a9800 nmethod 166 0x00007f0b0910ec90 code [0x00007f0b0910ee20, 0x00007f0b0910f138]
Event: 17,178 Thread 0x00007f0b0c0a6800  167             java.awt.EventQueue::getNextEventPrivate (76 bytes)
Event: 17,183 Thread 0x00007f0b0c0a6800 nmethod 167 0x00007f0b0910e790 code [0x00007f0b0910e8e0, 0x00007f0b0910eaa8]

GC Heap History (9 events):
Event: 1,121 GC heap before
{Heap before GC invocations=1 (full 0):
 PSYoungGen      total 9216K, used 7786K [0x00000000f2200000, 0x00000000f2c00000, 0x0000000100000000)
  eden space 8192K, 95% used [0x00000000f2200000,0x00000000f299a800,0x00000000f2a00000)
  from space 1024K, 0% used [0x00000000f2b00000,0x00000000f2b00000,0x00000000f2c00000)
  to   space 1024K, 0% used [0x00000000f2a00000,0x00000000f2a00000,0x00000000f2b00000)
 ParOldGen       total 19968K, used 0K [0x00000000d6600000, 0x00000000d7980000, 0x00000000f2200000)
  object space 19968K, 0% used [0x00000000d6600000,0x00000000d6600000,0x00000000d7980000)
 PSPermGen       total 21504K, used 9869K [0x00000000cc000000, 0x00000000cd500000, 0x00000000d6600000)
  object space 21504K, 45% used [0x00000000cc000000,0x00000000cc9a3718,0x00000000cd500000)
Event: 1,128 GC heap after
Heap after GC invocations=1 (full 0):
 PSYoungGen      total 9216K, used 1024K [0x00000000f2200000, 0x00000000f2c00000, 0x0000000100000000)
  eden space 8192K, 0% used [0x00000000f2200000,0x00000000f2200000,0x00000000f2a00000)
  from space 1024K, 100% used [0x00000000f2a00000,0x00000000f2b00000,0x00000000f2b00000)
  to   space 1024K, 0% used [0x00000000f2b00000,0x00000000f2b00000,0x00000000f2c00000)
 ParOldGen       total 19968K, used 1354K [0x00000000d6600000, 0x00000000d7980000, 0x00000000f2200000)
  object space 19968K, 6% used [0x00000000d6600000,0x00000000d6752958,0x00000000d7980000)
 PSPermGen       total 21504K, used 9869K [0x00000000cc000000, 0x00000000cd500000, 0x00000000d6600000)
  object space 21504K, 45% used [0x00000000cc000000,0x00000000cc9a3718,0x00000000cd500000)
}
Event: 1,833 GC heap before
{Heap before GC invocations=2 (full 0):
 PSYoungGen      total 9216K, used 9216K [0x00000000f2200000, 0x00000000f2c00000, 0x0000000100000000)
  eden space 8192K, 100% used [0x00000000f2200000,0x00000000f2a00000,0x00000000f2a00000)
  from space 1024K, 100% used [0x00000000f2a00000,0x00000000f2b00000,0x00000000f2b00000)
  to   space 1024K, 0% used [0x00000000f2b00000,0x00000000f2b00000,0x00000000f2c00000)
 ParOldGen       total 19968K, used 1354K [0x00000000d6600000, 0x00000000d7980000, 0x00000000f2200000)
  object space 19968K, 6% used [0x00000000d6600000,0x00000000d6752958,0x00000000d7980000)
 PSPermGen       total 21504K, used 14001K [0x00000000cc000000, 0x00000000cd500000, 0x00000000d6600000)
  object space 21504K, 65% used [0x00000000cc000000,0x00000000ccdac6b8,0x00000000cd500000)
Event: 1,840 GC heap after
Heap after GC invocations=2 (full 0):
 PSYoungGen      total 9216K, used 992K [0x00000000f2200000, 0x00000000f2c00000, 0x0000000100000000)
  eden space 8192K, 0% used [0x00000000f2200000,0x00000000f2200000,0x00000000f2a00000)
  from space 1024K, 96% used [0x00000000f2b00000,0x00000000f2bf8020,0x00000000f2c00000)
  to   space 1024K, 0% used [0x00000000f2a00000,0x00000000f2a00000,0x00000000f2b00000)
 ParOldGen       total 19968K, used 2839K [0x00000000d6600000, 0x00000000d7980000, 0x00000000f2200000)
  object space 19968K, 14% used [0x00000000d6600000,0x00000000d68c5d20,0x00000000d7980000)
 PSPermGen       total 21504K, used 14001K [0x00000000cc000000, 0x00000000cd500000, 0x00000000d6600000)
  object space 21504K, 65% used [0x00000000cc000000,0x00000000ccdac6b8,0x00000000cd500000)
}
Event: 2,493 GC heap before
{Heap before GC invocations=3 (full 0):
 PSYoungGen      total 9216K, used 9182K [0x00000000f2200000, 0x00000000f2c00000, 0x0000000100000000)
  eden space 8192K, 99% used [0x00000000f2200000,0x00000000f29ffbc0,0x00000000f2a00000)
  from space 1024K, 96% used [0x00000000f2b00000,0x00000000f2bf8020,0x00000000f2c00000)
  to   space 1024K, 0% used [0x00000000f2a00000,0x00000000f2a00000,0x00000000f2b00000)
 ParOldGen       total 19968K, used 2839K [0x00000000d6600000, 0x00000000d7980000, 0x00000000f2200000)
  object space 19968K, 14% used [0x00000000d6600000,0x00000000d68c5d20,0x00000000d7980000)
 PSPermGen       total 21504K, used 16133K [0x00000000cc000000, 0x00000000cd500000, 0x00000000d6600000)
  object space 21504K, 75% used [0x00000000cc000000,0x00000000ccfc1768,0x00000000cd500000)
Event: 2,515 GC heap after
Heap after GC invocations=3 (full 0):
 PSYoungGen      total 9216K, used 1024K [0x00000000f2200000, 0x00000000f3400000, 0x0000000100000000)
  eden space 8192K, 0% used [0x00000000f2200000,0x00000000f2200000,0x00000000f2a00000)
  from space 1024K, 100% used [0x00000000f2a00000,0x00000000f2b00000,0x00000000f2b00000)
  to   space 1024K, 0% used [0x00000000f3300000,0x00000000f3300000,0x00000000f3400000)
 ParOldGen       total 19968K, used 4747K [0x00000000d6600000, 0x00000000d7980000, 0x00000000f2200000)
  object space 19968K, 23% used [0x00000000d6600000,0x00000000d6aa2df8,0x00000000d7980000)
 PSPermGen       total 21504K, used 16133K [0x00000000cc000000, 0x00000000cd500000, 0x00000000d6600000)
  object space 21504K, 75% used [0x00000000cc000000,0x00000000ccfc1768,0x00000000cd500000)
}
Event: 2,716 GC heap before
{Heap before GC invocations=4 (full 0):
 PSYoungGen      total 9216K, used 9216K [0x00000000f2200000, 0x00000000f3400000, 0x0000000100000000)
  eden space 8192K, 100% used [0x00000000f2200000,0x00000000f2a00000,0x00000000f2a00000)
  from space 1024K, 100% used [0x00000000f2a00000,0x00000000f2b00000,0x00000000f2b00000)
  to   space 1024K, 0% used [0x00000000f3300000,0x00000000f3300000,0x00000000f3400000)
 ParOldGen       total 19968K, used 4747K [0x00000000d6600000, 0x00000000d7980000, 0x00000000f2200000)
  object space 19968K, 23% used [0x00000000d6600000,0x00000000d6aa2df8,0x00000000d7980000)
 PSPermGen       total 21504K, used 16526K [0x00000000cc000000, 0x00000000cd500000, 0x00000000d6600000)
  object space 21504K, 76% used [0x00000000cc000000,0x00000000cd023b50,0x00000000cd500000)
Event: 2,752 GC heap after
Heap after GC invocations=4 (full 0):
 PSYoungGen      total 17408K, used 1008K [0x00000000f2200000, 0x00000000f3400000, 0x0000000100000000)
  eden space 16384K, 0% used [0x00000000f2200000,0x00000000f2200000,0x00000000f3200000)
  from space 1024K, 98% used [0x00000000f3300000,0x00000000f33fc010,0x00000000f3400000)
  to   space 1024K, 0% used [0x00000000f3200000,0x00000000f3200000,0x00000000f3300000)
 ParOldGen       total 19968K, used 11600K [0x00000000d6600000, 0x00000000d7980000, 0x00000000f2200000)
  object space 19968K, 58% used [0x00000000d6600000,0x00000000d7154120,0x00000000d7980000)
 PSPermGen       total 21504K, used 16526K [0x00000000cc000000, 0x00000000cd500000, 0x00000000d6600000)
  object space 21504K, 76% used [0x00000000cc000000,0x00000000cd023b50,0x00000000cd500000)
}
Event: 17,717 GC heap before
{Heap before GC invocations=5 (full 0):
 PSYoungGen      total 17408K, used 14819K [0x00000000f2200000, 0x00000000f3400000, 0x0000000100000000)
  eden space 16384K, 84% used [0x00000000f2200000,0x00000000f2f7cf98,0x00000000f3200000)
  from space 1024K, 98% used [0x00000000f3300000,0x00000000f33fc010,0x00000000f3400000)
  to   space 1024K, 0% used [0x00000000f3200000,0x00000000f3200000,0x00000000f3300000)
 ParOldGen       total 19968K, used 11600K [0x00000000d6600000, 0x00000000d7980000, 0x00000000f2200000)
  object space 19968K, 58% used [0x00000000d6600000,0x00000000d7154120,0x00000000d7980000)
 PSPermGen       total 21504K, used 17053K [0x00000000cc000000, 0x00000000cd500000, 0x00000000d6600000)
  object space 21504K, 79% used [0x00000000cc000000,0x00000000cd0a7610,0x00000000cd500000)

Deoptimization events (10 events):
Event: 3,017 Thread 0x00007f0ac4004000 Uncommon trap: reason=class_check action=maybe_recompile pc=0x00007f0b090dc870 method=jogamp.opengl.util.jpeg.JPEGDecoder$Decoder.decodeBlock(Ljogamp/opengl/util/jpeg/JPEGDecoder$ComponentIn;Ljogamp/opengl/util/jpeg/JPEGDecoder$DecoderFunction;I)V @ 28
Event: 3,066 Thread 0x00007f0ac4004000 Uncommon trap: reason=class_check action=maybe_recompile pc=0x00007f0b090e0934 method=jogamp.opengl.util.jpeg.JPEGDecoder$Decoder.decodeMcu(Ljogamp/opengl/util/jpeg/JPEGDecoder$ComponentIn;Ljogamp/opengl/util/jpeg/JPEGDecoder$DecoderFunction;III)V @ 52
Event: 3,066 Thread 0x00007f0ac4004000 Uncommon trap: reason=class_check action=maybe_recompile pc=0x00007f0b090e0934 method=jogamp.opengl.util.jpeg.JPEGDecoder$Decoder.decodeMcu(Ljogamp/opengl/util/jpeg/JPEGDecoder$ComponentIn;Ljogamp/opengl/util/jpeg/JPEGDecoder$DecoderFunction;III)V @ 52
Event: 3,066 Thread 0x00007f0ac4004000 Uncommon trap: reason=class_check action=maybe_recompile pc=0x00007f0b090e0934 method=jogamp.opengl.util.jpeg.JPEGDecoder$Decoder.decodeMcu(Ljogamp/opengl/util/jpeg/JPEGDecoder$ComponentIn;Ljogamp/opengl/util/jpeg/JPEGDecoder$DecoderFunction;III)V @ 52
Event: 3,066 Thread 0x00007f0ac4004000 Uncommon trap: reason=class_check action=maybe_recompile pc=0x00007f0b090e0934 method=jogamp.opengl.util.jpeg.JPEGDecoder$Decoder.decodeMcu(Ljogamp/opengl/util/jpeg/JPEGDecoder$ComponentIn;Ljogamp/opengl/util/jpeg/JPEGDecoder$DecoderFunction;III)V @ 52
Event: 6,646 Thread 0x00007f0ac4004000 Uncommon trap: reason=predicate action=maybe_recompile pc=0x00007f0b090f8970 method=java.util.Arrays.fill([Ljava/lang/Object;Ljava/lang/Object;)V @ 10
Event: 8,709 Thread 0x00007f0ac4004000 Uncommon trap: reason=array_check action=maybe_recompile pc=0x00007f0b090d76b8 method=java.util.Arrays.fill([Ljava/lang/Object;Ljava/lang/Object;)V @ 13
Event: 8,712 Thread 0x00007f0ac4004000 Uncommon trap: reason=array_check action=maybe_recompile pc=0x00007f0b090d76b8 method=java.util.Arrays.fill([Ljava/lang/Object;Ljava/lang/Object;)V @ 13
Event: 8,726 Thread 0x00007f0ac4004000 Uncommon trap: reason=array_check action=maybe_recompile pc=0x00007f0b090d76b8 method=java.util.Arrays.fill([Ljava/lang/Object;Ljava/lang/Object;)V @ 13
Event: 8,729 Thread 0x00007f0ac4004000 Uncommon trap: reason=array_check action=maybe_recompile pc=0x00007f0b090d76b8 method=java.util.Arrays.fill([Ljava/lang/Object;Ljava/lang/Object;)V @ 13

Internal exceptions (10 events):
Event: 3,444 Thread 0x00007f0ac4004000 Threw 0x00000000f281fb00 at /build/java7-openjdk/src/icedtea-2.5.5/openjdk/hotspot/src/share/vm/prims/jvm.cpp:1284
Event: 3,445 Thread 0x00007f0ac4004000 Threw 0x00000000f28247c8 at /build/java7-openjdk/src/icedtea-2.5.5/openjdk/hotspot/src/share/vm/prims/jvm.cpp:1284
Event: 3,445 Thread 0x00007f0ac4004000 Threw 0x00000000f28295d0 at /build/java7-openjdk/src/icedtea-2.5.5/openjdk/hotspot/src/share/vm/prims/jvm.cpp:1284
Event: 3,446 Thread 0x00007f0ac4004000 Threw 0x00000000f2831000 at /build/java7-openjdk/src/icedtea-2.5.5/openjdk/hotspot/src/share/vm/prims/jvm.cpp:1284
Event: 3,447 Thread 0x00007f0ac4004000 Threw 0x00000000f2836658 at /build/java7-openjdk/src/icedtea-2.5.5/openjdk/hotspot/src/share/vm/prims/jvm.cpp:1284
Event: 3,450 Thread 0x00007f0ac4004000 Threw 0x00000000f2843b80 at /build/java7-openjdk/src/icedtea-2.5.5/openjdk/hotspot/src/share/vm/prims/jvm.cpp:1284
Event: 3,461 Thread 0x00007f0ac4004000 Threw 0x00000000f28492f0 at /build/java7-openjdk/src/icedtea-2.5.5/openjdk/hotspot/src/share/vm/prims/jvm.cpp:1284
Event: 3,465 Thread 0x00007f0ac4004000 Threw 0x00000000f284f180 at /build/java7-openjdk/src/icedtea-2.5.5/openjdk/hotspot/src/share/vm/prims/jvm.cpp:1284
Event: 3,468 Thread 0x00007f0ac4004000 Threw 0x00000000f2856098 at /build/java7-openjdk/src/icedtea-2.5.5/openjdk/hotspot/src/share/vm/prims/jvm.cpp:1284
Event: 3,610 Thread 0x00007f0ac4004000 Threw 0x00000000f28688a8 at /build/java7-openjdk/src/icedtea-2.5.5/openjdk/hotspot/src/share/vm/prims/jni.cpp:747

Events (10 events):
Event: 8,712 Thread 0x00007f0ac4004000 Uncommon trap: trap_request=0xffffffd6 fr.pc=0x00007f0b090d76b8
Event: 8,712 Thread 0x00007f0ac4004000 DEOPT PACKING pc=0x00007f0b090d76b8 sp=0x00007f0ac39f0380
Event: 8,712 Thread 0x00007f0ac4004000 DEOPT UNPACKING pc=0x00007f0b09039045 sp=0x00007f0ac39f0348 mode 2
Event: 8,726 Thread 0x00007f0ac4004000 Uncommon trap: trap_request=0xffffffd6 fr.pc=0x00007f0b090d76b8
Event: 8,726 Thread 0x00007f0ac4004000 DEOPT PACKING pc=0x00007f0b090d76b8 sp=0x00007f0ac39f0370
Event: 8,726 Thread 0x00007f0ac4004000 DEOPT UNPACKING pc=0x00007f0b09039045 sp=0x00007f0ac39f0338 mode 2
Event: 8,729 Thread 0x00007f0ac4004000 Uncommon trap: trap_request=0xffffffd6 fr.pc=0x00007f0b090d76b8
Event: 8,729 Thread 0x00007f0ac4004000 DEOPT PACKING pc=0x00007f0b090d76b8 sp=0x00007f0ac39f0380
Event: 8,729 Thread 0x00007f0ac4004000 DEOPT UNPACKING pc=0x00007f0b09039045 sp=0x00007f0ac39f0348 mode 2
Event: 17,675 Executing VM operation: ParallelGCFailedAllocation


Dynamic libraries:
00400000-00401000 r-xp 00000000 08:01 173470                             /usr/lib/jvm/java-7-openjdk/jre/bin/java
00600000-00601000 rw-p 00000000 08:01 173470                             /usr/lib/jvm/java-7-openjdk/jre/bin/java
01673000-01694000 rw-p 00000000 00:00 0                                  [heap]
cc000000-cd500000 rw-p 00000000 00:00 0 
cd500000-d6600000 rw-p 00000000 00:00 0 
d6600000-d7980000 rw-p 00000000 00:00 0 
d7980000-f2200000 rw-p 00000000 00:00 0 
f2200000-f3400000 rw-p 00000000 00:00 0 
f5200000-100000000 rw-p 00000000 00:00 0 
7f0ac3090000-7f0ac31a5000 rw-s 00000000 00:05 7438344                    /SYSV00000000 (deleted)
7f0ac32b3000-7f0ac33f3000 rw-s 00000000 00:05 61140                      /drm mm object (deleted)
7f0ac33f3000-7f0ac38f3000 rw-s 101c59000 00:06 10869                     /dev/dri/card0
7f0ac38f3000-7f0ac38f6000 ---p 00000000 00:00 0 
7f0ac38f6000-7f0ac39f4000 rw-p 00000000 00:00 0                          [stack:9037]
7f0ac39f4000-7f0ac39f8000 r-xp 00000000 08:01 533074                     /usr/lib/libattr.so.1.1.0
7f0ac39f8000-7f0ac3bf7000 ---p 00004000 08:01 533074                     /usr/lib/libattr.so.1.1.0
7f0ac3bf7000-7f0ac3bf8000 r--p 00003000 08:01 533074                     /usr/lib/libattr.so.1.1.0
7f0ac3bf8000-7f0ac3bf9000 rw-p 00004000 08:01 533074                     /usr/lib/libattr.so.1.1.0
7f0ac3bf9000-7f0ac3bfd000 r-xp 00000000 08:01 533203                     /usr/lib/libcap.so.2.24
7f0ac3bfd000-7f0ac3dfc000 ---p 00004000 08:01 533203                     /usr/lib/libcap.so.2.24
7f0ac3dfc000-7f0ac3dfd000 rw-p 00003000 08:01 533203                     /usr/lib/libcap.so.2.24
7f0ac3dfd000-7f0ac3dff000 r-xp 00000000 08:01 551760                     /usr/lib/libXinerama.so.1.0.0
7f0ac3dff000-7f0ac3ffe000 ---p 00002000 08:01 551760                     /usr/lib/libXinerama.so.1.0.0
7f0ac3ffe000-7f0ac3fff000 r--p 00001000 08:01 551760                     /usr/lib/libXinerama.so.1.0.0
7f0ac3fff000-7f0ac4000000 rw-p 00002000 08:01 551760                     /usr/lib/libXinerama.so.1.0.0
7f0ac4000000-7f0ac4021000 rw-p 00000000 00:00 0 
7f0ac4021000-7f0ac8000000 ---p 00000000 00:00 0 
7f0ac8025000-7f0ac8029000 r-xp 00000000 08:01 551153                     /usr/lib/libtxc_dxtn.so
7f0ac8029000-7f0ac8228000 ---p 00004000 08:01 551153                     /usr/lib/libtxc_dxtn.so
7f0ac8228000-7f0ac8229000 r--p 00003000 08:01 551153                     /usr/lib/libtxc_dxtn.so
7f0ac8229000-7f0ac822a000 rw-p 00004000 08:01 551153                     /usr/lib/libtxc_dxtn.so
7f0ac822a000-7f0ac8232000 r-xp 00000000 08:01 546525                     /usr/lib/libpciaccess.so.0.11.1
7f0ac8232000-7f0ac8432000 ---p 00008000 08:01 546525                     /usr/lib/libpciaccess.so.0.11.1
7f0ac8432000-7f0ac8433000 r--p 00008000 08:01 546525                     /usr/lib/libpciaccess.so.0.11.1
7f0ac8433000-7f0ac8434000 rw-p 00009000 08:01 546525                     /usr/lib/libpciaccess.so.0.11.1
7f0ac8434000-7f0ac843f000 r-xp 00000000 08:01 546543                     /usr/lib/libdrm_radeon.so.1.0.1
7f0ac843f000-7f0ac863e000 ---p 0000b000 08:01 546543                     /usr/lib/libdrm_radeon.so.1.0.1
7f0ac863e000-7f0ac863f000 r--p 0000a000 08:01 546543                     /usr/lib/libdrm_radeon.so.1.0.1
7f0ac863f000-7f0ac8640000 rw-p 0000b000 08:01 546543                     /usr/lib/libdrm_radeon.so.1.0.1
7f0ac8640000-7f0ac8646000 r-xp 00000000 08:01 546542                     /usr/lib/libdrm_nouveau.so.2.0.0
7f0ac8646000-7f0ac8845000 ---p 00006000 08:01 546542                     /usr/lib/libdrm_nouveau.so.2.0.0
7f0ac8845000-7f0ac8846000 r--p 00005000 08:01 546542                     /usr/lib/libdrm_nouveau.so.2.0.0
7f0ac8846000-7f0ac8847000 rw-p 00006000 08:01 546542                     /usr/lib/libdrm_nouveau.so.2.0.0
7f0ac8847000-7f0ac8868000 r-xp 00000000 08:01 546541                     /usr/lib/libdrm_intel.so.1.0.0
7f0ac8868000-7f0ac8a67000 ---p 00021000 08:01 546541                     /usr/lib/libdrm_intel.so.1.0.0
7f0ac8a67000-7f0ac8a68000 r--p 00020000 08:01 546541                     /usr/lib/libdrm_intel.so.1.0.0
7f0ac8a68000-7f0ac8a69000 rw-p 00021000 08:01 546541                     /usr/lib/libdrm_intel.so.1.0.0
7f0ac8a69000-7f0ac8fcf000 r-xp 00000000 08:01 687129                     /usr/lib/xorg/modules/dri/i965_dri.so
7f0ac8fcf000-7f0ac91ce000 ---p 00566000 08:01 687129                     /usr/lib/xorg/modules/dri/i965_dri.so
7f0ac91ce000-7f0ac91f1000 r--p 00565000 08:01 687129                     /usr/lib/xorg/modules/dri/i965_dri.so
7f0ac91f1000-7f0ac91f7000 rw-p 00588000 08:01 687129                     /usr/lib/xorg/modules/dri/i965_dri.so
7f0ac91f7000-7f0ac91ff000 rw-p 00000000 00:00 0 
7f0ac91ff000-7f0ac9202000 ---p 00000000 00:00 0 
7f0ac9202000-7f0ac9300000 rw-p 00000000 00:00 0                          [stack:9034]
7f0ac9300000-7f0ac9359000 r-xp 00000000 00:1f 59982                      /tmp/jogamp_0000/file_cache/jln1982055184457149711/jln7520627266147292311/libjogl_mobile.so
7f0ac9359000-7f0ac9559000 ---p 00059000 00:1f 59982                      /tmp/jogamp_0000/file_cache/jln1982055184457149711/jln7520627266147292311/libjogl_mobile.so
7f0ac9559000-7f0ac955a000 rw-p 00059000 00:1f 59982                      /tmp/jogamp_0000/file_cache/jln1982055184457149711/jln7520627266147292311/libjogl_mobile.so
7f0ac955a000-7f0ac956a000 r-xp 00000000 08:01 550760                     /usr/lib/libwayland-server.so.0.1.0
7f0ac956a000-7f0ac9769000 ---p 00010000 08:01 550760                     /usr/lib/libwayland-server.so.0.1.0
7f0ac9769000-7f0ac976b000 r--p 0000f000 08:01 550760                     /usr/lib/libwayland-server.so.0.1.0
7f0ac976b000-7f0ac976c000 rw-p 00011000 08:01 550760                     /usr/lib/libwayland-server.so.0.1.0
7f0ac976c000-7f0ac9778000 r-xp 00000000 08:01 550761                     /usr/lib/libwayland-client.so.0.3.0
7f0ac9778000-7f0ac9977000 ---p 0000c000 08:01 550761                     /usr/lib/libwayland-client.so.0.3.0
7f0ac9977000-7f0ac997a000 r--p 0000b000 08:01 550761                     /usr/lib/libwayland-client.so.0.3.0
7f0ac997a000-7f0ac997b000 rw-p 0000e000 08:01 550761                     /usr/lib/libwayland-client.so.0.3.0
7f0ac997b000-7f0ac9988000 r-xp 00000000 08:01 551219                     /usr/lib/libgbm.so.1.0.0
7f0ac9988000-7f0ac9b87000 ---p 0000d000 08:01 551219                     /usr/lib/libgbm.so.1.0.0
7f0ac9b87000-7f0ac9b88000 r--p 0000c000 08:01 551219                     /usr/lib/libgbm.so.1.0.0
7f0ac9b88000-7f0ac9b89000 rw-p 0000d000 08:01 551219                     /usr/lib/libgbm.so.1.0.0
7f0ac9b89000-7f0ac9bb0000 r-xp 00000000 08:01 659296                     /usr/lib/mesa/libEGL.so.1.0.0
7f0ac9bb0000-7f0ac9db0000 ---p 00027000 08:01 659296                     /usr/lib/mesa/libEGL.so.1.0.0
7f0ac9db0000-7f0ac9db1000 r--p 00027000 08:01 659296                     /usr/lib/mesa/libEGL.so.1.0.0
7f0ac9db1000-7f0ac9db2000 rw-p 00028000 08:01 659296                     /usr/lib/mesa/libEGL.so.1.0.0
7f0ac9db2000-7f0ac9db3000 rw-p 00000000 00:00 0 
7f0ac9db3000-7f0ac9db9000 r-xp 00000000 08:01 659298                     /usr/lib/mesa/libGLESv2.so.2.0.0
7f0ac9db9000-7f0ac9fb8000 ---p 00006000 08:01 659298                     /usr/lib/mesa/libGLESv2.so.2.0.0
7f0ac9fb8000-7f0ac9fb9000 r--p 00005000 08:01 659298                     /usr/lib/mesa/libGLESv2.so.2.0.0
7f0ac9fb9000-7f0ac9fba000 rw-p 00006000 08:01 659298                     /usr/lib/mesa/libGLESv2.so.2.0.0
7f0ac9fba000-7f0ac9fbd000 ---p 00000000 00:00 0 
7f0ac9fbd000-7f0aca0bb000 rw-p 00000000 00:00 0                          [stack:9033]
7f0aca0bb000-7f0aca16e000 r-xp 00000000 00:1f 59981                      /tmp/jogamp_0000/file_cache/jln1982055184457149711/jln7520627266147292311/libjogl_desktop.so
7f0aca16e000-7f0aca36e000 ---p 000b3000 00:1f 59981                      /tmp/jogamp_0000/file_cache/jln1982055184457149711/jln7520627266147292311/libjogl_desktop.so
7f0aca36e000-7f0aca36f000 rw-p 000b3000 00:1f 59981                      /tmp/jogamp_0000/file_cache/jln1982055184457149711/jln7520627266147292311/libjogl_desktop.so
7f0aca36f000-7f0aca37b000 r-xp 00000000 08:01 546539                     /usr/lib/libdrm.so.2.4.0
7f0aca37b000-7f0aca57b000 ---p 0000c000 08:01 546539                     /usr/lib/libdrm.so.2.4.0
7f0aca57b000-7f0aca57c000 r--p 0000c000 08:01 546539                     /usr/lib/libdrm.so.2.4.0
7f0aca57c000-7f0aca57d000 rw-p 0000d000 08:01 546539                     /usr/lib/libdrm.so.2.4.0
7f0aca57d000-7f0aca57e000 r-xp 00000000 08:01 550751                     /usr/lib/libxshmfence.so.1.0.0
7f0aca57e000-7f0aca77e000 ---p 00001000 08:01 550751                     /usr/lib/libxshmfence.so.1.0.0
7f0aca77e000-7f0aca77f000 r--p 00001000 08:01 550751                     /usr/lib/libxshmfence.so.1.0.0
7f0aca77f000-7f0aca780000 rw-p 00002000 08:01 550751                     /usr/lib/libxshmfence.so.1.0.0
7f0aca780000-7f0aca785000 r-xp 00000000 08:01 549009                     /usr/lib/libxcb-sync.so.1.0.0
7f0aca785000-7f0aca985000 ---p 00005000 08:01 549009                     /usr/lib/libxcb-sync.so.1.0.0
7f0aca985000-7f0aca986000 r--p 00005000 08:01 549009                     /usr/lib/libxcb-sync.so.1.0.0
7f0aca986000-7f0aca987000 rw-p 00006000 08:01 549009                     /usr/lib/libxcb-sync.so.1.0.0
7f0aca987000-7f0aca98a000 r-xp 00000000 08:01 548978                     /usr/lib/libxcb-shape.so.0.0.0
7f0aca98a000-7f0acab89000 ---p 00003000 08:01 548978                     /usr/lib/libxcb-shape.so.0.0.0
7f0acab89000-7f0acab8a000 r--p 00002000 08:01 548978                     /usr/lib/libxcb-shape.so.0.0.0
7f0acab8a000-7f0acab8b000 rw-p 00003000 08:01 548978                     /usr/lib/libxcb-shape.so.0.0.0
7f0acab8b000-7f0acab94000 r-xp 00000000 08:01 548963                     /usr/lib/libxcb-render.so.0.0.0
7f0acab94000-7f0acad93000 ---p 00009000 08:01 548963                     /usr/lib/libxcb-render.so.0.0.0
7f0acad93000-7f0acad94000 r--p 00008000 08:01 548963                     /usr/lib/libxcb-render.so.0.0.0
7f0acad94000-7f0acad95000 rw-p 00009000 08:01 548963                     /usr/lib/libxcb-render.so.0.0.0
7f0acad95000-7f0acad9b000 r-xp 00000000 08:01 548960                     /usr/lib/libxcb-xfixes.so.0.0.0
7f0acad9b000-7f0acaf9b000 ---p 00006000 08:01 548960                     /usr/lib/libxcb-xfixes.so.0.0.0
7f0acaf9b000-7f0acaf9c000 r--p 00006000 08:01 548960                     /usr/lib/libxcb-xfixes.so.0.0.0
7f0acaf9c000-7f0acaf9d000 rw-p 00007000 08:01 548960                     /usr/lib/libxcb-xfixes.so.0.0.0
7f0acaf9d000-7f0acafaa000 r-xp 00000000 08:01 549017                     /usr/lib/libxcb-randr.so.0.1.0
7f0acafaa000-7f0acb1a9000 ---p 0000d000 08:01 549017                     /usr/lib/libxcb-randr.so.0.1.0
7f0acb1a9000-7f0acb1aa000 r--p 0000c000 08:01 549017                     /usr/lib/libxcb-randr.so.0.1.0
7f0acb1aa000-7f0acb1ab000 rw-p 0000d000 08:01 549017                     /usr/lib/libxcb-randr.so.0.1.0
7f0acb1ab000-7f0acb1ad000 r-xp 00000000 08:01 548996                     /usr/lib/libxcb-present.so.0.0.0
7f0acb1ad000-7f0acb3ac000 ---p 00002000 08:01 548996                     /usr/lib/libxcb-present.so.0.0.0
7f0acb3ac000-7f0acb3ad000 r--p 00001000 08:01 548996                     /usr/lib/libxcb-present.so.0.0.0
7f0acb3ad000-7f0acb3ae000 rw-p 00002000 08:01 548996                     /usr/lib/libxcb-present.so.0.0.0
7f0acb3ae000-7f0acb3b0000 r-xp 00000000 08:01 548968                     /usr/lib/libxcb-dri3.so.0.0.0
7f0acb3b0000-7f0acb5af000 ---p 00002000 08:01 548968                     /usr/lib/libxcb-dri3.so.0.0.0
7f0acb5af000-7f0acb5b0000 r--p 00001000 08:01 548968                     /usr/lib/libxcb-dri3.so.0.0.0
7f0acb5b0000-7f0acb5b1000 rw-p 00002000 08:01 548968                     /usr/lib/libxcb-dri3.so.0.0.0
7f0acb5b1000-7f0acb5b5000 r-xp 00000000 08:01 548993                     /usr/lib/libxcb-dri2.so.0.0.0
7f0acb5b5000-7f0acb7b4000 ---p 00004000 08:01 548993                     /usr/lib/libxcb-dri2.so.0.0.0
7f0acb7b4000-7f0acb7b5000 r--p 00003000 08:01 548993                     /usr/lib/libxcb-dri2.so.0.0.0
7f0acb7b5000-7f0acb7b6000 rw-p 00004000 08:01 548993                     /usr/lib/libxcb-dri2.so.0.0.0
7f0acb7b6000-7f0acb7cd000 r-xp 00000000 08:01 548967                     /usr/lib/libxcb-glx.so.0.0.0
7f0acb7cd000-7f0acb9cd000 ---p 00017000 08:01 548967                     /usr/lib/libxcb-glx.so.0.0.0
7f0acb9cd000-7f0acb9cf000 r--p 00017000 08:01 548967                     /usr/lib/libxcb-glx.so.0.0.0
7f0acb9cf000-7f0acb9d0000 rw-p 00019000 08:01 548967                     /usr/lib/libxcb-glx.so.0.0.0
7f0acb9d0000-7f0acb9d1000 r-xp 00000000 08:01 549069                     /usr/lib/libX11-xcb.so.1.0.0
7f0acb9d1000-7f0acbbd0000 ---p 00001000 08:01 549069                     /usr/lib/libX11-xcb.so.1.0.0
7f0acbbd0000-7f0acbbd1000 r--p 00000000 08:01 549069                     /usr/lib/libX11-xcb.so.1.0.0
7f0acbbd1000-7f0acbbd2000 rw-p 00001000 08:01 549069                     /usr/lib/libX11-xcb.so.1.0.0
7f0acbbd2000-7f0acbbd4000 r-xp 00000000 08:01 551027                     /usr/lib/libXdamage.so.1.1.0
7f0acbbd4000-7f0acbdd3000 ---p 00002000 08:01 551027                     /usr/lib/libXdamage.so.1.1.0
7f0acbdd3000-7f0acbdd4000 r--p 00001000 08:01 551027                     /usr/lib/libXdamage.so.1.1.0
7f0acbdd4000-7f0acbdd5000 rw-p 00002000 08:01 551027                     /usr/lib/libXdamage.so.1.1.0
7f0acbdd5000-7f0acbdfb000 r-xp 00000000 08:01 551223                     /usr/lib/libglapi.so.0.0.0
7f0acbdfb000-7f0acbffb000 ---p 00026000 08:01 551223                     /usr/lib/libglapi.so.0.0.0
7f0acbffb000-7f0acbffe000 r--p 00026000 08:01 551223                     /usr/lib/libglapi.so.0.0.0
7f0acbffe000-7f0acbfff000 rw-p 00029000 08:01 551223                     /usr/lib/libglapi.so.0.0.0
7f0acbfff000-7f0acc000000 rw-p 00000000 00:00 0 
7f0acc000000-7f0acf0d7000 rw-p 00000000 00:00 0 
7f0acf0d7000-7f0ad0000000 ---p 00000000 00:00 0 
7f0ad0000000-7f0ad2df1000 rw-p 00000000 00:00 0 
7f0ad2df1000-7f0ad4000000 ---p 00000000 00:00 0 
7f0ad4000000-7f0ad642c000 rw-p 00000000 00:00 0 
7f0ad642c000-7f0ad8000000 ---p 00000000 00:00 0 
7f0ad8000000-7f0ad8021000 rw-p 00000000 00:00 0 
7f0ad8021000-7f0adc000000 ---p 00000000 00:00 0 
7f0adc004000-7f0adc09c000 r-xp 00000000 08:01 659295                     /usr/lib/mesa/libGL.so.1.2.0
7f0adc09c000-7f0adc29b000 ---p 00098000 08:01 659295                     /usr/lib/mesa/libGL.so.1.2.0
7f0adc29b000-7f0adc29e000 r--p 00097000 08:01 659295                     /usr/lib/mesa/libGL.so.1.2.0
7f0adc29e000-7f0adc29f000 rw-p 0009a000 08:01 659295                     /usr/lib/mesa/libGL.so.1.2.0
7f0adc29f000-7f0adc2a0000 rw-p 00000000 00:00 0 
7f0adc2a0000-7f0adc2a7000 r-xp 00000000 00:1f 59984                      /tmp/jogamp_0000/file_cache/jln1982055184457149711/jln7520627266147292311/libnativewindow_x11.so
7f0adc2a7000-7f0adc4a6000 ---p 00007000 00:1f 59984                      /tmp/jogamp_0000/file_cache/jln1982055184457149711/jln7520627266147292311/libnativewindow_x11.so
7f0adc4a6000-7f0adc4a7000 rw-p 00006000 00:1f 59984                      /tmp/jogamp_0000/file_cache/jln1982055184457149711/jln7520627266147292311/libnativewindow_x11.so
7f0adc4a7000-7f0adc4aa000 ---p 00000000 00:00 0 
7f0adc4aa000-7f0adc5a8000 rw-p 00000000 00:00 0                          [stack:9035]
7f0adc5a8000-7f0adc5ad000 r-xp 00000000 08:01 551010                     /usr/lib/libXxf86vm.so.1.0.0
7f0adc5ad000-7f0adc7ac000 ---p 00005000 08:01 551010                     /usr/lib/libXxf86vm.so.1.0.0
7f0adc7ac000-7f0adc7ad000 r--p 00004000 08:01 551010                     /usr/lib/libXxf86vm.so.1.0.0
7f0adc7ad000-7f0adc7ae000 rw-p 00005000 08:01 551010                     /usr/lib/libXxf86vm.so.1.0.0
7f0adc7ae000-7f0adc7b0000 r-xp 00000000 00:1f 59983                      /tmp/jogamp_0000/file_cache/jln1982055184457149711/jln7520627266147292311/libnativewindow_awt.so
7f0adc7b0000-7f0adc9af000 ---p 00002000 00:1f 59983                      /tmp/jogamp_0000/file_cache/jln1982055184457149711/jln7520627266147292311/libnativewindow_awt.so
7f0adc9af000-7f0adc9b0000 rw-p 00001000 00:1f 59983                      /tmp/jogamp_0000/file_cache/jln1982055184457149711/jln7520627266147292311/libnativewindow_awt.so
7f0adc9b0000-7f0adc9b1000 r-xp 00000000 08:01 173453                     /usr/lib/jvm/java-7-openjdk/jre/lib/amd64/libjawt.so
7f0adc9b1000-7f0adcbb0000 ---p 00001000 08:01 173453                     /usr/lib/jvm/java-7-openjdk/jre/lib/amd64/libjawt.so
7f0adcbb0000-7f0adcbb1000 rw-p 00000000 08:01 173453                     /usr/lib/jvm/java-7-openjdk/jre/lib/amd64/libjawt.so
7f0adcbb1000-7f0adcbb3000 r-xp 00000000 00:1f 59978                      /tmp/jogamp_0000/file_cache/jln1982055184457149711/jln7520627266147292311/libgluegen-rt.so
7f0adcbb3000-7f0adcdb2000 ---p 00002000 00:1f 59978                      /tmp/jogamp_0000/file_cache/jln1982055184457149711/jln7520627266147292311/libgluegen-rt.so
7f0adcdb2000-7f0adcdb3000 rw-p 00001000 00:1f 59978                      /tmp/jogamp_0000/file_cache/jln1982055184457149711/jln7520627266147292311/libgluegen-rt.so
7f0adcdb3000-7f0adcdb6000 ---p 00000000 00:00 0 
7f0adcdb6000-7f0adceb4000 rw-p 00000000 00:00 0                          [stack:9036]
7f0adceb4000-7f0adcec4000 r-xp 00000000 08:01 173439                     /usr/lib/jvm/java-7-openjdk/jre/lib/amd64/libnio.so
7f0adcec4000-7f0add0c4000 ---p 00010000 08:01 173439                     /usr/lib/jvm/java-7-openjdk/jre/lib/amd64/libnio.so
7f0add0c4000-7f0add0c5000 rw-p 00010000 08:01 173439                     /usr/lib/jvm/java-7-openjdk/jre/lib/amd64/libnio.so
7f0add0c5000-7f0add0dc000 r-xp 00000000 08:01 173438                     /usr/lib/jvm/java-7-openjdk/jre/lib/amd64/libnet.so
7f0add0dc000-7f0add2db000 ---p 00017000 08:01 173438                     /usr/lib/jvm/java-7-openjdk/jre/lib/amd64/libnet.so
7f0add2db000-7f0add2dc000 rw-p 00016000 08:01 173438                     /usr/lib/jvm/java-7-openjdk/jre/lib/amd64/libnet.so
7f0add2dc000-7f0add2df000 ---p 00000000 00:00 0 
7f0add2df000-7f0add3dd000 rw-p 00000000 00:00 0                          [stack:9022]
7f0add3dd000-7f0add3e0000 ---p 00000000 00:00 0 
7f0add3e0000-7f0add4de000 rw-p 00000000 00:00 0                          [stack:9021]
7f0add4de000-7f0add4e3000 r-xp 00000000 08:01 551018                     /usr/lib/libXfixes.so.3.1.0
7f0add4e3000-7f0add6e2000 ---p 00005000 08:01 551018                     /usr/lib/libXfixes.so.3.1.0
7f0add6e2000-7f0add6e3000 r--p 00004000 08:01 551018                     /usr/lib/libXfixes.so.3.1.0
7f0add6e3000-7f0add6e4000 rw-p 00005000 08:01 551018                     /usr/lib/libXfixes.so.3.1.0
7f0add6e4000-7f0add6ee000 r-xp 00000000 08:01 551820                     /usr/lib/libXcursor.so.1.0.2
7f0add6ee000-7f0add8ed000 ---p 0000a000 08:01 551820                     /usr/lib/libXcursor.so.1.0.2
7f0add8ed000-7f0add8ee000 r--p 00009000 08:01 551820                     /usr/lib/libXcursor.so.1.0.2
7f0add8ee000-7f0add8ef000 rw-p 0000a000 08:01 551820                     /usr/lib/libXcursor.so.1.0.2
7f0add8ef000-7f0add90b000 r-xp 00000000 08:01 546491                     /usr/lib/libgraphite2.so.3.0.1
7f0add90b000-7f0addb0a000 ---p 0001c000 08:01 546491                     /usr/lib/libgraphite2.so.3.0.1
7f0addb0a000-7f0addb0c000 r--p 0001b000 08:01 546491                     /usr/lib/libgraphite2.so.3.0.1
7f0addb0c000-7f0addb0d000 rw-p 0001d000 08:01 546491                     /usr/lib/libgraphite2.so.3.0.1
7f0addb0d000-7f0addb9d000 r-xp 00000000 08:01 533161                     /usr/lib/libgmp.so.10.2.0
7f0addb9d000-7f0addd9d000 ---p 00090000 08:01 533161                     /usr/lib/libgmp.so.10.2.0
7f0addd9d000-7f0addd9e000 r--p 00090000 08:01 533161                     /usr/lib/libgmp.so.10.2.0
7f0addd9e000-7f0addd9f000 rw-p 00091000 08:01 533161                     /usr/lib/libgmp.so.10.2.0
7f0addd9f000-7f0adddd1000 r-xp 00000000 08:01 540958                     /usr/lib/libhogweed.so.4.1
7f0adddd1000-7f0addfd1000 ---p 00032000 08:01 540958                     /usr/lib/libhogweed.so.4.1
7f0addfd1000-7f0addfd2000 r--p 00032000 08:01 540958                     /usr/lib/libhogweed.so.4.1
7f0addfd2000-7f0addfd3000 rw-p 00033000 08:01 540958                     /usr/lib/libhogweed.so.4.1
7f0addfd3000-7f0ade009000 r-xp 00000000 08:01 540956                     /usr/lib/libnettle.so.6.1
7f0ade009000-7f0ade208000 ---p 00036000 08:01 540956                     /usr/lib/libnettle.so.6.1
7f0ade208000-7f0ade20a000 r--p 00035000 08:01 540956                     /usr/lib/libnettle.so.6.1
7f0ade20a000-7f0ade20b000 rw-p 00037000 08:01 540956                     /usr/lib/libnettle.so.6.1
7f0ade20b000-7f0ade21c000 r-xp 00000000 08:01 540362                     /usr/lib/libtasn1.so.6.4.2
7f0ade21c000-7f0ade41c000 ---p 00011000 08:01 540362                     /usr/lib/libtasn1.so.6.4.2
7f0ade41c000-7f0ade41d000 r--p 00011000 08:01 540362                     /usr/lib/libtasn1.so.6.4.2
7f0ade41d000-7f0ade41e000 rw-p 00012000 08:01 540362                     /usr/lib/libtasn1.so.6.4.2
7f0ade41e000-7f0ade478000 r-xp 00000000 08:01 540381                     /usr/lib/libp11-kit.so.0.1.0
7f0ade478000-7f0ade678000 ---p 0005a000 08:01 540381                     /usr/lib/libp11-kit.so.0.1.0
7f0ade678000-7f0ade682000 r--p 0005a000 08:01 540381                     /usr/lib/libp11-kit.so.0.1.0
7f0ade682000-7f0ade684000 rw-p 00064000 08:01 540381                     /usr/lib/libp11-kit.so.0.1.0
7f0ade684000-7f0ade687000 r-xp 00000000 08:01 532695                     /usr/lib/libkeyutils.so.1.5
7f0ade687000-7f0ade886000 ---p 00003000 08:01 532695                     /usr/lib/libkeyutils.so.1.5
7f0ade886000-7f0ade887000 r--p 00002000 08:01 532695                     /usr/lib/libkeyutils.so.1.5
7f0ade887000-7f0ade888000 rw-p 00003000 08:01 532695                     /usr/lib/libkeyutils.so.1.5
7f0ade888000-7f0ade894000 r-xp 00000000 08:01 532783                     /usr/lib/libkrb5support.so.0.1
7f0ade894000-7f0adea93000 ---p 0000c000 08:01 532783                     /usr/lib/libkrb5support.so.0.1
7f0adea93000-7f0adea94000 r--p 0000b000 08:01 532783                     /usr/lib/libkrb5support.so.0.1
7f0adea94000-7f0adea95000 rw-p 0000c000 08:01 532783                     /usr/lib/libkrb5support.so.0.1
7f0adea95000-7f0adea9a000 r-xp 00000000 08:01 546469                     /usr/lib/libXdmcp.so.6.0.0
7f0adea9a000-7f0adec99000 ---p 00005000 08:01 546469                     /usr/lib/libXdmcp.so.6.0.0
7f0adec99000-7f0adec9a000 r--p 00004000 08:01 546469                     /usr/lib/libXdmcp.so.6.0.0
7f0adec9a000-7f0adec9b000 rw-p 00005000 08:01 546469                     /usr/lib/libXdmcp.so.6.0.0
7f0adec9b000-7f0adec9d000 r-xp 00000000 08:01 546588                     /usr/lib/libXau.so.6.0.0
7f0adec9d000-7f0adee9d000 ---p 00002000 08:01 546588                     /usr/lib/libXau.so.6.0.0
7f0adee9d000-7f0adee9e000 r--p 00002000 08:01 546588                     /usr/lib/libXau.so.6.0.0
7f0adee9e000-7f0adee9f000 rw-p 00003000 08:01 546588                     /usr/lib/libXau.so.6.0.0
7f0adee9f000-7f0adef0d000 r-xp 00000000 08:01 533515                     /usr/lib/libpcre.so.1.2.5
7f0adef0d000-7f0adf10d000 ---p 0006e000 08:01 533515                     /usr/lib/libpcre.so.1.2.5
7f0adf10d000-7f0adf10e000 r--p 0006e000 08:01 533515                     /usr/lib/libpcre.so.1.2.5
7f0adf10e000-7f0adf10f000 rw-p 0006f000 08:01 533515                     /usr/lib/libpcre.so.1.2.5
7f0adf10f000-7f0adf117000 r-xp 00000000 08:01 533647                     /usr/lib/libffi.so.6.0.4
7f0adf117000-7f0adf316000 ---p 00008000 08:01 533647                     /usr/lib/libffi.so.6.0.4
7f0adf316000-7f0adf317000 r--p 00007000 08:01 533647                     /usr/lib/libffi.so.6.0.4
7f0adf317000-7f0adf318000 rw-p 00008000 08:01 533647                     /usr/lib/libffi.so.6.0.4
7f0adf318000-7f0adf32c000 r-xp 00000000 08:01 525386                     /usr/lib/libresolv-2.21.so
7f0adf32c000-7f0adf52b000 ---p 00014000 08:01 525386                     /usr/lib/libresolv-2.21.so
7f0adf52b000-7f0adf52c000 r--p 00013000 08:01 525386                     /usr/lib/libresolv-2.21.so
7f0adf52c000-7f0adf52d000 rw-p 00014000 08:01 525386                     /usr/lib/libresolv-2.21.so
7f0adf52d000-7f0adf52f000 rw-p 00000000 00:00 0 
7f0adf52f000-7f0adf532000 r-xp 00000000 08:01 533726                     /usr/lib/libgmodule-2.0.so.0.4400.0
7f0adf532000-7f0adf731000 ---p 00003000 08:01 533726                     /usr/lib/libgmodule-2.0.so.0.4400.0
7f0adf731000-7f0adf732000 r--p 00002000 08:01 533726                     /usr/lib/libgmodule-2.0.so.0.4400.0
7f0adf732000-7f0adf733000 rw-p 00003000 08:01 533726                     /usr/lib/libgmodule-2.0.so.0.4400.0
7f0adf733000-7f0adf78d000 r-xp 00000000 08:01 546501                     /usr/lib/libharfbuzz.so.0.940.0
7f0adf78d000-7f0adf98c000 ---p 0005a000 08:01 546501                     /usr/lib/libharfbuzz.so.0.940.0
7f0adf98c000-7f0adf98f000 r--p 00059000 08:01 546501                     /usr/lib/libharfbuzz.so.0.940.0
7f0adf98f000-7f0adf990000 rw-p 0005c000 08:01 546501                     /usr/lib/libharfbuzz.so.0.940.0
7f0adf990000-7f0adf9c5000 r-xp 00000000 08:01 546476                     /usr/lib/libpng16.so.16.16.0
7f0adf9c5000-7f0adfbc4000 ---p 00035000 08:01 546476                     /usr/lib/libpng16.so.16.16.0
7f0adfbc4000-7f0adfbc5000 r--p 00034000 08:01 546476                     /usr/lib/libpng16.so.16.16.0
7f0adfbc5000-7f0adfbc6000 rw-p 00035000 08:01 546476                     /usr/lib/libpng16.so.16.16.0
7f0adfbc6000-7f0adfbd5000 r-xp 00000000 08:01 528483                     /usr/lib/libbz2.so.1.0.6
7f0adfbd5000-7f0adfdd4000 ---p 0000f000 08:01 528483                     /usr/lib/libbz2.so.1.0.6
7f0adfdd4000-7f0adfdd6000 rw-p 0000e000 08:01 528483                     /usr/lib/libbz2.so.1.0.6
7f0adfdd6000-7f0adfdfd000 r-xp 00000000 08:01 533483                     /usr/lib/libexpat.so.1.6.0
7f0adfdfd000-7f0adfffc000 ---p 00027000 08:01 533483                     /usr/lib/libexpat.so.1.6.0
7f0adfffc000-7f0adffff000 r--p 00026000 08:01 533483                     /usr/lib/libexpat.so.1.6.0
7f0adffff000-7f0ae0000000 rw-p 00029000 08:01 533483                     /usr/lib/libexpat.so.1.6.0
7f0ae0000000-7f0ae0291000 rw-p 00000000 00:00 0 
7f0ae0291000-7f0ae4000000 ---p 00000000 00:00 0 
7f0ae4000000-7f0ae4021000 rw-p 00000000 00:00 0 
7f0ae4021000-7f0ae8000000 ---p 00000000 00:00 0 
7f0ae8000000-7f0ae8021000 rw-p 00000000 00:00 0 
7f0ae8021000-7f0aec000000 ---p 00000000 00:00 0 
7f0aec000000-7f0aec2b6000 rw-p 00000000 00:00 0 
7f0aec2b6000-7f0af0000000 ---p 00000000 00:00 0 
7f0af0000000-7f0af0021000 rw-p 00000000 00:00 0 
7f0af0021000-7f0af4000000 ---p 00000000 00:00 0 
7f0af4000000-7f0af4021000 rw-p 00000000 00:00 0 
7f0af4021000-7f0af8000000 ---p 00000000 00:00 0 
7f0af8045000-7f0af804d000 rw-s 00000000 00:05 61139                      /drm mm object (deleted)
7f0af804d000-7f0af8055000 rw-s 101c51000 00:06 10869                     /dev/dri/card0
7f0af8055000-7f0af8068000 r-xp 00000000 08:01 534124                     /usr/lib/libudev.so.1.6.2
7f0af8068000-7f0af8069000 r--p 00012000 08:01 534124                     /usr/lib/libudev.so.1.6.2
7f0af8069000-7f0af806a000 rw-p 00013000 08:01 534124                     /usr/lib/libudev.so.1.6.2
7f0af806a000-7f0af8072000 rw-s 00000000 00:05 61134                      /drm mm object (deleted)
7f0af8072000-7f0af807a000 rw-s 00000000 00:05 60914                      /drm mm object (deleted)
7f0af807a000-7f0af8082000 rw-s 00000000 00:05 60901                      /drm mm object (deleted)
7f0af8082000-7f0af808a000 rw-s 00000000 00:05 60929                      /drm mm object (deleted)
7f0af808a000-7f0af8092000 rw-s 00000000 00:05 60890                      /drm mm object (deleted)
7f0af8092000-7f0af809a000 rw-s 00000000 00:05 60860                      /drm mm object (deleted)
7f0af809a000-7f0af80cb000 rw-p 00000000 00:00 0 
7f0af80cb000-7f0af80ce000 ---p 00000000 00:00 0 
7f0af80ce000-7f0af81cc000 rw-p 00000000 00:00 0                          [stack:9020]
7f0af81cc000-7f0af81d4000 r-xp 00000000 08:01 525405                     /usr/lib/libcrypt-2.21.so
7f0af81d4000-7f0af83d3000 ---p 00008000 08:01 525405                     /usr/lib/libcrypt-2.21.so
7f0af83d3000-7f0af83d4000 r--p 00007000 08:01 525405                     /usr/lib/libcrypt-2.21.so
7f0af83d4000-7f0af83d5000 rw-p 00008000 08:01 525405                     /usr/lib/libcrypt-2.21.so
7f0af83d5000-7f0af8403000 rw-p 00000000 00:00 0 
7f0af8403000-7f0af844a000 r-xp 00000000 08:01 533475                     /usr/lib/libdbus-1.so.3.8.11
7f0af844a000-7f0af864a000 ---p 00047000 08:01 533475                     /usr/lib/libdbus-1.so.3.8.11
7f0af864a000-7f0af864b000 r--p 00047000 08:01 533475                     /usr/lib/libdbus-1.so.3.8.11
7f0af864b000-7f0af864c000 rw-p 00048000 08:01 533475                     /usr/lib/libdbus-1.so.3.8.11
7f0af864c000-7f0af865c000 r-xp 00000000 08:01 552887                     /usr/lib/libavahi-client.so.3.2.9
7f0af865c000-7f0af885b000 ---p 00010000 08:01 552887                     /usr/lib/libavahi-client.so.3.2.9
7f0af885b000-7f0af885c000 r--p 0000f000 08:01 552887                     /usr/lib/libavahi-client.so.3.2.9
7f0af885c000-7f0af885d000 rw-p 00010000 08:01 552887                     /usr/lib/libavahi-client.so.3.2.9
7f0af885d000-7f0af8869000 r-xp 00000000 08:01 552890                     /usr/lib/libavahi-common.so.3.5.3
7f0af8869000-7f0af8a68000 ---p 0000c000 08:01 552890                     /usr/lib/libavahi-common.so.3.5.3
7f0af8a68000-7f0af8a69000 r--p 0000b000 08:01 552890                     /usr/lib/libavahi-common.so.3.5.3
7f0af8a69000-7f0af8a6a000 rw-p 0000c000 08:01 552890                     /usr/lib/libavahi-common.so.3.5.3
7f0af8a6a000-7f0af8b89000 r-xp 00000000 08:01 542036                     /usr/lib/libgnutls.so.30.0.1
7f0af8b89000-7f0af8d89000 ---p 0011f000 08:01 542036                     /usr/lib/libgnutls.so.30.0.1
7f0af8d89000-7f0af8d93000 r--p 0011f000 08:01 542036                     /usr/lib/libgnutls.so.30.0.1
7f0af8d93000-7f0af8d96000 rw-p 00129000 08:01 542036                     /usr/lib/libgnutls.so.30.0.1
7f0af8d96000-7f0af8d97000 rw-p 00000000 00:00 0 
7f0af8d97000-7f0af8d9a000 r-xp 00000000 08:01 528678                     /usr/lib/libcom_err.so.2.1
7f0af8d9a000-7f0af8f99000 ---p 00003000 08:01 528678                     /usr/lib/libcom_err.so.2.1
7f0af8f99000-7f0af8f9a000 r--p 00002000 08:01 528678                     /usr/lib/libcom_err.so.2.1
7f0af8f9a000-7f0af8f9b000 rw-p 00003000 08:01 528678                     /usr/lib/libcom_err.so.2.1
7f0af8f9b000-7f0af8fca000 r-xp 00000000 08:01 532781                     /usr/lib/libk5crypto.so.3.1
7f0af8fca000-7f0af91c9000 ---p 0002f000 08:01 532781                     /usr/lib/libk5crypto.so.3.1
7f0af91c9000-7f0af91cc000 r--p 0002e000 08:01 532781                     /usr/lib/libk5crypto.so.3.1
7f0af91cc000-7f0af91cd000 rw-p 00031000 08:01 532781                     /usr/lib/libk5crypto.so.3.1
7f0af91cd000-7f0af91ce000 rw-p 00000000 00:00 0 
7f0af91ce000-7f0af92a3000 r-xp 00000000 08:01 532759                     /usr/lib/libkrb5.so.3.3
7f0af92a3000-7f0af94a2000 ---p 000d5000 08:01 532759                     /usr/lib/libkrb5.so.3.3
7f0af94a2000-7f0af94b0000 r--p 000d4000 08:01 532759                     /usr/lib/libkrb5.so.3.3
7f0af94b0000-7f0af94b3000 rw-p 000e2000 08:01 532759                     /usr/lib/libkrb5.so.3.3
7f0af94b3000-7f0af94fd000 r-xp 00000000 08:01 532778                     /usr/lib/libgssapi_krb5.so.2.2
7f0af94fd000-7f0af96fc000 ---p 0004a000 08:01 532778                     /usr/lib/libgssapi_krb5.so.2.2
7f0af96fc000-7f0af96fe000 r--p 00049000 08:01 532778                     /usr/lib/libgssapi_krb5.so.2.2
7f0af96fe000-7f0af9700000 rw-p 0004b000 08:01 532778                     /usr/lib/libgssapi_krb5.so.2.2
7f0af9700000-7f0af9721000 r-xp 00000000 08:01 548981                     /usr/lib/libxcb.so.1.1.0
7f0af9721000-7f0af9920000 ---p 00021000 08:01 548981                     /usr/lib/libxcb.so.1.1.0
7f0af9920000-7f0af9921000 r--p 00020000 08:01 548981                     /usr/lib/libxcb.so.1.1.0
7f0af9921000-7f0af9922000 rw-p 00021000 08:01 548981                     /usr/lib/libxcb.so.1.1.0
7f0af9922000-7f0af9a2e000 r-xp 00000000 08:01 533725                     /usr/lib/libglib-2.0.so.0.4400.0
7f0af9a2e000-7f0af9c2d000 ---p 0010c000 08:01 533725                     /usr/lib/libglib-2.0.so.0.4400.0
7f0af9c2d000-7f0af9c2e000 r--p 0010b000 08:01 533725                     /usr/lib/libglib-2.0.so.0.4400.0
7f0af9c2e000-7f0af9c2f000 rw-p 0010c000 08:01 533725                     /usr/lib/libglib-2.0.so.0.4400.0
7f0af9c2f000-7f0af9c30000 rw-p 00000000 00:00 0 
7f0af9c30000-7f0af9c7f000 r-xp 00000000 08:01 533728                     /usr/lib/libgobject-2.0.so.0.4400.0
7f0af9c7f000-7f0af9e7f000 ---p 0004f000 08:01 533728                     /usr/lib/libgobject-2.0.so.0.4400.0
7f0af9e7f000-7f0af9e80000 r--p 0004f000 08:01 533728                     /usr/lib/libgobject-2.0.so.0.4400.0
7f0af9e80000-7f0af9e81000 rw-p 00050000 08:01 533728                     /usr/lib/libgobject-2.0.so.0.4400.0
7f0af9e81000-7f0af9ff7000 r-xp 00000000 08:01 533729                     /usr/lib/libgio-2.0.so.0.4400.0
7f0af9ff7000-7f0afa1f7000 ---p 00176000 08:01 533729                     /usr/lib/libgio-2.0.so.0.4400.0
7f0afa1f7000-7f0afa1fb000 r--p 00176000 08:01 533729                     /usr/lib/libgio-2.0.so.0.4400.0
7f0afa1fb000-7f0afa1fd000 rw-p 0017a000 08:01 533729                     /usr/lib/libgio-2.0.so.0.4400.0
7f0afa1fd000-7f0afa1ff000 rw-p 00000000 00:00 0 
7f0afa1ff000-7f0afa2b5000 r-xp 00000000 08:01 546511                     /usr/lib/libfreetype.so.6.11.4
7f0afa2b5000-7f0afa4b5000 ---p 000b6000 08:01 546511                     /usr/lib/libfreetype.so.6.11.4
7f0afa4b5000-7f0afa4bb000 r--p 000b6000 08:01 546511                     /usr/lib/libfreetype.so.6.11.4
7f0afa4bb000-7f0afa4bc000 rw-p 000bc000 08:01 546511                     /usr/lib/libfreetype.so.6.11.4
7f0afa4bc000-7f0afa4f7000 r-xp 00000000 08:01 550220                     /usr/lib/libfontconfig.so.1.8.0
7f0afa4f7000-7f0afa6f6000 ---p 0003b000 08:01 550220                     /usr/lib/libfontconfig.so.1.8.0
7f0afa6f6000-7f0afa6f8000 r--p 0003a000 08:01 550220                     /usr/lib/libfontconfig.so.1.8.0
7f0afa6f8000-7f0afa6f9000 rw-p 0003c000 08:01 550220                     /usr/lib/libfontconfig.so.1.8.0
7f0afa6f9000-7f0afa76e000 r-xp 00000000 08:01 553023                     /usr/lib/libcups.so.2
7f0afa76e000-7f0afa96d000 ---p 00075000 08:01 553023                     /usr/lib/libcups.so.2
7f0afa96d000-7f0afa975000 rw-p 00074000 08:01 553023                     /usr/lib/libcups.so.2
7f0afa975000-7f0afa984000 r-xp 00000000 08:01 551719                     /usr/lib/libXi.so.6.1.0
7f0afa984000-7f0afab84000 ---p 0000f000 08:01 551719                     /usr/lib/libXi.so.6.1.0
7f0afab84000-7f0afab85000 r--p 0000f000 08:01 551719                     /usr/lib/libXi.so.6.1.0
7f0afab85000-7f0afab86000 rw-p 00010000 08:01 551719                     /usr/lib/libXi.so.6.1.0
7f0afab86000-7f0afab8b000 r-xp 00000000 08:01 551872                     /usr/lib/libXtst.so.6.1.0
7f0afab8b000-7f0afad8a000 ---p 00005000 08:01 551872                     /usr/lib/libXtst.so.6.1.0
7f0afad8a000-7f0afad8b000 r--p 00004000 08:01 551872                     /usr/lib/libXtst.so.6.1.0
7f0afad8b000-7f0afad8c000 rw-p 00005000 08:01 551872                     /usr/lib/libXtst.so.6.1.0
7f0afad8c000-7f0afad95000 r-xp 00000000 08:01 551728                     /usr/lib/libXrender.so.1.3.0
7f0afad95000-7f0afaf94000 ---p 00009000 08:01 551728                     /usr/lib/libXrender.so.1.3.0
7f0afaf94000-7f0afaf95000 r--p 00008000 08:01 551728                     /usr/lib/libXrender.so.1.3.0
7f0afaf95000-7f0afaf96000 rw-p 00009000 08:01 551728                     /usr/lib/libXrender.so.1.3.0
7f0afaf96000-7f0afb0d1000 r-xp 00000000 08:01 549068                     /usr/lib/libX11.so.6.3.0
7f0afb0d1000-7f0afb2d0000 ---p 0013b000 08:01 549068                     /usr/lib/libX11.so.6.3.0
7f0afb2d0000-7f0afb2d2000 r--p 0013a000 08:01 549068                     /usr/lib/libX11.so.6.3.0
7f0afb2d2000-7f0afb2d7000 rw-p 0013c000 08:01 549068                     /usr/lib/libX11.so.6.3.0
7f0afb2d7000-7f0afb2d8000 rw-p 00000000 00:00 0 
7f0afb2d8000-7f0afb2e9000 r-xp 00000000 08:01 550977                     /usr/lib/libXext.so.6.4.0
7f0afb2e9000-7f0afb4e8000 ---p 00011000 08:01 550977                     /usr/lib/libXext.so.6.4.0
7f0afb4e8000-7f0afb4e9000 r--p 00010000 08:01 550977                     /usr/lib/libXext.so.6.4.0
7f0afb4e9000-7f0afb4ea000 rw-p 00011000 08:01 550977                     /usr/lib/libXext.so.6.4.0
7f0afb4ea000-7f0afb531000 r-xp 00000000 08:01 173482                     /usr/lib/jvm/java-7-openjdk/jre/lib/amd64/xawt/libmawt.so
7f0afb531000-7f0afb731000 ---p 00047000 08:01 173482                     /usr/lib/jvm/java-7-openjdk/jre/lib/amd64/xawt/libmawt.so
7f0afb731000-7f0afb734000 rw-p 00047000 08:01 173482                     /usr/lib/jvm/java-7-openjdk/jre/lib/amd64/xawt/libmawt.so
7f0afb734000-7f0afb735000 rw-p 00000000 00:00 0 
7f0afb735000-7f0afb7d5000 r-xp 00000000 08:01 173451                     /usr/lib/jvm/java-7-openjdk/jre/lib/amd64/libawt.so
7f0afb7d5000-7f0afb9d5000 ---p 000a0000 08:01 173451                     /usr/lib/jvm/java-7-openjdk/jre/lib/amd64/libawt.so
7f0afb9d5000-7f0afb9e1000 rw-p 000a0000 08:01 173451                     /usr/lib/jvm/java-7-openjdk/jre/lib/amd64/libawt.so
7f0afb9e1000-7f0afba05000 rw-p 00000000 00:00 0 
7f0afba05000-7f0afba06000 ---p 00000000 00:00 0 
7f0afba06000-7f0afbb06000 rw-p 00000000 00:00 0                          [stack:9018]
7f0afbb06000-7f0afbb09000 ---p 00000000 00:00 0 
7f0afbb09000-7f0afbc07000 rw-p 00000000 00:00 0                          [stack:9017]
7f0afbc07000-7f0afbc0a000 ---p 00000000 00:00 0 
7f0afbc0a000-7f0afbd08000 rw-p 00000000 00:00 0                          [stack:9016]
7f0afbd08000-7f0afc000000 r--p 00000000 08:01 545361                     /usr/lib/locale/locale-archive
7f0afc000000-7f0afc021000 rw-p 00000000 00:00 0 
7f0afc021000-7f0b00000000 ---p 00000000 00:00 0 
7f0b00000000-7f0b00021000 rw-p 00000000 00:00 0 
7f0b00021000-7f0b04000000 ---p 00000000 00:00 0 
7f0b04000000-7f0b04021000 rw-p 00000000 00:00 0 
7f0b04021000-7f0b08000000 ---p 00000000 00:00 0 
7f0b08000000-7f0b08008000 rw-s 00000000 00:05 59999                      /drm mm object (deleted)
7f0b08008000-7f0b0800b000 ---p 00000000 00:00 0 
7f0b0800b000-7f0b08041000 rw-p 00000000 00:00 0                          [stack:9026]
7f0b08041000-7f0b08044000 ---p 00000000 00:00 0 
7f0b08044000-7f0b08142000 rw-p 00000000 00:00 0                          [stack:9015]
7f0b08142000-7f0b08145000 ---p 00000000 00:00 0 
7f0b08145000-7f0b08243000 rw-p 00000000 00:00 0                          [stack:9014]
7f0b08243000-7f0b08246000 ---p 00000000 00:00 0 
7f0b08246000-7f0b08344000 rw-p 00000000 00:00 0                          [stack:9013]
7f0b08344000-7f0b08347000 ---p 00000000 00:00 0 
7f0b08347000-7f0b08445000 rw-p 00000000 00:00 0                          [stack:9012]
7f0b08445000-7f0b08446000 ---p 00000000 00:00 0 
7f0b08446000-7f0b08e4f000 rw-p 00000000 00:00 0                          [stack:9011]
7f0b08e4f000-7f0b09000000 r--s 01d27000 08:01 172968                     /usr/lib/jvm/java-7-openjdk/jre/lib/rt.jar
7f0b09000000-7f0b09270000 rwxp 00000000 00:00 0 
7f0b09270000-7f0b0c931000 rw-p 00000000 00:00 0 
7f0b0c931000-7f0b10000000 ---p 00000000 00:00 0 
7f0b10001000-7f0b10002000 rw-p 00000000 00:00 0 
7f0b10002000-7f0b10003000 rw-s 101c4c000 00:06 10869                     /dev/dri/card0
7f0b10003000-7f0b10004000 rw-s 101c4b000 00:06 10869                     /dev/dri/card0
7f0b10004000-7f0b10005000 rwxp 00000000 00:00 0 
7f0b10005000-7f0b10006000 rw-s 00000000 00:05 59995                      /drm mm object (deleted)
7f0b10006000-7f0b10007000 rw-s 101c4a000 00:06 10869                     /dev/dri/card0
7f0b10007000-7f0b1000f000 rw-s 00000000 00:05 59994                      /drm mm object (deleted)
7f0b1000f000-7f0b10014000 r--s 0004d000 08:01 172970                     /usr/lib/jvm/java-7-openjdk/jre/lib/jsse.jar
7f0b10014000-7f0b1001e000 r--s 000ae000 08:01 172969                     /usr/lib/jvm/java-7-openjdk/jre/lib/resources.jar
7f0b1001e000-7f0b10028000 r--s 00203000 08:01 172965                     /usr/lib/jvm/java-7-openjdk/jre/lib/charsets.jar
7f0b10028000-7f0b1004b000 r--s 00308000 08:01 417591                     /home/cookiedragon/Programming/workspace/Computergrafik/Computergrafik/lib/jogl-all.jar
7f0b1004b000-7f0b10051000 r--s 0004a000 08:01 417587                     /home/cookiedragon/Programming/workspace/Computergrafik/Computergrafik/lib/gluegen-rt.jar
7f0b10051000-7f0b11d96000 rw-p 00000000 00:00 0 
7f0b11d96000-7f0b11d97000 ---p 00000000 00:00 0 
7f0b11d97000-7f0b11e97000 rw-p 00000000 00:00 0                          [stack:9010]
7f0b11e97000-7f0b11e98000 ---p 00000000 00:00 0 
7f0b11e98000-7f0b11fa3000 rw-p 00000000 00:00 0                          [stack:9009]
7f0b11fa3000-7f0b11feb000 rw-p 00000000 00:00 0 
7f0b11feb000-7f0b11ff5000 rw-p 00000000 00:00 0 
7f0b11ff5000-7f0b120c9000 rw-p 00000000 00:00 0 
7f0b120c9000-7f0b120d4000 rw-p 00000000 00:00 0 
7f0b120d4000-7f0b1211c000 rw-p 00000000 00:00 0 
7f0b1211c000-7f0b12126000 rw-p 00000000 00:00 0 
7f0b12126000-7f0b121fa000 rw-p 00000000 00:00 0 
7f0b121fa000-7f0b12203000 rw-p 00000000 00:00 0 
7f0b12203000-7f0b12269000 rw-p 00000000 00:00 0 
7f0b12269000-7f0b1226a000 rw-p 00000000 00:00 0 
7f0b1226a000-7f0b12272000 r-xp 00000000 08:01 173437                     /usr/lib/jvm/java-7-openjdk/jre/lib/amd64/libzip.so
7f0b12272000-7f0b12471000 ---p 00008000 08:01 173437                     /usr/lib/jvm/java-7-openjdk/jre/lib/amd64/libzip.so
7f0b12471000-7f0b12472000 rw-p 00007000 08:01 173437                     /usr/lib/jvm/java-7-openjdk/jre/lib/amd64/libzip.so
7f0b12472000-7f0b1247d000 r-xp 00000000 08:01 525390                     /usr/lib/libnss_files-2.21.so
7f0b1247d000-7f0b1267d000 ---p 0000b000 08:01 525390                     /usr/lib/libnss_files-2.21.so
7f0b1267d000-7f0b1267e000 r--p 0000b000 08:01 525390                     /usr/lib/libnss_files-2.21.so
7f0b1267e000-7f0b1267f000 rw-p 0000c000 08:01 525390                     /usr/lib/libnss_files-2.21.so
7f0b1267f000-7f0b126ab000 r-xp 00000000 08:01 173436                     /usr/lib/jvm/java-7-openjdk/jre/lib/amd64/libjava.so
7f0b126ab000-7f0b128aa000 ---p 0002c000 08:01 173436                     /usr/lib/jvm/java-7-openjdk/jre/lib/amd64/libjava.so
7f0b128aa000-7f0b128ac000 rw-p 0002b000 08:01 173436                     /usr/lib/jvm/java-7-openjdk/jre/lib/amd64/libjava.so
7f0b128ac000-7f0b128b9000 r-xp 00000000 08:01 173435                     /usr/lib/jvm/java-7-openjdk/jre/lib/amd64/libverify.so
7f0b128b9000-7f0b12ab8000 ---p 0000d000 08:01 173435                     /usr/lib/jvm/java-7-openjdk/jre/lib/amd64/libverify.so
7f0b12ab8000-7f0b12aba000 rw-p 0000c000 08:01 173435                     /usr/lib/jvm/java-7-openjdk/jre/lib/amd64/libverify.so
7f0b12aba000-7f0b12ac1000 r-xp 00000000 08:01 525422                     /usr/lib/librt-2.21.so
7f0b12ac1000-7f0b12cc0000 ---p 00007000 08:01 525422                     /usr/lib/librt-2.21.so
7f0b12cc0000-7f0b12cc1000 r--p 00006000 08:01 525422                     /usr/lib/librt-2.21.so
7f0b12cc1000-7f0b12cc2000 rw-p 00007000 08:01 525422                     /usr/lib/librt-2.21.so
7f0b12cc2000-7f0b12cd8000 r-xp 00000000 08:01 525754                     /usr/lib/libgcc_s.so.1
7f0b12cd8000-7f0b12ed7000 ---p 00016000 08:01 525754                     /usr/lib/libgcc_s.so.1
7f0b12ed7000-7f0b12ed8000 rw-p 00015000 08:01 525754                     /usr/lib/libgcc_s.so.1
7f0b12ed8000-7f0b12fdb000 r-xp 00000000 08:01 525449                     /usr/lib/libm-2.21.so
7f0b12fdb000-7f0b131db000 ---p 00103000 08:01 525449                     /usr/lib/libm-2.21.so
7f0b131db000-7f0b131dc000 r--p 00103000 08:01 525449                     /usr/lib/libm-2.21.so
7f0b131dc000-7f0b131dd000 rw-p 00104000 08:01 525449                     /usr/lib/libm-2.21.so
7f0b131dd000-7f0b132cd000 r-xp 00000000 08:01 525758                     /usr/lib/libstdc++.so.6.0.20
7f0b132cd000-7f0b134cd000 ---p 000f0000 08:01 525758                     /usr/lib/libstdc++.so.6.0.20
7f0b134cd000-7f0b134d5000 r--p 000f0000 08:01 525758                     /usr/lib/libstdc++.so.6.0.20
7f0b134d5000-7f0b134d7000 rw-p 000f8000 08:01 525758                     /usr/lib/libstdc++.so.6.0.20
7f0b134d7000-7f0b134ec000 rw-p 00000000 00:00 0 
7f0b134ec000-7f0b14041000 r-xp 00000000 08:01 173469                     /usr/lib/jvm/java-7-openjdk/jre/lib/amd64/server/libjvm.so
7f0b14041000-7f0b14241000 ---p 00b55000 08:01 173469                     /usr/lib/jvm/java-7-openjdk/jre/lib/amd64/server/libjvm.so
7f0b14241000-7f0b14303000 rw-p 00b55000 08:01 173469                     /usr/lib/jvm/java-7-openjdk/jre/lib/amd64/server/libjvm.so
7f0b14303000-7f0b1432f000 rw-p 00000000 00:00 0 
7f0b1432f000-7f0b14344000 r-xp 00000000 08:01 528491                     /usr/lib/libz.so.1.2.8
7f0b14344000-7f0b14543000 ---p 00015000 08:01 528491                     /usr/lib/libz.so.1.2.8
7f0b14543000-7f0b14544000 r--p 00014000 08:01 528491                     /usr/lib/libz.so.1.2.8
7f0b14544000-7f0b14545000 rw-p 00015000 08:01 528491                     /usr/lib/libz.so.1.2.8
7f0b14545000-7f0b146de000 r-xp 00000000 08:01 525401                     /usr/lib/libc-2.21.so
7f0b146de000-7f0b148de000 ---p 00199000 08:01 525401                     /usr/lib/libc-2.21.so
7f0b148de000-7f0b148e2000 r--p 00199000 08:01 525401                     /usr/lib/libc-2.21.so
7f0b148e2000-7f0b148e4000 rw-p 0019d000 08:01 525401                     /usr/lib/libc-2.21.so
7f0b148e4000-7f0b148e8000 rw-p 00000000 00:00 0 
7f0b148e8000-7f0b148ea000 r-xp 00000000 08:01 525431                     /usr/lib/libdl-2.21.so
7f0b148ea000-7f0b14aea000 ---p 00002000 08:01 525431                     /usr/lib/libdl-2.21.so
7f0b14aea000-7f0b14aeb000 r--p 00002000 08:01 525431                     /usr/lib/libdl-2.21.so
7f0b14aeb000-7f0b14aec000 rw-p 00003000 08:01 525431                     /usr/lib/libdl-2.21.so
7f0b14aec000-7f0b14af9000 r-xp 00000000 08:01 173465                     /usr/lib/jvm/java-7-openjdk/jre/lib/amd64/jli/libjli.so
7f0b14af9000-7f0b14cf8000 ---p 0000d000 08:01 173465                     /usr/lib/jvm/java-7-openjdk/jre/lib/amd64/jli/libjli.so
7f0b14cf8000-7f0b14cf9000 rw-p 0000c000 08:01 173465                     /usr/lib/jvm/java-7-openjdk/jre/lib/amd64/jli/libjli.so
7f0b14cf9000-7f0b14d11000 r-xp 00000000 08:01 525421                     /usr/lib/libpthread-2.21.so
7f0b14d11000-7f0b14f10000 ---p 00018000 08:01 525421                     /usr/lib/libpthread-2.21.so
7f0b14f10000-7f0b14f11000 r--p 00017000 08:01 525421                     /usr/lib/libpthread-2.21.so
7f0b14f11000-7f0b14f12000 rw-p 00018000 08:01 525421                     /usr/lib/libpthread-2.21.so
7f0b14f12000-7f0b14f16000 rw-p 00000000 00:00 0 
7f0b14f16000-7f0b14f38000 r-xp 00000000 08:01 525445                     /usr/lib/ld-2.21.so
7f0b14f38000-7f0b14f39000 r--p 00000000 00:00 0 
7f0b14f39000-7f0b14f3a000 r--p 00000000 08:01 525354                     /usr/share/locale/en_GB/LC_MESSAGES/libc.mo
7f0b14f3a000-7f0b14f3c000 r--s 00000000 08:01 417585                     /home/cookiedragon/Programming/workspace/Computergrafik/Computergrafik/lib/gluegen-rt-natives-linux-amd64.jar
7f0b14f3c000-7f0b14f46000 r--s 0005c000 08:01 417592                     /home/cookiedragon/Programming/workspace/Computergrafik/Computergrafik/lib/rabbitmq-client.jar
7f0b14f46000-7f0b14f49000 r--s 00011000 08:01 417588                     /home/cookiedragon/Programming/workspace/Computergrafik/Computergrafik/lib/javax.json-1.0.2.jar
7f0b14f49000-7f0b14f53000 rw-p 00000000 00:00 0 
7f0b14f53000-7f0b15009000 rw-p 00000000 00:00 0 
7f0b15009000-7f0b1500c000 ---p 00000000 00:00 0 
7f0b1500c000-7f0b1510e000 rw-p 00000000 00:00 0                          [stack:9008]
7f0b1510e000-7f0b1510f000 r--s 00033000 08:01 417589                     /home/cookiedragon/Programming/workspace/Computergrafik/Computergrafik/lib/jogl-all-natives-linux-amd64.jar
7f0b1510f000-7f0b15112000 r--s 0000e000 08:01 417584                     /home/cookiedragon/Programming/workspace/Computergrafik/Computergrafik/lib/commons-io-1.2.jar
7f0b15112000-7f0b15113000 r--s 00008000 08:01 417583                     /home/cookiedragon/Programming/workspace/Computergrafik/Computergrafik/lib/commons-cli-1.1.jar
7f0b15113000-7f0b15115000 r--s 0000c000 08:01 576523                     /usr/share/eclipse/plugins/org.hamcrest.core_1.3.0.v201303031735.jar
7f0b15115000-7f0b1511b000 r--s 00036000 08:01 576899                     /usr/share/eclipse/plugins/org.junit_4.11.0.v201303080030/junit.jar
7f0b1511b000-7f0b1512c000 rw-p 00000000 00:00 0 
7f0b1512c000-7f0b15134000 rw-s 00000000 00:1f 60759                      /tmp/hsperfdata_cookiedragon/9003
7f0b15134000-7f0b15135000 rw-p 00000000 00:00 0 
7f0b15135000-7f0b15136000 ---p 00000000 00:00 0 
7f0b15136000-7f0b15137000 rw-p 00000000 00:00 0 
7f0b15137000-7f0b15138000 r--p 00021000 08:01 525445                     /usr/lib/ld-2.21.so
7f0b15138000-7f0b15139000 rw-p 00022000 08:01 525445                     /usr/lib/ld-2.21.so
7f0b15139000-7f0b1513a000 rw-p 00000000 00:00 0 
7ffcb2e3d000-7ffcb2e5e000 rw-p 00000000 00:00 0                          [stack]
7ffcb2f5f000-7ffcb2f61000 r--p 00000000 00:00 0                          [vvar]
7ffcb2f61000-7ffcb2f63000 r-xp 00000000 00:00 0                          [vdso]
ffffffffff600000-ffffffffff601000 r-xp 00000000 00:00 0                  [vsyscall]

VM Arguments:
jvm_args: -Dfile.encoding=UTF-8 
java_command: aufgabe2und4.Aufgabe4
Launcher Type: SUN_STANDARD

Environment Variables:
PATH=/usr/local/sbin:/usr/local/bin:/usr/bin:/usr/lib/jvm/default/bin:/usr/bin/site_perl:/usr/bin/vendor_perl:/usr/bin/core_perl
USERNAME=cookiedragon
SHELL=/bin/bash
DISPLAY=:0

Signal Handlers:
SIGSEGV: [libjvm.so+0x989390], sa_mask[0]=0x7ffbfeff, sa_flags=0x10000004
SIGBUS: [libjvm.so+0x989390], sa_mask[0]=0x7ffbfeff, sa_flags=0x10000004
SIGFPE: [libjvm.so+0x7f74d0], sa_mask[0]=0x7ffbfeff, sa_flags=0x10000004
SIGPIPE: [libjvm.so+0x7f74d0], sa_mask[0]=0x7ffbfeff, sa_flags=0x10000004
SIGXFSZ: [libjvm.so+0x7f74d0], sa_mask[0]=0x7ffbfeff, sa_flags=0x10000004
SIGILL: [libjvm.so+0x7f74d0], sa_mask[0]=0x7ffbfeff, sa_flags=0x10000004
SIGUSR1: SIG_DFL, sa_mask[0]=0x00000000, sa_flags=0x00000000
SIGUSR2: [libjvm.so+0x7f7350], sa_mask[0]=0x00000004, sa_flags=0x10000004
SIGHUP: [libjvm.so+0x7f7550], sa_mask[0]=0x7ffbfeff, sa_flags=0x10000004
SIGINT: [libjvm.so+0x7f7550], sa_mask[0]=0x7ffbfeff, sa_flags=0x10000004
SIGTERM: [libjvm.so+0x7f7550], sa_mask[0]=0x7ffbfeff, sa_flags=0x10000004
SIGQUIT: [libjvm.so+0x7f7550], sa_mask[0]=0x7ffbfeff, sa_flags=0x10000004
SIGTRAP: SIG_DFL, sa_mask[0]=0x00000000, sa_flags=0x00000000


---------------  S Y S T E M  ---------------

OS:Linux
uname:Linux 4.0.3-1-ARCH #1 SMP PREEMPT Wed May 13 15:38:47 CEST 2015 x86_64
libc:glibc 2.21 NPTL 2.21 
rlimit: STACK 8192k, CORE 0k, NPROC 7495, NOFILE 4096, AS infinity
load average:1,34 0,47 0,25

/proc/meminfo:
MemTotal:        1924828 kB
MemFree:          102492 kB
MemAvailable:      37036 kB
Buffers:             300 kB
Cached:           500540 kB
SwapCached:            0 kB
Active:          1252104 kB
Inactive:         440516 kB
Active(anon):    1245964 kB
Inactive(anon):   431408 kB
Active(file):       6140 kB
Inactive(file):     9108 kB
Unevictable:       15556 kB
Mlocked:           15556 kB
SwapTotal:             0 kB
SwapFree:              0 kB
Dirty:                16 kB
Writeback:             0 kB
AnonPages:       1207716 kB
Mapped:            40708 kB
Shmem:            478972 kB
Slab:              43376 kB
SReclaimable:      22780 kB
SUnreclaim:        20596 kB
KernelStack:        5984 kB
PageTables:        21508 kB
NFS_Unstable:          0 kB
Bounce:                0 kB
WritebackTmp:          0 kB
CommitLimit:      962412 kB
Committed_AS:    3757212 kB
VmallocTotal:   34359738367 kB
VmallocUsed:      364008 kB
VmallocChunk:   34359367636 kB
HardwareCorrupted:     0 kB
AnonHugePages:    229376 kB
HugePages_Total:       0
HugePages_Free:        0
HugePages_Rsvd:        0
HugePages_Surp:        0
Hugepagesize:       2048 kB
DirectMap4k:       88552 kB
DirectMap2M:     1947648 kB
DirectMap1G:           0 kB


CPU:total 2 (2 cores per cpu, 1 threads per core) family 6 model 69 stepping 1, cmov, cx8, fxsr, mmx, sse, sse2, sse3, ssse3, sse4.1, sse4.2, popcnt, erms, tsc, tscinvbit

/proc/cpuinfo:
processor	: 0
vendor_id	: GenuineIntel
cpu family	: 6
model		: 69
model name	: Intel(R) Celeron(R) 2955U @ 1.40GHz
stepping	: 1
microcode	: 0x1c
cpu MHz		: 1299.703
cache size	: 2048 KB
physical id	: 0
siblings	: 2
core id		: 0
cpu cores	: 2
apicid		: 0
initial apicid	: 0
fpu		: yes
fpu_exception	: yes
cpuid level	: 13
wp		: yes
flags		: fpu vme de pse tsc msr pae mce cx8 apic sep mtrr pge mca cmov pat pse36 clflush dts acpi mmx fxsr sse sse2 ss ht tm pbe syscall nx pdpe1gb rdtscp lm constant_tsc arch_perfmon pebs bts rep_good nopl xtopology nonstop_tsc aperfmperf eagerfpu pni pclmulqdq dtes64 monitor ds_cpl vmx est tm2 ssse3 cx16 xtpr pdcm pcid sse4_1 sse4_2 movbe popcnt tsc_deadline_timer xsave rdrand lahf_lm abm arat epb pln pts dtherm tpr_shadow vnmi flexpriority ept vpid fsgsbase tsc_adjust erms invpcid xsaveopt
bugs		:
bogomips	: 2794.87
clflush size	: 64
cache_alignment	: 64
address sizes	: 39 bits physical, 48 bits virtual
power management:

processor	: 1
vendor_id	: GenuineIntel
cpu family	: 6
model		: 69
model name	: Intel(R) Celeron(R) 2955U @ 1.40GHz
stepping	: 1
microcode	: 0x1c
cpu MHz		: 1385.562
cache size	: 2048 KB
physical id	: 0
siblings	: 2
core id		: 1
cpu cores	: 2
apicid		: 2
initial apicid	: 2
fpu		: yes
fpu_exception	: yes
cpuid level	: 13
wp		: yes
flags		: fpu vme de pse tsc msr pae mce cx8 apic sep mtrr pge mca cmov pat pse36 clflush dts acpi mmx fxsr sse sse2 ss ht tm pbe syscall nx pdpe1gb rdtscp lm constant_tsc arch_perfmon pebs bts rep_good nopl xtopology nonstop_tsc aperfmperf eagerfpu pni pclmulqdq dtes64 monitor ds_cpl vmx est tm2 ssse3 cx16 xtpr pdcm pcid sse4_1 sse4_2 movbe popcnt tsc_deadline_timer xsave rdrand lahf_lm abm arat epb pln pts dtherm tpr_shadow vnmi flexpriority ept vpid fsgsbase tsc_adjust erms invpcid xsaveopt
bugs		:
bogomips	: 2794.87
clflush size	: 64
cache_alignment	: 64
address sizes	: 39 bits physical, 48 bits virtual
power management:



Memory: 4k page, physical 1924828k(102244k free), swap 0k(0k free)

vm_info: OpenJDK 64-Bit Server VM (24.79-b02) for linux-amd64 JRE (1.7.0_79-b14), built on Apr 15 2015 12:42:59 by "builduser" with gcc 4.9.2 20150304 (prerelease)

time: Wed May 20 20:08:48 2015
elapsed time: 17 seconds

