#
# There is insufficient memory for the Java Runtime Environment to continue.
# Native memory allocation (malloc) failed to allocate 33554432 bytes for committing reserved memory.
# Possible reasons:
#   The system is out of physical RAM or swap space
#   In 32 bit mode, the process size limit was hit
# Possible solutions:
#   Reduce memory load on the system
#   Increase physical memory or swap space
#   Check if swap backing store is full
#   Use 64 bit Java on a 64 bit OS
#   Decrease Java heap size (-Xmx/-Xms)
#   Decrease number of Java threads
#   Decrease Java thread stack sizes (-Xss)
#   Set larger code cache with -XX:ReservedCodeCacheSize=
# This output file may be truncated or incomplete.
#
#  Out of Memory Error (os_linux.cpp:2809), pid=1806, tid=140121078605568
#
# JRE version: OpenJDK Runtime Environment (7.0_79-b14) (build 1.7.0_79-b14)
# Java VM: OpenJDK 64-Bit Server VM (24.79-b02 mixed mode linux-amd64 compressed oops)
# Derivative: IcedTea 2.5.5
# Distribution: Custom build (Wed Apr 15 12:39:15 UTC 2015)
# Failed to write core dump. Core dumps have been disabled. To enable core dumping, try "ulimit -c unlimited" before starting Java again
#

---------------  T H R E A D  ---------------

Current thread (0x00007f708006f800):  VMThread [stack: 0x00007f707b0da000,0x00007f707b1db000] [id=1815]

Stack: [0x00007f707b0da000,0x00007f707b1db000],  sp=0x00007f707b1d94e0,  free space=1021k
Native frames: (J=compiled Java code, j=interpreted, Vv=VM code, C=native code)
V  [libjvm.so+0x9888a6]
V  [libjvm.so+0x48eff2]
V  [libjvm.so+0x7fbf2b]
V  [libjvm.so+0x7f667e]
V  [libjvm.so+0x868ecb]
V  [libjvm.so+0x869d73]
V  [libjvm.so+0x86a48b]
V  [libjvm.so+0x865e99]
V  [libjvm.so+0x866678]
V  [libjvm.so+0x81e443]
V  [libjvm.so+0x98a172]
V  [libjvm.so+0x98ea07]
V  [libjvm.so+0x98cfeb]
V  [libjvm.so+0x98d696]
V  [libjvm.so+0x98db61]
V  [libjvm.so+0x7f8e72]

VM_Operation (0x00007f7087dd4730): ParallelGCFailedAllocation, mode: safepoint, requested by thread 0x00007f7080009000


---------------  P R O C E S S  ---------------

Java Threads: ( => current thread )
  0x00007f70800ab800 JavaThread "Service Thread" daemon [_thread_blocked, id=1821, stack(0x00007f707a7dc000,0x00007f707a8dd000)]
  0x00007f70800a9800 JavaThread "C2 CompilerThread1" daemon [_thread_blocked, id=1820, stack(0x00007f707a8dd000,0x00007f707a9de000)]
  0x00007f70800a6800 JavaThread "C2 CompilerThread0" daemon [_thread_in_native, id=1819, stack(0x00007f707a9de000,0x00007f707aadf000)]
  0x00007f70800a4000 JavaThread "Signal Dispatcher" daemon [_thread_blocked, id=1818, stack(0x00007f707aadf000,0x00007f707abe0000)]
  0x00007f7080076000 JavaThread "Finalizer" daemon [_thread_blocked, id=1817, stack(0x00007f707aed8000,0x00007f707afd9000)]
  0x00007f7080074000 JavaThread "Reference Handler" daemon [_thread_blocked, id=1816, stack(0x00007f707afd9000,0x00007f707b0da000)]
  0x00007f7080009000 JavaThread "main" [_thread_blocked, id=1812, stack(0x00007f7087cd5000,0x00007f7087dd6000)]

Other Threads:
=>0x00007f708006f800 VMThread [stack: 0x00007f707b0da000,0x00007f707b1db000] [id=1815]
  0x00007f70800b6000 WatcherThread [stack: 0x00007f707a6db000,0x00007f707a7dc000] [id=1822]

VM state:at safepoint (normal execution)

VM Mutex/Monitor currently owned by a thread:  ([mutex/lock_event])
[0x00007f70800068d0] Threads_lock - owner thread: 0x00007f708006f800
[0x00007f7080006dd0] Heap_lock - owner thread: 0x00007f7080009000

Heap
 PSYoungGen      total 33280K, used 32K [0x00000000f2200000, 0x00000000f4300000, 0x0000000100000000)
  eden space 32768K, 0% used [0x00000000f2200000,0x00000000f2200000,0x00000000f4200000)
  from space 512K, 6% used [0x00000000f4200000,0x00000000f4208000,0x00000000f4280000)
  to   space 512K, 0% used [0x00000000f4280000,0x00000000f4280000,0x00000000f4300000)
 ParOldGen       total 19968K, used 1512K [0x00000000d6600000, 0x00000000d7980000, 0x00000000f2200000)
  object space 19968K, 7% used [0x00000000d6600000,0x00000000d677a060,0x00000000d7980000)
 PSPermGen       total 21504K, used 3523K [0x00000000cc000000, 0x00000000cd500000, 0x00000000d6600000)
  object space 21504K, 16% used [0x00000000cc000000,0x00000000cc370d90,0x00000000cd500000)

Card table byte_map: [0x00007f7084d1f000,0x00007f7084ec0000] byte_map_base: 0x00007f70846bf000

Polling page: 0x00007f7087dfc000

Code Cache  [0x00007f707d000000, 0x00007f707d270000, 0x00007f7080000000)
 total_blobs=301 nmethods=85 adapters=171 free_code_cache=48591Kb largest_free_block=49737472

Compilation events (10 events):
Event: 1,292 Thread 0x00007f70800a9800   82             java.util.Arrays$LegacyMergeSort::access$000 (4 bytes)
Event: 1,293 Thread 0x00007f70800a9800 nmethod 82 0x00007f707d064490 code [0x00007f707d0645c0, 0x00007f707d0645f8]
Event: 1,293 Thread 0x00007f70800a9800   83             java.util.TimSort::sort (9 bytes)
Event: 1,297 Thread 0x00007f70800a9800 nmethod 83 0x00007f707d08b450 code [0x00007f707d08b600, 0x00007f707d08b8c0]
Event: 1,297 Thread 0x00007f70800a9800   84             java.util.ArrayList::listIterator (10 bytes)
Event: 1,299 Thread 0x00007f70800a9800 nmethod 84 0x00007f707d08b190 code [0x00007f707d08b2e0, 0x00007f707d08b3b8]
Event: 1,299 Thread 0x00007f70800a9800   85             java.util.ArrayList$ListItr::<init> (17 bytes)
Event: 1,300 Thread 0x00007f70800a9800 nmethod 85 0x00007f707d08ae90 code [0x00007f707d08afc0, 0x00007f707d08b058]
Event: 1,300 Thread 0x00007f70800a9800   86             java.lang.Math::max (11 bytes)
Event: 1,300 Thread 0x00007f70800a9800 nmethod 86 0x00007f707d08f7d0 code [0x00007f707d08f900, 0x00007f707d08f958]

GC Heap History (10 events):
Event: 0,603 GC heap after
Heap after GC invocations=2 (full 0):
 PSYoungGen      total 9216K, used 352K [0x00000000f2200000, 0x00000000f3400000, 0x0000000100000000)
  eden space 8192K, 0% used [0x00000000f2200000,0x00000000f2200000,0x00000000f2a00000)
  from space 1024K, 34% used [0x00000000f2b00000,0x00000000f2b58000,0x00000000f2c00000)
  to   space 1024K, 0% used [0x00000000f2a00000,0x00000000f2a00000,0x00000000f2b00000)
 ParOldGen       total 19968K, used 1200K [0x00000000d6600000, 0x00000000d7980000, 0x00000000f2200000)
  object space 19968K, 6% used [0x00000000d6600000,0x00000000d672c010,0x00000000d7980000)
 PSPermGen       total 21504K, used 3520K [0x00000000cc000000, 0x00000000cd500000, 0x00000000d6600000)
  object space 21504K, 16% used [0x00000000cc000000,0x00000000cc3700c8,0x00000000cd500000)
}
Event: 0,677 GC heap before
{Heap before GC invocations=3 (full 0):
 PSYoungGen      total 9216K, used 8544K [0x00000000f2200000, 0x00000000f3400000, 0x0000000100000000)
  eden space 8192K, 100% used [0x00000000f2200000,0x00000000f2a00000,0x00000000f2a00000)
  from space 1024K, 34% used [0x00000000f2b00000,0x00000000f2b58000,0x00000000f2c00000)
  to   space 1024K, 0% used [0x00000000f2a00000,0x00000000f2a00000,0x00000000f2b00000)
 ParOldGen       total 19968K, used 1200K [0x00000000d6600000, 0x00000000d7980000, 0x00000000f2200000)
  object space 19968K, 6% used [0x00000000d6600000,0x00000000d672c010,0x00000000d7980000)
 PSPermGen       total 21504K, used 3520K [0x00000000cc000000, 0x00000000cd500000, 0x00000000d6600000)
  object space 21504K, 16% used [0x00000000cc000000,0x00000000cc3703e0,0x00000000cd500000)
Event: 0,680 GC heap after
Heap after GC invocations=3 (full 0):
 PSYoungGen      total 9216K, used 352K [0x00000000f2200000, 0x00000000f3400000, 0x0000000100000000)
  eden space 8192K, 0% used [0x00000000f2200000,0x00000000f2200000,0x00000000f2a00000)
  from space 1024K, 34% used [0x00000000f2a00000,0x00000000f2a58000,0x00000000f2b00000)
  to   space 1024K, 0% used [0x00000000f3300000,0x00000000f3300000,0x00000000f3400000)
 ParOldGen       total 19968K, used 1200K [0x00000000d6600000, 0x00000000d7980000, 0x00000000f2200000)
  object space 19968K, 6% used [0x00000000d6600000,0x00000000d672c010,0x00000000d7980000)
 PSPermGen       total 21504K, used 3520K [0x00000000cc000000, 0x00000000cd500000, 0x00000000d6600000)
  object space 21504K, 16% used [0x00000000cc000000,0x00000000cc3703e0,0x00000000cd500000)
}
Event: 0,713 GC heap before
{Heap before GC invocations=4 (full 0):
 PSYoungGen      total 9216K, used 8544K [0x00000000f2200000, 0x00000000f3400000, 0x0000000100000000)
  eden space 8192K, 100% used [0x00000000f2200000,0x00000000f2a00000,0x00000000f2a00000)
  from space 1024K, 34% used [0x00000000f2a00000,0x00000000f2a58000,0x00000000f2b00000)
  to   space 1024K, 0% used [0x00000000f3300000,0x00000000f3300000,0x00000000f3400000)
 ParOldGen       total 19968K, used 1200K [0x00000000d6600000, 0x00000000d7980000, 0x00000000f2200000)
  object space 19968K, 6% used [0x00000000d6600000,0x00000000d672c010,0x00000000d7980000)
 PSPermGen       total 21504K, used 3520K [0x00000000cc000000, 0x00000000cd500000, 0x00000000d6600000)
  object space 21504K, 16% used [0x00000000cc000000,0x00000000cc3703e0,0x00000000cd500000)
Event: 0,715 GC heap after
Heap after GC invocations=4 (full 0):
 PSYoungGen      total 17408K, used 352K [0x00000000f2200000, 0x00000000f3400000, 0x0000000100000000)
  eden space 16384K, 0% used [0x00000000f2200000,0x00000000f2200000,0x00000000f3200000)
  from space 1024K, 34% used [0x00000000f3300000,0x00000000f3358000,0x00000000f3400000)
  to   space 1024K, 0% used [0x00000000f3200000,0x00000000f3200000,0x00000000f3300000)
 ParOldGen       total 19968K, used 1200K [0x00000000d6600000, 0x00000000d7980000, 0x00000000f2200000)
  object space 19968K, 6% used [0x00000000d6600000,0x00000000d672c010,0x00000000d7980000)
 PSPermGen       total 21504K, used 3520K [0x00000000cc000000, 0x00000000cd500000, 0x00000000d6600000)
  object space 21504K, 16% used [0x00000000cc000000,0x00000000cc3703e0,0x00000000cd500000)
}
Event: 0,775 GC heap before
{Heap before GC invocations=5 (full 0):
 PSYoungGen      total 17408K, used 16736K [0x00000000f2200000, 0x00000000f3400000, 0x0000000100000000)
  eden space 16384K, 100% used [0x00000000f2200000,0x00000000f3200000,0x00000000f3200000)
  from space 1024K, 34% used [0x00000000f3300000,0x00000000f3358000,0x00000000f3400000)
  to   space 1024K, 0% used [0x00000000f3200000,0x00000000f3200000,0x00000000f3300000)
 ParOldGen       total 19968K, used 1200K [0x00000000d6600000, 0x00000000d7980000, 0x00000000f2200000)
  object space 19968K, 6% used [0x00000000d6600000,0x00000000d672c010,0x00000000d7980000)
 PSPermGen       total 21504K, used 3520K [0x00000000cc000000, 0x00000000cd500000, 0x00000000d6600000)
  object space 21504K, 16% used [0x00000000cc000000,0x00000000cc3703e0,0x00000000cd500000)
Event: 0,777 GC heap after
Heap after GC invocations=5 (full 0):
 PSYoungGen      total 17408K, used 352K [0x00000000f2200000, 0x00000000f4300000, 0x0000000100000000)
  eden space 16384K, 0% used [0x00000000f2200000,0x00000000f2200000,0x00000000f3200000)
  from space 1024K, 34% used [0x00000000f3200000,0x00000000f3258000,0x00000000f3300000)
  to   space 512K, 0% used [0x00000000f4280000,0x00000000f4280000,0x00000000f4300000)
 ParOldGen       total 19968K, used 1200K [0x00000000d6600000, 0x00000000d7980000, 0x00000000f2200000)
  object space 19968K, 6% used [0x00000000d6600000,0x00000000d672c010,0x00000000d7980000)
 PSPermGen       total 21504K, used 3520K [0x00000000cc000000, 0x00000000cd500000, 0x00000000d6600000)
  object space 21504K, 16% used [0x00000000cc000000,0x00000000cc3703e0,0x00000000cd500000)
}
Event: 0,989 GC heap before
{Heap before GC invocations=6 (full 0):
 PSYoungGen      total 17408K, used 16736K [0x00000000f2200000, 0x00000000f4300000, 0x0000000100000000)
  eden space 16384K, 100% used [0x00000000f2200000,0x00000000f3200000,0x00000000f3200000)
  from space 1024K, 34% used [0x00000000f3200000,0x00000000f3258000,0x00000000f3300000)
  to   space 512K, 0% used [0x00000000f4280000,0x00000000f4280000,0x00000000f4300000)
 ParOldGen       total 19968K, used 1200K [0x00000000d6600000, 0x00000000d7980000, 0x00000000f2200000)
  object space 19968K, 6% used [0x00000000d6600000,0x00000000d672c010,0x00000000d7980000)
 PSPermGen       total 21504K, used 3523K [0x00000000cc000000, 0x00000000cd500000, 0x00000000d6600000)
  object space 21504K, 16% used [0x00000000cc000000,0x00000000cc370d90,0x00000000cd500000)
Event: 0,991 GC heap after
Heap after GC invocations=6 (full 0):
 PSYoungGen      total 33280K, used 352K [0x00000000f2200000, 0x00000000f4300000, 0x0000000100000000)
  eden space 32768K, 0% used [0x00000000f2200000,0x00000000f2200000,0x00000000f4200000)
  from space 512K, 68% used [0x00000000f4280000,0x00000000f42d8000,0x00000000f4300000)
  to   space 512K, 0% used [0x00000000f4200000,0x00000000f4200000,0x00000000f4280000)
 ParOldGen       total 19968K, used 1200K [0x00000000d6600000, 0x00000000d7980000, 0x00000000f2200000)
  object space 19968K, 6% used [0x00000000d6600000,0x00000000d672c010,0x00000000d7980000)
 PSPermGen       total 21504K, used 3523K [0x00000000cc000000, 0x00000000cd500000, 0x00000000d6600000)
  object space 21504K, 16% used [0x00000000cc000000,0x00000000cc370d90,0x00000000cd500000)
}
Event: 1,348 GC heap before
{Heap before GC invocations=7 (full 0):
 PSYoungGen      total 33280K, used 33120K [0x00000000f2200000, 0x00000000f4300000, 0x0000000100000000)
  eden space 32768K, 100% used [0x00000000f2200000,0x00000000f4200000,0x00000000f4200000)
  from space 512K, 68% used [0x00000000f4280000,0x00000000f42d8000,0x00000000f4300000)
  to   space 512K, 0% used [0x00000000f4200000,0x00000000f4200000,0x00000000f4280000)
 ParOldGen       total 19968K, used 1200K [0x00000000d6600000, 0x00000000d7980000, 0x00000000f2200000)
  object space 19968K, 6% used [0x00000000d6600000,0x00000000d672c010,0x00000000d7980000)
 PSPermGen       total 21504K, used 3523K [0x00000000cc000000, 0x00000000cd500000, 0x00000000d6600000)
  object space 21504K, 16% used [0x00000000cc000000,0x00000000cc370d90,0x00000000cd500000)

Deoptimization events (6 events):
Event: 0,796 Thread 0x00007f7080009000 Uncommon trap: reason=unloaded action=reinterpret pc=0x00007f707d06eb08 method=computergraphics.scenegraph.SphereNode.intersection(Lcomputergraphics/projects/Ray3D;)Lcomputergraphics/projects/IntersectionResult; @ 220
Event: 0,797 Thread 0x00007f7080009000 Uncommon trap: reason=class_check action=maybe_recompile pc=0x00007f707d072220 method=computergraphics.projects.Raytracer.shadow(Lcomputergraphics/projects/IntersectionResult;)Z @ 57
Event: 0,797 Thread 0x00007f7080009000 Uncommon trap: reason=unloaded action=reinterpret pc=0x00007f707d06740c method=computergraphics.scenegraph.SphereNode.intersection(Lcomputergraphics/projects/Ray3D;)Lcomputergraphics/projects/IntersectionResult; @ 220
Event: 0,798 Thread 0x00007f7080009000 Uncommon trap: reason=class_check action=maybe_recompile pc=0x00007f707d072220 method=computergraphics.projects.Raytracer.shadow(Lcomputergraphics/projects/IntersectionResult;)Z @ 57
Event: 0,798 Thread 0x00007f7080009000 Uncommon trap: reason=class_check action=maybe_recompile pc=0x00007f707d072220 method=computergraphics.projects.Raytracer.shadow(Lcomputergraphics/projects/IntersectionResult;)Z @ 57
Event: 0,798 Thread 0x00007f7080009000 Uncommon trap: reason=class_check action=maybe_recompile pc=0x00007f707d072220 method=computergraphics.projects.Raytracer.shadow(Lcomputergraphics/projects/IntersectionResult;)Z @ 57

Internal exceptions (10 events):
Event: 0,265 Thread 0x00007f7080009000 Threw 0x00000000f23ca2d8 at /build/java7-openjdk/src/icedtea-2.5.5/openjdk/hotspot/src/share/vm/prims/jvm.cpp:1284
Event: 0,266 Thread 0x00007f7080009000 Threw 0x00000000f23ccd78 at /build/java7-openjdk/src/icedtea-2.5.5/openjdk/hotspot/src/share/vm/prims/jvm.cpp:1284
Event: 0,266 Thread 0x00007f7080009000 Threw 0x00000000f23ccfa0 at /build/java7-openjdk/src/icedtea-2.5.5/openjdk/hotspot/src/share/vm/prims/jvm.cpp:1284
Event: 0,266 Thread 0x00007f7080009000 Threw 0x00000000f23cd928 at /build/java7-openjdk/src/icedtea-2.5.5/openjdk/hotspot/src/share/vm/prims/jvm.cpp:1284
Event: 0,266 Thread 0x00007f7080009000 Threw 0x00000000f23cdb50 at /build/java7-openjdk/src/icedtea-2.5.5/openjdk/hotspot/src/share/vm/prims/jvm.cpp:1284
Event: 0,270 Thread 0x00007f7080009000 Threw 0x00000000f23d0078 at /build/java7-openjdk/src/icedtea-2.5.5/openjdk/hotspot/src/share/vm/prims/jni.cpp:721
Event: 0,270 Thread 0x00007f7080009000 Threw 0x00000000f23d09d8 at /build/java7-openjdk/src/icedtea-2.5.5/openjdk/hotspot/src/share/vm/prims/jni.cpp:721
Event: 0,271 Thread 0x00007f7080009000 Threw 0x00000000f23d1940 at /build/java7-openjdk/src/icedtea-2.5.5/openjdk/hotspot/src/share/vm/prims/jvm.cpp:1284
Event: 0,288 Thread 0x00007f7080009000 Threw 0x00000000f24024c8 at /build/java7-openjdk/src/icedtea-2.5.5/openjdk/hotspot/src/share/vm/prims/jvm.cpp:1284
Event: 0,288 Thread 0x00007f7080009000 Threw 0x00000000f2404568 at /build/java7-openjdk/src/icedtea-2.5.5/openjdk/hotspot/src/share/vm/prims/jvm.cpp:1284

Events (10 events):
Event: 0,798 Thread 0x00007f7080009000 DEOPT UNPACKING pc=0x00007f707d039045 sp=0x00007f7087dd4798 mode 2
Event: 0,798 Thread 0x00007f7080009000 Uncommon trap: trap_request=0xffffffde fr.pc=0x00007f707d072220
Event: 0,798 Thread 0x00007f7080009000 DEOPT PACKING pc=0x00007f707d072220 sp=0x00007f7087dd47b0
Event: 0,798 Thread 0x00007f7080009000 DEOPT UNPACKING pc=0x00007f707d039045 sp=0x00007f7087dd4798 mode 2
Event: 0,798 Thread 0x00007f7080009000 Uncommon trap: trap_request=0xffffffde fr.pc=0x00007f707d072220
Event: 0,798 Thread 0x00007f7080009000 DEOPT PACKING pc=0x00007f707d072220 sp=0x00007f7087dd47b0
Event: 0,798 Thread 0x00007f7080009000 DEOPT UNPACKING pc=0x00007f707d039045 sp=0x00007f7087dd4798 mode 2
Event: 0,989 Executing VM operation: ParallelGCFailedAllocation
Event: 0,991 Executing VM operation: ParallelGCFailedAllocation done
Event: 1,348 Executing VM operation: ParallelGCFailedAllocation


Dynamic libraries:
00400000-00401000 r-xp 00000000 08:01 173470                             /usr/lib/jvm/java-7-openjdk/jre/bin/java
00600000-00601000 rw-p 00000000 08:01 173470                             /usr/lib/jvm/java-7-openjdk/jre/bin/java
01b4e000-01b6f000 rw-p 00000000 00:00 0                                  [heap]
cc000000-cd500000 rw-p 00000000 00:00 0 
cd500000-d6600000 rw-p 00000000 00:00 0 
d6600000-d7980000 rw-p 00000000 00:00 0 
d7980000-f2200000 rw-p 00000000 00:00 0 
f2200000-f4300000 rw-p 00000000 00:00 0 
f6300000-100000000 rw-p 00000000 00:00 0 
7f704c000000-7f704c021000 rw-p 00000000 00:00 0 
7f704c021000-7f7050000000 ---p 00000000 00:00 0 
7f7050607000-7f7050623000 r-xp 00000000 08:01 546491                     /usr/lib/libgraphite2.so.3.0.1
7f7050623000-7f7050822000 ---p 0001c000 08:01 546491                     /usr/lib/libgraphite2.so.3.0.1
7f7050822000-7f7050824000 r--p 0001b000 08:01 546491                     /usr/lib/libgraphite2.so.3.0.1
7f7050824000-7f7050825000 rw-p 0001d000 08:01 546491                     /usr/lib/libgraphite2.so.3.0.1
7f7050825000-7f70508b5000 r-xp 00000000 08:01 533161                     /usr/lib/libgmp.so.10.2.0
7f70508b5000-7f7050ab5000 ---p 00090000 08:01 533161                     /usr/lib/libgmp.so.10.2.0
7f7050ab5000-7f7050ab6000 r--p 00090000 08:01 533161                     /usr/lib/libgmp.so.10.2.0
7f7050ab6000-7f7050ab7000 rw-p 00091000 08:01 533161                     /usr/lib/libgmp.so.10.2.0
7f7050ab7000-7f7050ae9000 r-xp 00000000 08:01 540958                     /usr/lib/libhogweed.so.4.1
7f7050ae9000-7f7050ce9000 ---p 00032000 08:01 540958                     /usr/lib/libhogweed.so.4.1
7f7050ce9000-7f7050cea000 r--p 00032000 08:01 540958                     /usr/lib/libhogweed.so.4.1
7f7050cea000-7f7050ceb000 rw-p 00033000 08:01 540958                     /usr/lib/libhogweed.so.4.1
7f7050ceb000-7f7050d21000 r-xp 00000000 08:01 540956                     /usr/lib/libnettle.so.6.1
7f7050d21000-7f7050f20000 ---p 00036000 08:01 540956                     /usr/lib/libnettle.so.6.1
7f7050f20000-7f7050f22000 r--p 00035000 08:01 540956                     /usr/lib/libnettle.so.6.1
7f7050f22000-7f7050f23000 rw-p 00037000 08:01 540956                     /usr/lib/libnettle.so.6.1
7f7050f23000-7f7050f34000 r-xp 00000000 08:01 540362                     /usr/lib/libtasn1.so.6.4.2
7f7050f34000-7f7051134000 ---p 00011000 08:01 540362                     /usr/lib/libtasn1.so.6.4.2
7f7051134000-7f7051135000 r--p 00011000 08:01 540362                     /usr/lib/libtasn1.so.6.4.2
7f7051135000-7f7051136000 rw-p 00012000 08:01 540362                     /usr/lib/libtasn1.so.6.4.2
7f7051136000-7f7051190000 r-xp 00000000 08:01 540381                     /usr/lib/libp11-kit.so.0.1.0
7f7051190000-7f7051390000 ---p 0005a000 08:01 540381                     /usr/lib/libp11-kit.so.0.1.0
7f7051390000-7f705139a000 r--p 0005a000 08:01 540381                     /usr/lib/libp11-kit.so.0.1.0
7f705139a000-7f705139c000 rw-p 00064000 08:01 540381                     /usr/lib/libp11-kit.so.0.1.0
7f705139c000-7f705139f000 r-xp 00000000 08:01 532695                     /usr/lib/libkeyutils.so.1.5
7f705139f000-7f705159e000 ---p 00003000 08:01 532695                     /usr/lib/libkeyutils.so.1.5
7f705159e000-7f705159f000 r--p 00002000 08:01 532695                     /usr/lib/libkeyutils.so.1.5
7f705159f000-7f70515a0000 rw-p 00003000 08:01 532695                     /usr/lib/libkeyutils.so.1.5
7f70515a0000-7f70515ac000 r-xp 00000000 08:01 532783                     /usr/lib/libkrb5support.so.0.1
7f70515ac000-7f70517ab000 ---p 0000c000 08:01 532783                     /usr/lib/libkrb5support.so.0.1
7f70517ab000-7f70517ac000 r--p 0000b000 08:01 532783                     /usr/lib/libkrb5support.so.0.1
7f70517ac000-7f70517ad000 rw-p 0000c000 08:01 532783                     /usr/lib/libkrb5support.so.0.1
7f70517ad000-7f70517b2000 r-xp 00000000 08:01 546469                     /usr/lib/libXdmcp.so.6.0.0
7f70517b2000-7f70519b1000 ---p 00005000 08:01 546469                     /usr/lib/libXdmcp.so.6.0.0
7f70519b1000-7f70519b2000 r--p 00004000 08:01 546469                     /usr/lib/libXdmcp.so.6.0.0
7f70519b2000-7f70519b3000 rw-p 00005000 08:01 546469                     /usr/lib/libXdmcp.so.6.0.0
7f70519b3000-7f70519b5000 r-xp 00000000 08:01 546588                     /usr/lib/libXau.so.6.0.0
7f70519b5000-7f7051bb5000 ---p 00002000 08:01 546588                     /usr/lib/libXau.so.6.0.0
7f7051bb5000-7f7051bb6000 r--p 00002000 08:01 546588                     /usr/lib/libXau.so.6.0.0
7f7051bb6000-7f7051bb7000 rw-p 00003000 08:01 546588                     /usr/lib/libXau.so.6.0.0
7f7051bb7000-7f7051bcb000 r-xp 00000000 08:01 525388                     /usr/lib/libresolv-2.21.so
7f7051bcb000-7f7051dca000 ---p 00014000 08:01 525388                     /usr/lib/libresolv-2.21.so
7f7051dca000-7f7051dcb000 r--p 00013000 08:01 525388                     /usr/lib/libresolv-2.21.so
7f7051dcb000-7f7051dcc000 rw-p 00014000 08:01 525388                     /usr/lib/libresolv-2.21.so
7f7051dcc000-7f7051dce000 rw-p 00000000 00:00 0 
7f7051dce000-7f7051e3c000 r-xp 00000000 08:01 533516                     /usr/lib/libpcre.so.1.2.5
7f7051e3c000-7f705203c000 ---p 0006e000 08:01 533516                     /usr/lib/libpcre.so.1.2.5
7f705203c000-7f705203d000 r--p 0006e000 08:01 533516                     /usr/lib/libpcre.so.1.2.5
7f705203d000-7f705203e000 rw-p 0006f000 08:01 533516                     /usr/lib/libpcre.so.1.2.5
7f705203e000-7f7052041000 r-xp 00000000 08:01 533733                     /usr/lib/libgmodule-2.0.so.0.4400.1
7f7052041000-7f7052240000 ---p 00003000 08:01 533733                     /usr/lib/libgmodule-2.0.so.0.4400.1
7f7052240000-7f7052241000 r--p 00002000 08:01 533733                     /usr/lib/libgmodule-2.0.so.0.4400.1
7f7052241000-7f7052242000 rw-p 00003000 08:01 533733                     /usr/lib/libgmodule-2.0.so.0.4400.1
7f7052242000-7f705224a000 r-xp 00000000 08:01 533647                     /usr/lib/libffi.so.6.0.4
7f705224a000-7f7052449000 ---p 00008000 08:01 533647                     /usr/lib/libffi.so.6.0.4
7f7052449000-7f705244a000 r--p 00007000 08:01 533647                     /usr/lib/libffi.so.6.0.4
7f705244a000-7f705244b000 rw-p 00008000 08:01 533647                     /usr/lib/libffi.so.6.0.4
7f705244b000-7f70524a5000 r-xp 00000000 08:01 546501                     /usr/lib/libharfbuzz.so.0.940.0
7f70524a5000-7f70526a4000 ---p 0005a000 08:01 546501                     /usr/lib/libharfbuzz.so.0.940.0
7f70526a4000-7f70526a7000 r--p 00059000 08:01 546501                     /usr/lib/libharfbuzz.so.0.940.0
7f70526a7000-7f70526a8000 rw-p 0005c000 08:01 546501                     /usr/lib/libharfbuzz.so.0.940.0
7f70526a8000-7f70526dd000 r-xp 00000000 08:01 546476                     /usr/lib/libpng16.so.16.16.0
7f70526dd000-7f70528dc000 ---p 00035000 08:01 546476                     /usr/lib/libpng16.so.16.16.0
7f70528dc000-7f70528dd000 r--p 00034000 08:01 546476                     /usr/lib/libpng16.so.16.16.0
7f70528dd000-7f70528de000 rw-p 00035000 08:01 546476                     /usr/lib/libpng16.so.16.16.0
7f70528de000-7f70528ed000 r-xp 00000000 08:01 528483                     /usr/lib/libbz2.so.1.0.6
7f70528ed000-7f7052aec000 ---p 0000f000 08:01 528483                     /usr/lib/libbz2.so.1.0.6
7f7052aec000-7f7052aee000 rw-p 0000e000 08:01 528483                     /usr/lib/libbz2.so.1.0.6
7f7052aee000-7f7052b15000 r-xp 00000000 08:01 533483                     /usr/lib/libexpat.so.1.6.0
7f7052b15000-7f7052d14000 ---p 00027000 08:01 533483                     /usr/lib/libexpat.so.1.6.0
7f7052d14000-7f7052d17000 r--p 00026000 08:01 533483                     /usr/lib/libexpat.so.1.6.0
7f7052d17000-7f7052d18000 rw-p 00029000 08:01 533483                     /usr/lib/libexpat.so.1.6.0
7f7052d18000-7f7052d20000 r-xp 00000000 08:01 525410                     /usr/lib/libcrypt-2.21.so
7f7052d20000-7f7052f20000 ---p 00008000 08:01 525410                     /usr/lib/libcrypt-2.21.so
7f7052f20000-7f7052f21000 r--p 00008000 08:01 525410                     /usr/lib/libcrypt-2.21.so
7f7052f21000-7f7052f22000 rw-p 00009000 08:01 525410                     /usr/lib/libcrypt-2.21.so
7f7052f22000-7f7052f50000 rw-p 00000000 00:00 0 
7f7052f50000-7f7052f97000 r-xp 00000000 08:01 533476                     /usr/lib/libdbus-1.so.3.8.12
7f7052f97000-7f7053197000 ---p 00047000 08:01 533476                     /usr/lib/libdbus-1.so.3.8.12
7f7053197000-7f7053198000 r--p 00047000 08:01 533476                     /usr/lib/libdbus-1.so.3.8.12
7f7053198000-7f7053199000 rw-p 00048000 08:01 533476                     /usr/lib/libdbus-1.so.3.8.12
7f7053199000-7f70531a9000 r-xp 00000000 08:01 552887                     /usr/lib/libavahi-client.so.3.2.9
7f70531a9000-7f70533a8000 ---p 00010000 08:01 552887                     /usr/lib/libavahi-client.so.3.2.9
7f70533a8000-7f70533a9000 r--p 0000f000 08:01 552887                     /usr/lib/libavahi-client.so.3.2.9
7f70533a9000-7f70533aa000 rw-p 00010000 08:01 552887                     /usr/lib/libavahi-client.so.3.2.9
7f70533aa000-7f70533b6000 r-xp 00000000 08:01 552890                     /usr/lib/libavahi-common.so.3.5.3
7f70533b6000-7f70535b5000 ---p 0000c000 08:01 552890                     /usr/lib/libavahi-common.so.3.5.3
7f70535b5000-7f70535b6000 r--p 0000b000 08:01 552890                     /usr/lib/libavahi-common.so.3.5.3
7f70535b6000-7f70535b7000 rw-p 0000c000 08:01 552890                     /usr/lib/libavahi-common.so.3.5.3
7f70535b7000-7f70536d6000 r-xp 00000000 08:01 542036                     /usr/lib/libgnutls.so.30.0.1
7f70536d6000-7f70538d6000 ---p 0011f000 08:01 542036                     /usr/lib/libgnutls.so.30.0.1
7f70538d6000-7f70538e0000 r--p 0011f000 08:01 542036                     /usr/lib/libgnutls.so.30.0.1
7f70538e0000-7f70538e3000 rw-p 00129000 08:01 542036                     /usr/lib/libgnutls.so.30.0.1
7f70538e3000-7f70538e4000 rw-p 00000000 00:00 0 
7f70538e4000-7f70538e7000 r-xp 00000000 08:01 528678                     /usr/lib/libcom_err.so.2.1
7f70538e7000-7f7053ae6000 ---p 00003000 08:01 528678                     /usr/lib/libcom_err.so.2.1
7f7053ae6000-7f7053ae7000 r--p 00002000 08:01 528678                     /usr/lib/libcom_err.so.2.1
7f7053ae7000-7f7053ae8000 rw-p 00003000 08:01 528678                     /usr/lib/libcom_err.so.2.1
7f7053ae8000-7f7053b17000 r-xp 00000000 08:01 532781                     /usr/lib/libk5crypto.so.3.1
7f7053b17000-7f7053d16000 ---p 0002f000 08:01 532781                     /usr/lib/libk5crypto.so.3.1
7f7053d16000-7f7053d19000 r--p 0002e000 08:01 532781                     /usr/lib/libk5crypto.so.3.1
7f7053d19000-7f7053d1a000 rw-p 00031000 08:01 532781                     /usr/lib/libk5crypto.so.3.1
7f7053d1a000-7f7053d1b000 rw-p 00000000 00:00 0 
7f7053d1b000-7f7053df0000 r-xp 00000000 08:01 532759                     /usr/lib/libkrb5.so.3.3
7f7053df0000-7f7053fef000 ---p 000d5000 08:01 532759                     /usr/lib/libkrb5.so.3.3
7f7053fef000-7f7053ffd000 r--p 000d4000 08:01 532759                     /usr/lib/libkrb5.so.3.3
7f7053ffd000-7f7054000000 rw-p 000e2000 08:01 532759                     /usr/lib/libkrb5.so.3.3
7f7054000000-7f70549cf000 rw-p 00000000 00:00 0 
7f70549cf000-7f7058000000 ---p 00000000 00:00 0 
7f7058000000-7f7058021000 rw-p 00000000 00:00 0 
7f7058021000-7f705c000000 ---p 00000000 00:00 0 
7f705c000000-7f705c021000 rw-p 00000000 00:00 0 
7f705c021000-7f7060000000 ---p 00000000 00:00 0 
7f7060000000-7f70607ba000 rw-p 00000000 00:00 0 
7f70607ba000-7f7064000000 ---p 00000000 00:00 0 
7f7064000000-7f7064021000 rw-p 00000000 00:00 0 
7f7064021000-7f7068000000 ---p 00000000 00:00 0 
7f7068000000-7f7068021000 rw-p 00000000 00:00 0 
7f7068021000-7f706c000000 ---p 00000000 00:00 0 
7f706c000000-7f706c021000 rw-p 00000000 00:00 0 
7f706c021000-7f7070000000 ---p 00000000 00:00 0 
7f7070000000-7f7070021000 rw-p 00000000 00:00 0 
7f7070021000-7f7074000000 ---p 00000000 00:00 0 
7f7074000000-7f7074021000 rw-p 00000000 00:00 0 
7f7074021000-7f7078000000 ---p 00000000 00:00 0 
7f7078165000-7f70781af000 r-xp 00000000 08:01 532778                     /usr/lib/libgssapi_krb5.so.2.2
7f70781af000-7f70783ae000 ---p 0004a000 08:01 532778                     /usr/lib/libgssapi_krb5.so.2.2
7f70783ae000-7f70783b0000 r--p 00049000 08:01 532778                     /usr/lib/libgssapi_krb5.so.2.2
7f70783b0000-7f70783b2000 rw-p 0004b000 08:01 532778                     /usr/lib/libgssapi_krb5.so.2.2
7f70783b2000-7f70783d3000 r-xp 00000000 08:01 548981                     /usr/lib/libxcb.so.1.1.0
7f70783d3000-7f70785d2000 ---p 00021000 08:01 548981                     /usr/lib/libxcb.so.1.1.0
7f70785d2000-7f70785d3000 r--p 00020000 08:01 548981                     /usr/lib/libxcb.so.1.1.0
7f70785d3000-7f70785d4000 rw-p 00021000 08:01 548981                     /usr/lib/libxcb.so.1.1.0
7f70785d4000-7f70786e0000 r-xp 00000000 08:01 533732                     /usr/lib/libglib-2.0.so.0.4400.1
7f70786e0000-7f70788df000 ---p 0010c000 08:01 533732                     /usr/lib/libglib-2.0.so.0.4400.1
7f70788df000-7f70788e0000 r--p 0010b000 08:01 533732                     /usr/lib/libglib-2.0.so.0.4400.1
7f70788e0000-7f70788e1000 rw-p 0010c000 08:01 533732                     /usr/lib/libglib-2.0.so.0.4400.1
7f70788e1000-7f70788e2000 rw-p 00000000 00:00 0 
7f70788e2000-7f7078931000 r-xp 00000000 08:01 533735                     /usr/lib/libgobject-2.0.so.0.4400.1
7f7078931000-7f7078b31000 ---p 0004f000 08:01 533735                     /usr/lib/libgobject-2.0.so.0.4400.1
7f7078b31000-7f7078b32000 r--p 0004f000 08:01 533735                     /usr/lib/libgobject-2.0.so.0.4400.1
7f7078b32000-7f7078b33000 rw-p 00050000 08:01 533735                     /usr/lib/libgobject-2.0.so.0.4400.1
7f7078b33000-7f7078ca9000 r-xp 00000000 08:01 533736                     /usr/lib/libgio-2.0.so.0.4400.1
7f7078ca9000-7f7078ea9000 ---p 00176000 08:01 533736                     /usr/lib/libgio-2.0.so.0.4400.1
7f7078ea9000-7f7078ead000 r--p 00176000 08:01 533736                     /usr/lib/libgio-2.0.so.0.4400.1
7f7078ead000-7f7078eaf000 rw-p 0017a000 08:01 533736                     /usr/lib/libgio-2.0.so.0.4400.1
7f7078eaf000-7f7078eb1000 rw-p 00000000 00:00 0 
7f7078eb1000-7f7078f67000 r-xp 00000000 08:01 546511                     /usr/lib/libfreetype.so.6.11.4
7f7078f67000-7f7079167000 ---p 000b6000 08:01 546511                     /usr/lib/libfreetype.so.6.11.4
7f7079167000-7f707916d000 r--p 000b6000 08:01 546511                     /usr/lib/libfreetype.so.6.11.4
7f707916d000-7f707916e000 rw-p 000bc000 08:01 546511                     /usr/lib/libfreetype.so.6.11.4
7f707916e000-7f70791a9000 r-xp 00000000 08:01 550220                     /usr/lib/libfontconfig.so.1.8.0
7f70791a9000-7f70793a8000 ---p 0003b000 08:01 550220                     /usr/lib/libfontconfig.so.1.8.0
7f70793a8000-7f70793aa000 r--p 0003a000 08:01 550220                     /usr/lib/libfontconfig.so.1.8.0
7f70793aa000-7f70793ab000 rw-p 0003c000 08:01 550220                     /usr/lib/libfontconfig.so.1.8.0
7f70793ab000-7f7079420000 r-xp 00000000 08:01 553022                     /usr/lib/libcups.so.2
7f7079420000-7f7079620000 ---p 00075000 08:01 553022                     /usr/lib/libcups.so.2
7f7079620000-7f7079628000 rw-p 00075000 08:01 553022                     /usr/lib/libcups.so.2
7f7079628000-7f7079637000 r-xp 00000000 08:01 551719                     /usr/lib/libXi.so.6.1.0
7f7079637000-7f7079837000 ---p 0000f000 08:01 551719                     /usr/lib/libXi.so.6.1.0
7f7079837000-7f7079838000 r--p 0000f000 08:01 551719                     /usr/lib/libXi.so.6.1.0
7f7079838000-7f7079839000 rw-p 00010000 08:01 551719                     /usr/lib/libXi.so.6.1.0
7f7079839000-7f707983e000 r-xp 00000000 08:01 551872                     /usr/lib/libXtst.so.6.1.0
7f707983e000-7f7079a3d000 ---p 00005000 08:01 551872                     /usr/lib/libXtst.so.6.1.0
7f7079a3d000-7f7079a3e000 r--p 00004000 08:01 551872                     /usr/lib/libXtst.so.6.1.0
7f7079a3e000-7f7079a3f000 rw-p 00005000 08:01 551872                     /usr/lib/libXtst.so.6.1.0
7f7079a3f000-7f7079a48000 r-xp 00000000 08:01 551728                     /usr/lib/libXrender.so.1.3.0
7f7079a48000-7f7079c47000 ---p 00009000 08:01 551728                     /usr/lib/libXrender.so.1.3.0
7f7079c47000-7f7079c48000 r--p 00008000 08:01 551728                     /usr/lib/libXrender.so.1.3.0
7f7079c48000-7f7079c49000 rw-p 00009000 08:01 551728                     /usr/lib/libXrender.so.1.3.0
7f7079c49000-7f7079d84000 r-xp 00000000 08:01 549068                     /usr/lib/libX11.so.6.3.0
7f7079d84000-7f7079f83000 ---p 0013b000 08:01 549068                     /usr/lib/libX11.so.6.3.0
7f7079f83000-7f7079f85000 r--p 0013a000 08:01 549068                     /usr/lib/libX11.so.6.3.0
7f7079f85000-7f7079f8a000 rw-p 0013c000 08:01 549068                     /usr/lib/libX11.so.6.3.0
7f7079f8a000-7f7079f8b000 rw-p 00000000 00:00 0 
7f7079f8b000-7f7079f9c000 r-xp 00000000 08:01 550977                     /usr/lib/libXext.so.6.4.0
7f7079f9c000-7f707a19b000 ---p 00011000 08:01 550977                     /usr/lib/libXext.so.6.4.0
7f707a19b000-7f707a19c000 r--p 00010000 08:01 550977                     /usr/lib/libXext.so.6.4.0
7f707a19c000-7f707a19d000 rw-p 00011000 08:01 550977                     /usr/lib/libXext.so.6.4.0
7f707a19d000-7f707a1c0000 r--s 00308000 08:01 414823                     /home/cookiedragon/Programming/workspace/Computergrafik/Computergrafik/lib/jogl-all.jar
7f707a1c0000-7f707a207000 r-xp 00000000 08:01 173482                     /usr/lib/jvm/java-7-openjdk/jre/lib/amd64/xawt/libmawt.so
7f707a207000-7f707a407000 ---p 00047000 08:01 173482                     /usr/lib/jvm/java-7-openjdk/jre/lib/amd64/xawt/libmawt.so
7f707a407000-7f707a40a000 rw-p 00047000 08:01 173482                     /usr/lib/jvm/java-7-openjdk/jre/lib/amd64/xawt/libmawt.so
7f707a40a000-7f707a40b000 rw-p 00000000 00:00 0 
7f707a40b000-7f707a4ab000 r-xp 00000000 08:01 173451                     /usr/lib/jvm/java-7-openjdk/jre/lib/amd64/libawt.so
7f707a4ab000-7f707a6ab000 ---p 000a0000 08:01 173451                     /usr/lib/jvm/java-7-openjdk/jre/lib/amd64/libawt.so
7f707a6ab000-7f707a6b7000 rw-p 000a0000 08:01 173451                     /usr/lib/jvm/java-7-openjdk/jre/lib/amd64/libawt.so
7f707a6b7000-7f707a6db000 rw-p 00000000 00:00 0 
7f707a6db000-7f707a6dc000 ---p 00000000 00:00 0 
7f707a6dc000-7f707a7dc000 rw-p 00000000 00:00 0                          [stack:1822]
7f707a7dc000-7f707a7df000 ---p 00000000 00:00 0 
7f707a7df000-7f707a8dd000 rw-p 00000000 00:00 0                          [stack:1821]
7f707a8dd000-7f707a8e0000 ---p 00000000 00:00 0 
7f707a8e0000-7f707a9de000 rw-p 00000000 00:00 0                          [stack:1820]
7f707a9de000-7f707a9e1000 ---p 00000000 00:00 0 
7f707a9e1000-7f707aadf000 rw-p 00000000 00:00 0                          [stack:1819]
7f707aadf000-7f707aae2000 ---p 00000000 00:00 0 
7f707aae2000-7f707abe0000 rw-p 00000000 00:00 0                          [stack:1818]
7f707abe0000-7f707aed8000 r--p 00000000 08:01 545361                     /usr/lib/locale/locale-archive
7f707aed8000-7f707aedb000 ---p 00000000 00:00 0 
7f707aedb000-7f707afd9000 rw-p 00000000 00:00 0                          [stack:1817]
7f707afd9000-7f707afdc000 ---p 00000000 00:00 0 
7f707afdc000-7f707b0da000 rw-p 00000000 00:00 0                          [stack:1816]
7f707b0da000-7f707b0db000 ---p 00000000 00:00 0 
7f707b0db000-7f707d000000 rw-p 00000000 00:00 0                          [stack:1815]
7f707d000000-7f707d270000 rwxp 00000000 00:00 0 
7f707d270000-7f70801c3000 rw-p 00000000 00:00 0 
7f70801c3000-7f7084000000 ---p 00000000 00:00 0 
7f7084002000-7f7084008000 r--s 0004a000 08:01 411421                     /home/cookiedragon/Programming/workspace/Computergrafik/Computergrafik/lib/gluegen-rt.jar
7f7084008000-7f7084012000 r--s 0005c000 08:01 414837                     /home/cookiedragon/Programming/workspace/Computergrafik/Computergrafik/lib/rabbitmq-client.jar
7f7084012000-7f70845a2000 rw-p 00000000 00:00 0 
7f70845a2000-7f7084753000 r--s 01d27000 08:01 172968                     /usr/lib/jvm/java-7-openjdk/jre/lib/rt.jar
7f7084753000-7f70849ec000 rw-p 00000000 00:00 0 
7f70849ec000-7f70849ed000 ---p 00000000 00:00 0 
7f70849ed000-7f7084aed000 rw-p 00000000 00:00 0                          [stack:1814]
7f7084aed000-7f7084aee000 ---p 00000000 00:00 0 
7f7084aee000-7f7084bf9000 rw-p 00000000 00:00 0                          [stack:1813]
7f7084bf9000-7f7084c41000 rw-p 00000000 00:00 0 
7f7084c41000-7f7084c4b000 rw-p 00000000 00:00 0 
7f7084c4b000-7f7084d1f000 rw-p 00000000 00:00 0 
7f7084d1f000-7f7084d2a000 rw-p 00000000 00:00 0 
7f7084d2a000-7f7084d72000 rw-p 00000000 00:00 0 
7f7084d72000-7f7084d7c000 rw-p 00000000 00:00 0 
7f7084d7c000-7f7084e50000 rw-p 00000000 00:00 0 
7f7084e50000-7f7084e61000 rw-p 00000000 00:00 0 
7f7084e61000-7f7084ebf000 rw-p 00000000 00:00 0 
7f7084ebf000-7f7084ec0000 rw-p 00000000 00:00 0 
7f7084ec0000-7f7084ec8000 r-xp 00000000 08:01 173437                     /usr/lib/jvm/java-7-openjdk/jre/lib/amd64/libzip.so
7f7084ec8000-7f70850c7000 ---p 00008000 08:01 173437                     /usr/lib/jvm/java-7-openjdk/jre/lib/amd64/libzip.so
7f70850c7000-7f70850c8000 rw-p 00007000 08:01 173437                     /usr/lib/jvm/java-7-openjdk/jre/lib/amd64/libzip.so
7f70850c8000-7f70850d3000 r-xp 00000000 08:01 525393                     /usr/lib/libnss_files-2.21.so
7f70850d3000-7f70852d3000 ---p 0000b000 08:01 525393                     /usr/lib/libnss_files-2.21.so
7f70852d3000-7f70852d4000 r--p 0000b000 08:01 525393                     /usr/lib/libnss_files-2.21.so
7f70852d4000-7f70852d5000 rw-p 0000c000 08:01 525393                     /usr/lib/libnss_files-2.21.so
7f70852d5000-7f7085301000 r-xp 00000000 08:01 173436                     /usr/lib/jvm/java-7-openjdk/jre/lib/amd64/libjava.so
7f7085301000-7f7085500000 ---p 0002c000 08:01 173436                     /usr/lib/jvm/java-7-openjdk/jre/lib/amd64/libjava.so
7f7085500000-7f7085502000 rw-p 0002b000 08:01 173436                     /usr/lib/jvm/java-7-openjdk/jre/lib/amd64/libjava.so
7f7085502000-7f708550f000 r-xp 00000000 08:01 173435                     /usr/lib/jvm/java-7-openjdk/jre/lib/amd64/libverify.so
7f708550f000-7f708570e000 ---p 0000d000 08:01 173435                     /usr/lib/jvm/java-7-openjdk/jre/lib/amd64/libverify.so
7f708570e000-7f7085710000 rw-p 0000c000 08:01 173435                     /usr/lib/jvm/java-7-openjdk/jre/lib/amd64/libverify.so
7f7085710000-7f7085717000 r-xp 00000000 08:01 525430                     /usr/lib/librt-2.21.so
7f7085717000-7f7085916000 ---p 00007000 08:01 525430                     /usr/lib/librt-2.21.so
7f7085916000-7f7085917000 r--p 00006000 08:01 525430                     /usr/lib/librt-2.21.so
7f7085917000-7f7085918000 rw-p 00007000 08:01 525430                     /usr/lib/librt-2.21.so
7f7085918000-7f708592e000 r-xp 00000000 08:01 525764                     /usr/lib/libgcc_s.so.1
7f708592e000-7f7085b2d000 ---p 00016000 08:01 525764                     /usr/lib/libgcc_s.so.1
7f7085b2d000-7f7085b2e000 rw-p 00015000 08:01 525764                     /usr/lib/libgcc_s.so.1
7f7085b2e000-7f7085c31000 r-xp 00000000 08:01 525465                     /usr/lib/libm-2.21.so
7f7085c31000-7f7085e30000 ---p 00103000 08:01 525465                     /usr/lib/libm-2.21.so
7f7085e30000-7f7085e31000 r--p 00102000 08:01 525465                     /usr/lib/libm-2.21.so
7f7085e31000-7f7085e32000 rw-p 00103000 08:01 525465                     /usr/lib/libm-2.21.so
7f7085e32000-7f7085fa4000 r-xp 00000000 08:01 525771                     /usr/lib/libstdc++.so.6.0.21
7f7085fa4000-7f70861a4000 ---p 00172000 08:01 525771                     /usr/lib/libstdc++.so.6.0.21
7f70861a4000-7f70861ae000 r--p 00172000 08:01 525771                     /usr/lib/libstdc++.so.6.0.21
7f70861ae000-7f70861b0000 rw-p 0017c000 08:01 525771                     /usr/lib/libstdc++.so.6.0.21
7f70861b0000-7f70861b4000 rw-p 00000000 00:00 0 
7f70861b4000-7f7086d09000 r-xp 00000000 08:01 173469                     /usr/lib/jvm/java-7-openjdk/jre/lib/amd64/server/libjvm.so
7f7086d09000-7f7086f09000 ---p 00b55000 08:01 173469                     /usr/lib/jvm/java-7-openjdk/jre/lib/amd64/server/libjvm.so
7f7086f09000-7f7086fcb000 rw-p 00b55000 08:01 173469                     /usr/lib/jvm/java-7-openjdk/jre/lib/amd64/server/libjvm.so
7f7086fcb000-7f7086ff7000 rw-p 00000000 00:00 0 
7f7086ff7000-7f708700c000 r-xp 00000000 08:01 528487                     /usr/lib/libz.so.1.2.8
7f708700c000-7f708720b000 ---p 00015000 08:01 528487                     /usr/lib/libz.so.1.2.8
7f708720b000-7f708720c000 r--p 00014000 08:01 528487                     /usr/lib/libz.so.1.2.8
7f708720c000-7f708720d000 rw-p 00015000 08:01 528487                     /usr/lib/libz.so.1.2.8
7f708720d000-7f70873a6000 r-xp 00000000 08:01 525406                     /usr/lib/libc-2.21.so
7f70873a6000-7f70875a5000 ---p 00199000 08:01 525406                     /usr/lib/libc-2.21.so
7f70875a5000-7f70875a9000 r--p 00198000 08:01 525406                     /usr/lib/libc-2.21.so
7f70875a9000-7f70875ab000 rw-p 0019c000 08:01 525406                     /usr/lib/libc-2.21.so
7f70875ab000-7f70875af000 rw-p 00000000 00:00 0 
7f70875af000-7f70875b2000 r-xp 00000000 08:01 525440                     /usr/lib/libdl-2.21.so
7f70875b2000-7f70877b1000 ---p 00003000 08:01 525440                     /usr/lib/libdl-2.21.so
7f70877b1000-7f70877b2000 r--p 00002000 08:01 525440                     /usr/lib/libdl-2.21.so
7f70877b2000-7f70877b3000 rw-p 00003000 08:01 525440                     /usr/lib/libdl-2.21.so
7f70877b3000-7f70877c0000 r-xp 00000000 08:01 173465                     /usr/lib/jvm/java-7-openjdk/jre/lib/amd64/jli/libjli.so
7f70877c0000-7f70879bf000 ---p 0000d000 08:01 173465                     /usr/lib/jvm/java-7-openjdk/jre/lib/amd64/jli/libjli.so
7f70879bf000-7f70879c0000 rw-p 0000c000 08:01 173465                     /usr/lib/jvm/java-7-openjdk/jre/lib/amd64/jli/libjli.so
7f70879c0000-7f70879d8000 r-xp 00000000 08:01 525429                     /usr/lib/libpthread-2.21.so
7f70879d8000-7f7087bd7000 ---p 00018000 08:01 525429                     /usr/lib/libpthread-2.21.so
7f7087bd7000-7f7087bd8000 r--p 00017000 08:01 525429                     /usr/lib/libpthread-2.21.so
7f7087bd8000-7f7087bd9000 rw-p 00018000 08:01 525429                     /usr/lib/libpthread-2.21.so
7f7087bd9000-7f7087bdd000 rw-p 00000000 00:00 0 
7f7087bdd000-7f7087bff000 r-xp 00000000 08:01 525460                     /usr/lib/ld-2.21.so
7f7087bff000-7f7087c00000 rw-p 00000000 00:00 0 
7f7087c00000-7f7087c01000 r--p 00000000 08:01 525356                     /usr/share/locale/en_GB/LC_MESSAGES/libc.mo
7f7087c01000-7f7087c02000 r--s 00033000 08:01 414426                     /home/cookiedragon/Programming/workspace/Computergrafik/Computergrafik/lib/jogl-all-natives-linux-amd64.jar
7f7087c02000-7f7087c04000 r--s 00000000 08:01 410706                     /home/cookiedragon/Programming/workspace/Computergrafik/Computergrafik/lib/gluegen-rt-natives-linux-amd64.jar
7f7087c04000-7f7087c07000 r--s 00011000 08:01 414135                     /home/cookiedragon/Programming/workspace/Computergrafik/Computergrafik/lib/javax.json-1.0.2.jar
7f7087c07000-7f7087c0a000 r--s 0000e000 08:01 407505                     /home/cookiedragon/Programming/workspace/Computergrafik/Computergrafik/lib/commons-io-1.2.jar
7f7087c0a000-7f7087c0b000 r--s 00008000 08:01 406052                     /home/cookiedragon/Programming/workspace/Computergrafik/Computergrafik/lib/commons-cli-1.1.jar
7f7087c0b000-7f7087c15000 r--s 00203000 08:01 172965                     /usr/lib/jvm/java-7-openjdk/jre/lib/charsets.jar
7f7087c15000-7f7087c1f000 rw-p 00000000 00:00 0 
7f7087c1f000-7f7087cd5000 rw-p 00000000 00:00 0 
7f7087cd5000-7f7087cd8000 ---p 00000000 00:00 0 
7f7087cd8000-7f7087dda000 rw-p 00000000 00:00 0                          [stack:1812]
7f7087dda000-7f7087ddc000 r--s 0000c000 08:01 576523                     /usr/share/eclipse/plugins/org.hamcrest.core_1.3.0.v201303031735.jar
7f7087ddc000-7f7087de2000 r--s 00036000 08:01 576899                     /usr/share/eclipse/plugins/org.junit_4.11.0.v201303080030/junit.jar
7f7087de2000-7f7087df3000 rw-p 00000000 00:00 0 
7f7087df3000-7f7087dfb000 rw-s 00000000 00:20 23722                      /tmp/hsperfdata_cookiedragon/1806
7f7087dfb000-7f7087dfc000 rw-p 00000000 00:00 0 
7f7087dfc000-7f7087dfd000 ---p 00000000 00:00 0 
7f7087dfd000-7f7087dfe000 rw-p 00000000 00:00 0 
7f7087dfe000-7f7087dff000 r--p 00021000 08:01 525460                     /usr/lib/ld-2.21.so
7f7087dff000-7f7087e00000 rw-p 00022000 08:01 525460                     /usr/lib/ld-2.21.so
7f7087e00000-7f7087e01000 rw-p 00000000 00:00 0 
7ffcedaf7000-7ffcedb18000 rw-p 00000000 00:00 0                          [stack]
7ffcedb95000-7ffcedb97000 r--p 00000000 00:00 0                          [vvar]
7ffcedb97000-7ffcedb99000 r-xp 00000000 00:00 0                          [vdso]
ffffffffff600000-ffffffffff601000 r-xp 00000000 00:00 0                  [vsyscall]

VM Arguments:
jvm_args: -Dfile.encoding=UTF-8 
java_command: aufgabe6und7.Aufgabe6
Launcher Type: SUN_STANDARD

Environment Variables:
PATH=/usr/local/sbin:/usr/local/bin:/usr/bin:/usr/lib/jvm/default/bin:/usr/bin/site_perl:/usr/bin/vendor_perl:/usr/bin/core_perl
USERNAME=cookiedragon
SHELL=/bin/bash
DISPLAY=:0

Signal Handlers:
SIGSEGV: [libjvm.so+0x989390], sa_mask[0]=0x7ffbfeff, sa_flags=0x10000004
SIGBUS: [libjvm.so+0x989390], sa_mask[0]=0x7ffbfeff, sa_flags=0x10000004
SIGFPE: [libjvm.so+0x7f74d0], sa_mask[0]=0x7ffbfeff, sa_flags=0x10000004
SIGPIPE: [libjvm.so+0x7f74d0], sa_mask[0]=0x7ffbfeff, sa_flags=0x10000004
SIGXFSZ: [libjvm.so+0x7f74d0], sa_mask[0]=0x7ffbfeff, sa_flags=0x10000004
SIGILL: [libjvm.so+0x7f74d0], sa_mask[0]=0x7ffbfeff, sa_flags=0x10000004
SIGUSR1: SIG_DFL, sa_mask[0]=0x00000000, sa_flags=0x00000000
SIGUSR2: [libjvm.so+0x7f7350], sa_mask[0]=0x00000004, sa_flags=0x10000004
SIGHUP: [libjvm.so+0x7f7550], sa_mask[0]=0x7ffbfeff, sa_flags=0x10000004
SIGINT: [libjvm.so+0x7f7550], sa_mask[0]=0x7ffbfeff, sa_flags=0x10000004
SIGTERM: [libjvm.so+0x7f7550], sa_mask[0]=0x7ffbfeff, sa_flags=0x10000004
SIGQUIT: [libjvm.so+0x7f7550], sa_mask[0]=0x7ffbfeff, sa_flags=0x10000004
SIGTRAP: SIG_DFL, sa_mask[0]=0x00000000, sa_flags=0x00000000


---------------  S Y S T E M  ---------------

OS:Linux
uname:Linux 4.0.5-1-ARCH #1 SMP PREEMPT Sat Jun 6 18:37:49 CEST 2015 x86_64
libc:glibc 2.21 NPTL 2.21 
rlimit: STACK 8192k, CORE 0k, NPROC 7495, NOFILE 4096, AS infinity
load average:0,45 0,17 0,15

/proc/meminfo:
MemTotal:        1924808 kB
MemFree:           97664 kB
MemAvailable:      34620 kB
Buffers:             304 kB
Cached:           263584 kB
SwapCached:            0 kB
Active:          1470140 kB
Inactive:         233260 kB
Active(anon):    1456864 kB
Inactive(anon):   222552 kB
Active(file):      13276 kB
Inactive(file):    10708 kB
Unevictable:       15544 kB
Mlocked:           15544 kB
SwapTotal:             0 kB
SwapFree:              0 kB
Dirty:                80 kB
Writeback:             0 kB
AnonPages:       1455208 kB
Mapped:            60424 kB
Shmem:            233528 kB
Slab:              37176 kB
SReclaimable:      18872 kB
SUnreclaim:        18304 kB
KernelStack:        6816 kB
PageTables:        20904 kB
NFS_Unstable:          0 kB
Bounce:                0 kB
WritebackTmp:          0 kB
CommitLimit:      962404 kB
Committed_AS:    3883176 kB
VmallocTotal:   34359738367 kB
VmallocUsed:      364008 kB
VmallocChunk:   34359367632 kB
HardwareCorrupted:     0 kB
AnonHugePages:    655360 kB
HugePages_Total:       0
HugePages_Free:        0
HugePages_Rsvd:        0
HugePages_Surp:        0
Hugepagesize:       2048 kB
DirectMap4k:       72168 kB
DirectMap2M:     1964032 kB
DirectMap1G:           0 kB


CPU:total 2 (2 cores per cpu, 1 threads per core) family 6 model 69 stepping 1, cmov, cx8, fxsr, mmx, sse, sse2, sse3, ssse3, sse4.1, sse4.2, popcnt, erms, tsc, tscinvbit

/proc/cpuinfo:
processor	: 0
vendor_id	: GenuineIntel
cpu family	: 6
model		: 69
model name	: Intel(R) Celeron(R) 2955U @ 1.40GHz
stepping	: 1
microcode	: 0x1c
cpu MHz		: 1399.945
cache size	: 2048 KB
physical id	: 0
siblings	: 2
core id		: 0
cpu cores	: 2
apicid		: 0
initial apicid	: 0
fpu		: yes
fpu_exception	: yes
cpuid level	: 13
wp		: yes
flags		: fpu vme de pse tsc msr pae mce cx8 apic sep mtrr pge mca cmov pat pse36 clflush dts acpi mmx fxsr sse sse2 ss ht tm pbe syscall nx pdpe1gb rdtscp lm constant_tsc arch_perfmon pebs bts rep_good nopl xtopology nonstop_tsc aperfmperf eagerfpu pni pclmulqdq dtes64 monitor ds_cpl vmx est tm2 ssse3 cx16 xtpr pdcm pcid sse4_1 sse4_2 movbe popcnt tsc_deadline_timer xsave rdrand lahf_lm abm arat epb pln pts dtherm tpr_shadow vnmi flexpriority ept vpid fsgsbase tsc_adjust erms invpcid xsaveopt
bugs		:
bogomips	: 2794.95
clflush size	: 64
cache_alignment	: 64
address sizes	: 39 bits physical, 48 bits virtual
power management:

processor	: 1
vendor_id	: GenuineIntel
cpu family	: 6
model		: 69
model name	: Intel(R) Celeron(R) 2955U @ 1.40GHz
stepping	: 1
microcode	: 0x1c
cpu MHz		: 1400.000
cache size	: 2048 KB
physical id	: 0
siblings	: 2
core id		: 1
cpu cores	: 2
apicid		: 2
initial apicid	: 2
fpu		: yes
fpu_exception	: yes
cpuid level	: 13
wp		: yes
flags		: fpu vme de pse tsc msr pae mce cx8 apic sep mtrr pge mca cmov pat pse36 clflush dts acpi mmx fxsr sse sse2 ss ht tm pbe syscall nx pdpe1gb rdtscp lm constant_tsc arch_perfmon pebs bts rep_good nopl xtopology nonstop_tsc aperfmperf eagerfpu pni pclmulqdq dtes64 monitor ds_cpl vmx est tm2 ssse3 cx16 xtpr pdcm pcid sse4_1 sse4_2 movbe popcnt tsc_deadline_timer xsave rdrand lahf_lm abm arat epb pln pts dtherm tpr_shadow vnmi flexpriority ept vpid fsgsbase tsc_adjust erms invpcid xsaveopt
bugs		:
bogomips	: 2794.95
clflush size	: 64
cache_alignment	: 64
address sizes	: 39 bits physical, 48 bits virtual
power management:



Memory: 4k page, physical 1924808k(97540k free), swap 0k(0k free)

vm_info: OpenJDK 64-Bit Server VM (24.79-b02) for linux-amd64 JRE (1.7.0_79-b14), built on Apr 15 2015 12:42:59 by "builduser" with gcc 4.9.2 20150304 (prerelease)

time: Wed Jun 17 08:53:18 2015
elapsed time: 1 seconds

